TN:
SF:fedifetcher\__init__.py
DA:1,1,E4vNwV26udSs4C8+0OKyxA
DA:12,1,MI3xeGTw1Vlo3ex9rW1auA
DA:17,1,HMubAYaFLiuYNdaUTGWa/w
DA:18,1,Zi6PPhdUQ3t6s4RlwE3bRw
DA:19,1,uhdWOvsGZeqFLFiInLQEmQ
DA:20,1,JgTp22/tNejaDB1t0qUaUg
DA:21,1,ffHQ6kJGG6IjPp2dgd4STg
DA:22,1,Vgy/j0OhWnLSrUlZ4KU+uQ
DA:23,1,Wt/R2iHGBGe58PvlfJAf1g
DA:25,1,wtxjrmBNVp/dyLfWQ3ixWw
LF:9
LH:9
end_of_record
TN:
SF:fedifetcher\api\__init__.py
DA:1,1,ucNS134G+oHn19wS3+1JGw
DA:3,1,6y1dM/7yL6sN82+Pnk7ufQ
DA:4,1,sGHMNhpjQXmI8jqlR7xyWQ
DA:5,1,17FtLN7Fy8imM3Jn9dwYmg
DA:6,1,6uFpK9uXpegYy6KdrrUT8Q
DA:8,1,1B2M2Y8AsgTpgAmY7PhCfg
DA:7,0,RPfBgPZhjmee8573oKtzJg
DA:9,0,wtxjrmBNVp/dyLfWQ3ixWw
LF:6
LH:4
end_of_record
TN:
SF:fedifetcher\api\firefish\__init__.py
DA:1,1,iiXYd/KMzu+1Fcyopdyd+g
DA:11,1,XmUFEkqpItv/gDOKYNurCw
DA:12,1,/Eq5qne/OkvfTUa15psoUg
DA:14,1,wtxjrmBNVp/dyLfWQ3ixWw
LF:3
LH:3
end_of_record
TN:
SF:fedifetcher\api\firefish\api_firefish.py
DA:1,1,aLHF8r6bSloDFRkxX3mTBw
DA:2,1,y0EdtUA1m2c0Z1f8RoGcRQ
DA:3,1,EZEzNmL93PY96zsSuI0PfQ
DA:4,1,sUauK8Xh7WvnrrjtJYzeeQ
DA:5,1,pi7SzBnll5Yw8n9u6bHj2Q
DA:6,1,Ke1ZD01WcK58x2TienKJaA
DA:8,1,x2rU71IPijCTcnXLQBWEjw
DA:10,1,bVX6F+17njKx8eo6xUX05w
DA:11,1,nTQ4EQ1KBaqOH5+lwuxHXw
DA:12,1,0kje/gYCHfvS/Y7iEfKs0w
DA:13,1,D+l6YWsHWuGi25qlImrd5A
DA:14,1,Rm4El41ZkxMhRv5izdJU3g
DA:17,1,1B2M2Y8AsgTpgAmY7PhCfg
DA:18,1,HkoTKIbRFIWjBN7XoIXpig
DA:20,1,1B2M2Y8AsgTpgAmY7PhCfg
DA:21,1,hTE1rgDMrPr3J1EpZDoxSA
DA:25,1,z+vYtAUAY4+UAr+DL8xkNw
DA:26,1,Dp+OqmwMeiPWgLUguGaMIw
DA:27,1,NIOJ+5lyxYaTwJl7C824xg
DA:29,1,1B2M2Y8AsgTpgAmY7PhCfg
DA:30,1,AAHKSGED0MeuFVwHNIsbxQ
DA:33,1,ujHqVvTRXRZuKBBFqy1OsQ
DA:34,1,xjcDBnSwra0OiNOAYAwoHA
DA:35,1,BLx+FmvGH2RlbRoAP1nuXA
DA:45,1,1B2M2Y8AsgTpgAmY7PhCfg
DA:46,1,gYKpzwT/YEbdguFox3rrlg
DA:48,1,KlcxslB0EJW8hA9fsgnfVg
DA:49,1,AIksWlLsYA8w/3gOjq9G2A
DA:50,1,fGC6ofdfv46j2hQnHNhRTw
DA:51,1,e3ikH9h+EYIci4k0Eum0yQ
DA:52,1,GDs6RfutuKr88FmeG2ax0A
DA:53,1,z1FY6hyPBCbZwMZY9KnRLg
DA:54,1,ZJMQKZgDAlye4jp61Yq0Pg
DA:55,1,Sl7CegX2CveFT4pHpVwD8g
DA:59,1,78Hbj6SM5UIaaJytjmYfvA
DA:60,1,Sl7CegX2CveFT4pHpVwD8g
DA:64,1,oL/4o4g/4ob2E5nXenm86w
DA:65,1,Sl7CegX2CveFT4pHpVwD8g
DA:69,1,w18mCoAixiSJCJzRLQvB1Q
DA:70,1,Sl7CegX2CveFT4pHpVwD8g
DA:74,1,dJFaXiSMspie5FRQRvgb/w
DA:75,1,Sl7CegX2CveFT4pHpVwD8g
DA:79,1,Kfsq9A5CdwanjkV6f4glzw
DA:80,1,VdJ5KSGdN1AmU/IO2DW8vg
DA:84,1,qVjExF2Da/89CUVs02KVnA
DA:85,1,Sl7CegX2CveFT4pHpVwD8g
DA:90,1,1B2M2Y8AsgTpgAmY7PhCfg
DA:92,1,hdwKzfTzVsoTsfqx64HJLQ
DA:102,1,oloHx0m3+2RTtonIXyYxmw
DA:103,1,88zzr5ce2l4YYFC2R6yNFQ
DA:104,1,/1ZRIl9Pnt/R+ZVToqQYQw
DA:105,1,yqOtQQPbvp40bie+Txi86A
DA:106,1,iNKkeG2uwWAOPbddmRxZkQ
DA:108,1,1B2M2Y8AsgTpgAmY7PhCfg
DA:109,1,l51z3gfeYnXA5TKYSN4gQg
DA:110,1,UI9/wqEyGNWw+sVZU0Wieg
DA:111,1,z1FY6hyPBCbZwMZY9KnRLg
DA:112,1,Mtyr5BTkxLTBo0sJY0w7vg
DA:114,1,1B2M2Y8AsgTpgAmY7PhCfg
DA:116,1,Fi7RLqzApMI7zTArwsdNvg
DA:127,1,EGSnAfJ+y3vMKUiLrBEFkA
DA:128,1,V+N7x7hTO/51CX0Jh+R6FQ
DA:129,1,HttWmpjx9iH4CZ+9DoeHcw
DA:130,1,I5iXidt5fgW0d6N/9dmL5g
DA:131,1,hIa4lNKgROb0HYsqoAVEUQ
DA:132,1,35HA3rjN/B5O5ilG0zSXLA
DA:136,1,1B2M2Y8AsgTpgAmY7PhCfg
DA:138,1,nNuqH3cbnCe7ciC9AF0k6w
DA:148,1,aiFXylITMpJje7A9dmE4Fw
DA:149,1,V+N7x7hTO/51CX0Jh+R6FQ
DA:150,1,gb+IToczluqrl/t3hDvMbA
DA:152,1,1B2M2Y8AsgTpgAmY7PhCfg
DA:153,1,iK60fNM2nXpvHDcrdu6qHQ
DA:155,1,1B2M2Y8AsgTpgAmY7PhCfg
DA:156,1,I/X25m+MaUg8wrSxYJXYZQ
DA:157,1,2m32AC+W7Zc9KMDa0OWlew
DA:159,1,z+vYtAUAY4+UAr+DL8xkNw
DA:160,1,+AXYHiHgSAsPCVrqO+khtA
DA:161,1,bqPzZ06jhFK1dzz3w0NUog
DA:162,1,L96pcxrJLPbJv5MQIxW9SQ
DA:163,1,fSgAoDzVtlz9SqAVWaIfuA
DA:165,1,xq93luLwLQI/N2IoTyZtpw
DA:166,1,Z4XZnYHKPrSQi1H2dgjjIw
DA:167,1,wCX8YfaarZ/3GROSUgXujQ
DA:168,1,90Q1WIj/uxwtePu7xe4r5g
DA:170,1,1B2M2Y8AsgTpgAmY7PhCfg
DA:171,1,9hwOohZvE3EKTjYEU/bYBg
DA:176,1,1B2M2Y8AsgTpgAmY7PhCfg
DA:177,1,Z7AtSSQ7FCnCGVLPraWLjg
DA:183,1,1B2M2Y8AsgTpgAmY7PhCfg
DA:184,1,6JdSMFHcbQk9+h5yqb59Og
DA:189,1,pBbi/QI+pyqe78FAOJUdMQ
DA:201,1,44kgpEfTnufzieeeqpuFBQ
DA:202,1,khr4jjSbKCmUSDSkn9542w
DA:203,1,Czt1tw8x/ym/XaWP2S5cBA
DA:204,1,tYHN/zxSRnylSz2VykxP3Q
DA:210,1,sPn6ZtwAWbbpsVnnqLn1OA
DA:211,1,x0CUdBo2XFLjHrESbCyzmA
DA:212,1,mgpXWLCDbG/4Yh/SyqX5HA
DA:213,1,bDrAEVS4PotG046kEzFUNQ
DA:214,1,1n960V6dOhj8SWPHtFMG7Q
DA:215,1,hlnPJpNeWyOeC6MnRW3olQ
DA:216,1,k7bZqTHpjrVAqjiYM+0URg
DA:220,1,JT+q9M8a01xtrR43RL8bBQ
DA:222,1,1B2M2Y8AsgTpgAmY7PhCfg
DA:223,1,VK5gI0etmdRK4Bjxn/OlTA
DA:227,1,qZxEK0tS/E41UkxfTCHWRg
DA:243,1,Dwjd91USmMoWKfkSCVg/jg
DA:244,1,RA8140pAQB3oxK3V2GB4pg
DA:245,1,o8ApIVKCV2EV6g3DmqLIxQ
DA:246,1,xJkbl8AwnBgzMKLf2c98Jw
DA:247,1,dm0tNXAv/i+XGj1DE6xiDg
DA:248,1,SmwC0oF0xIaSX9uGYhZzjA
DA:249,1,GwtX5r+FMTJ6X36Rb5fu5A
DA:250,1,uPEdyqPqLibq0yNtISnkzw
DA:251,1,gdblEEJD+Zvu4NWHLmkaBw
DA:260,1,Sl7CegX2CveFT4pHpVwD8g
DA:263,1,/PD+6arAyHv31jgefxjd6g
DA:264,1,Qxcn2Gd6IH3QsMxlsrRgFg
DA:266,1,1B2M2Y8AsgTpgAmY7PhCfg
DA:267,1,hRQzh5e6oV+E7+s0OhFHQg
DA:271,1,eeC5WBtOX7qb/ZSC6ZiG2g
DA:286,1,/epQTfp1jOvjGFsvUkRYHA
DA:287,1,wxFv6rbdChkvjcZvwWdmcA
DA:288,1,zugkBFqDZ7VViDjwdvibSg
DA:290,1,pDY8RXHifrKbZN8QenZZeA
DA:291,1,gFJNHd9pjwcMDlqfzxYLEg
DA:292,1,XulNQxlhtIoQloGTHu7DSg
DA:293,1,ceDoWrDcpqjiPl68Ds8Qkg
DA:294,1,G/9Jd/T48iEr/mQ5lDA3HA
DA:295,1,8tAHNK5mE+W2H8DjKYqwCg
DA:296,1,Pw+w0MMOerVUNo4HqNjjqQ
DA:297,1,EnBBf7CRvGy1YujPjXbBSw
DA:298,1,8b9AHviIhbD4DSgrsW9+Vg
DA:302,1,bQ9jj3BWfkB+N2YkPSB2sw
DA:304,1,2x3SuUJbls9BLzkabIULcQ
DA:322,1,S3cF/pF4BON4M7K+uB3WFQ
DA:324,1,1B2M2Y8AsgTpgAmY7PhCfg
DA:325,1,IexTl3QWivBOhjaZHie8gw
DA:330,1,2kT17u5yZ53/q2/jTJYPLA
DA:334,1,t4l2tI0tlBakJcwEL/SpvQ
DA:336,1,4/6hBZG7njEh/0TiQ/tfHg
DA:337,1,Nbc84V1Eh7Rb1tz/Bxq+UQ
DA:338,1,lWBV0nNGbbwGmQTw8Riq6w
DA:340,1,ivwP6tYIdXd68LzUfqsnkw
DA:341,1,SEkYr6QZYyPj82QRdJgfgA
DA:342,1,7PnyeIbECxsDoMUYhFwOxA
DA:343,1,zurb0kxrmrG9DDddreRnug
DA:345,1,bc2Vw7machgI/cDMnpXluw
DA:346,1,gJGTG71mLgYjQPHtvN0tBw
DA:351,1,vg6cd36cy08KpTy5xmmyBA
DA:352,1,lm/Ej/UZy2pmcfI7toySXA
DA:15,0,25JmQhfpJE3/1TMKqa64Zg
DA:28,0,TjROuMUmV4/19xORSPjPrw
DA:40,0,yZqDniMMuo5e9WTFZHAl6Q
DA:41,0,DKAUyZyiu845o9VORYZbTQ
DA:42,0,VdJ5KSGdN1AmU/IO2DW8vg
DA:44,0,kycMaH6XbPuAfUpgfG1Lbg
DA:89,0,W/g8GJDAYJkSSurt59Mzfw
DA:91,0,EtRBPkZmwV7EkCGQqniaRQ
DA:107,0,2+5kXUuDH/T4zEE98EBb4g
DA:113,0,W/g8GJDAYJkSSurt59Mzfw
DA:115,0,d7NAlQKA7gOQ9k4yLPH3Gg
DA:134,0,W/g8GJDAYJkSSurt59Mzfw
DA:137,0,LmiiMb0AFlSuRK+KVlANug
DA:151,0,W/g8GJDAYJkSSurt59Mzfw
DA:169,0,3A9LdVO6r2Za695tInT0lQ
DA:182,0,RslMb1gE24a3kMyPO2txRQ
DA:205,0,KGwu5DbDkL+8vSJPwSrTDw
DA:206,0,tZ1jUpLxWhcE9rJIcZ3KsQ
DA:207,0,LFtRquzlgfq3PJovYweVeA
DA:208,0,dhg3ScPYh6sS/7vJLUPgxQ
DA:209,0,wSZ/Ncd3t/nOzRLV6K4Y4w
DA:217,0,JT+q9M8a01xtrR43RL8bBQ
DA:218,0,Z1IhXzk6if3gKITBpFrmNg
DA:221,0,kycMaH6XbPuAfUpgfG1Lbg
DA:241,0,wuU7D4KUUw3mkZHhyfjh5w
DA:242,0,DYe1P1Rd+jjKeHDgCHlKmg
DA:252,0,UI9/wqEyGNWw+sVZU0Wieg
DA:253,0,UIrTZ2jtCYEIO4p83CKMUA
DA:254,0,AvKgVvj/wDEpCWpgyxehAw
DA:255,0,K1TkH/4m9z4VPW+R8NT1sQ
DA:256,0,F5pKSn8OqgdfoQY8DNd7Tg
DA:257,0,ZyVROLruW35amXafwnmeZA
DA:258,0,3YbklCEVYoxp0LVwSnyDyg
DA:259,0,NRaGyfL4v/s9SpDaLQFBfg
DA:265,0,apkQQtiiE4JOuDIBvLOUjQ
DA:285,0,xR++1tLVvCQ1X/X9r7LESw
DA:299,0,eqbXBPv2ES+sqKXPKY+Ruw
DA:300,0,Lr6/c4boqVRKNBT1WQaW9A
DA:301,0,Z4XZnYHKPrSQi1H2dgjjIw
DA:305,0,wPJQFI3Bo/aX8y+ZevsSOw
DA:306,0,a2PqFwSDfUV5m86fRwuv4A
DA:307,0,i8UtfDC6R6ON4wS9tzgLNg
DA:308,0,WwhBbIuwQDBUspCBtBCKWA
DA:309,0,khEubzkv6Nhz70Pcd+rrMQ
DA:310,0,1OwtZWtxMjFAgYr7JatuSg
DA:311,0,LhyjzvGMWGV0Y2eWt2aN7A
DA:312,0,8b9AHviIhbD4DSgrsW9+Vg
DA:313,0,uwqq0zLcZfs/DKQQw2s1iA
DA:315,0,eqbXBPv2ES+sqKXPKY+Ruw
DA:316,0,09eElGS7zu8QJw1cszkplQ
DA:319,0,9T7SGFNm0cbt95OKrXncMA
DA:320,0,7LqqpM+c74rzrDs1HS+OTQ
DA:321,0,uQa8w5vFlJ10G9U5EagFZQ
DA:323,0,h8v58CjcqhG/CCBFWdi4Qg
DA:331,0,wuU7D4KUUw3mkZHhyfjh5w
DA:332,0,DYe1P1Rd+jjKeHDgCHlKmg
DA:333,0,OIAvCMSD+70detM1HMKKPQ
DA:335,0,RNpISE7ueGhqvJNhh/H3Aw
DA:339,0,ve/6DLF89DaE65hW5Ywi1Q
DA:347,0,bPJZ8H04vE8zvkzKN6nSfQ
DA:348,0,+lrXi6G9BprsMwLcho97MA
DA:353,0,10JUNym+3lqk9WVPiaqQiQ
DA:355,0,tFmTo3GN7D476fTmu2ha9g
DA:358,0,ATtBUC4eYrvu56Z4GalHrw
DA:360,0,+QtiGVnedZ8VTL+9cC4NtQ
DA:362,0,M/Gtsb83S8q+MyUf7tLvHg
DA:364,0,ScJ+iN3uJIonM2tp/9c5Kg
DA:367,0,Ymhr8uYpsZUjoPEU+bxogw
DA:369,0,kIgx4Wi+djqKM3fe4ijqIA
DA:373,0,HlOsp2Dax7JuuQTQ7Nyotg
LF:189
LH:119
end_of_record
TN:
SF:fedifetcher\api\firefish\api_firefish_types.py
DA:1,1,wbaJfWyYuc2l3M0frSpHew
DA:2,1,8d2CrmlOB2GQqBsCmpM3Nw
DA:5,1,Oz1uwbOiSFJRBddJ30NV4w
DA:6,1,e4yrKYY5C9Mt32Xcs85B5Q
DA:8,1,4LgMgWBGno1n5MNJ8WRFsQ
DA:64,1,9Lu8/s2C1bNZJK4MvThtsw
DA:65,1,BK+foMhfUltpwhLaXPLX4g
DA:66,1,dtqlV9mtrgmwcabvHVUC7w
DA:67,1,VNbouRgKnrSjB5kxf3Ahxw
DA:68,1,Mco7wyhg2MFGtuvoI7VBsw
DA:69,1,ous8rlfytn2u9i5IW7Cptw
DA:70,1,yRcu6LRDG5MvHjkNABsjUw
DA:71,1,GPx8w4unqTNAvLk0140eWw
DA:72,1,5B5vA7kx7JgwdG3KtodJqA
DA:73,1,8LdLTqVM49E1ygNFOTw/fQ
DA:74,1,h43607P/vvnz2KrBQFM/Og
DA:75,1,tL7l1WCPAAdN6eUhTK1oMA
DA:76,1,g6Wv+7lrlo33Z+c+qVUQ0g
DA:77,1,Ub35TotrjEF2l0Y7ZQPd8w
DA:78,1,1p7DgiNhggWK/9NysowgUQ
DA:79,1,sykskcMxpTYCesm1wf+T3Q
DA:80,1,oF8p/CQTOL3vmrHJE/NL7Q
DA:81,1,9xcFN1gWsNrAJY71kiWg6Q
DA:82,1,IK6FAPrSscqyjUb/3xlgYQ
DA:83,1,d4au5VnxPwX3QmHJ8dQXlw
DA:84,1,CT/ZxCm3Odp2Eugns7dWuw
DA:85,1,o7GMmF97IxzePcA5GAgeQg
DA:86,1,1CT8oGne1E8RiOFIWyIMyg
DA:87,1,oxVPkgq3YFJHTGPTbfgjnw
DA:88,1,eVI9t16IJ+Eg9yUz6Y0yjw
DA:89,1,d9B1Ec2AHsy5HgjqzYGZIQ
DA:90,1,FTMS+Kqom1GuuAe5+W7KBQ
DA:91,1,kfpELUG4/noaPLXw0bUvAg
DA:92,1,+i3Gc2XFTw76m3OYNJoZGw
DA:93,1,Br1Nazk48TW2Ly6jLnsniQ
DA:94,1,QYgySgdDbDFQxRG0Ki856w
DA:95,1,fTKVFUSriCfbNJ50OBb/Wg
DA:96,1,wqTdmiLHmG9EQF0k0nbxhw
DA:97,1,DNcOaHtvbe4X9yQNOBHIfw
DA:98,1,5eBB6LGb22v8PelzK+jxRg
DA:99,1,3Rw24P4q14FaEGhmVAMGVQ
DA:100,1,L5JfNglB1bt/2zpzMf/ZxA
DA:101,1,4gk50TFUuDKtLmelG9jIyw
DA:102,1,kOzEzlc5pSX+7T+/ueHpqA
DA:103,1,RvP6vl2wAUEPfaxJs5mseQ
DA:104,1,CCOnXecyj0tX2P/SB/W63w
DA:105,1,MuLvPTe95C/Kbp/yT5w20A
DA:106,1,jHz5RCW/rroqHAEPdR2PKA
DA:107,1,b3HzmqLn3zDeOrN9RZhohg
DA:108,1,5B+eRpOdqTg06SYEjRTZnA
DA:109,1,D1YCFPia5CvpSyy+fh4NnA
DA:110,1,d73lVWxrZngEWuJl+zMSLw
DA:111,1,sI/F0j+4T3Iwgd7LnIFydQ
DA:112,1,5vuHnlGXrkIMkllWSKiAXQ
DA:113,1,no9QXzakLuOW04Huweabcg
DA:114,1,TE5QF28appnrESKUijYLGw
DA:115,1,C9E2rNGU+KVW/wSoocAC2g
DA:117,1,ReUi/ZLsqvme16yA11cNBA
DA:118,1,4LgMgWBGno1n5MNJ8WRFsQ
DA:135,1,9Lu8/s2C1bNZJK4MvThtsw
DA:136,1,BK+foMhfUltpwhLaXPLX4g
DA:137,1,dtqlV9mtrgmwcabvHVUC7w
DA:138,1,VNbouRgKnrSjB5kxf3Ahxw
DA:139,1,Mco7wyhg2MFGtuvoI7VBsw
DA:140,1,ous8rlfytn2u9i5IW7Cptw
DA:141,1,yRcu6LRDG5MvHjkNABsjUw
DA:142,1,GPx8w4unqTNAvLk0140eWw
DA:143,1,5B5vA7kx7JgwdG3KtodJqA
DA:144,1,8LdLTqVM49E1ygNFOTw/fQ
DA:145,1,h43607P/vvnz2KrBQFM/Og
DA:146,1,tL7l1WCPAAdN6eUhTK1oMA
DA:147,1,g6Wv+7lrlo33Z+c+qVUQ0g
DA:148,1,Ub35TotrjEF2l0Y7ZQPd8w
DA:150,1,gAUDUV7he1sIXQrrDUexKA
DA:151,1,4LgMgWBGno1n5MNJ8WRFsQ
DA:187,1,spblTfwn538y+XEEzutH0w
DA:188,1,4LgMgWBGno1n5MNJ8WRFsQ
DA:219,1,9Lu8/s2C1bNZJK4MvThtsw
DA:220,1,IK6FAPrSscqyjUb/3xlgYQ
DA:221,1,p7CqwErUdounC+a+PJ5zQw
DA:222,1,MGtp+wUXC+09kxax6tlIng
DA:223,1,p0CTAi1X+/tGIPAGB47myQ
DA:224,1,sKBkaC5Rqw0FBuUGwIUuvg
DA:225,1,xDPP9w2hjPMWRn8a3hCkMg
DA:226,1,dTCEC3K+SVQM3CVPlKJPLg
DA:227,1,nl/ENtXUP3I4QfJnVy5c6Q
DA:228,1,J7ufAU2OXZvoIO92CfAmGQ
DA:229,1,5zPEqclCsCjQuUKbM8R3Bg
DA:230,1,yPar+kV2mVLrvLgQpLIYNA
DA:231,1,1c65V1XD5J0bwUSdGJi3Hw
DA:232,1,dGV4hjOx1SHHZ6vTyFWPWw
DA:233,1,3I/7MoBsxbZH6G3kQE0Rug
DA:234,1,c7pu4tkq/SEiP2GyaFT1dw
DA:235,1,502fRhNx+sCpf7A1Y9NhAA
DA:236,1,EoSPOkr+SqMiHaS2ucSftQ
DA:237,1,ForuJSg3/5GmpG3IA2DN8Q
DA:238,1,ZPDK8qlCHC/ZcBgXRpzzaA
DA:239,1,g6Wv+7lrlo33Z+c+qVUQ0g
DA:240,1,qrKeAud62AuOsdvZyiC1HA
DA:241,1,HUg4ql2mm6TXcMOMIeG1tg
DA:242,1,/j/TAHLZYM3/38hX1GTJOA
DA:243,1,sykskcMxpTYCesm1wf+T3Q
DA:244,1,TejwFbFRxGWx6SLAkvU8rw
DA:245,1,5bq8feZ5IdDhqSSpEvhKRg
DA:246,1,ttd6Tc24Ut4EP0XpSv2JNw
DA:247,1,wQ+d2MKCea3AU0yPfhpl6w
DA:248,1,i+Jkc2eIs3LZ0rX6iXnYNw
DA:249,1,BSyZjtsRSK/Bg1U1vcxeFA
DA:250,1,T47OAnfxqvw9EmqeAWut3Q
DA:251,1,HRC1XuIuM3dEKXfokI6xKA
DA:252,1,OYHnw8GJhB/uYuwt8YpJow
DA:255,1,rS5/UIrGIfsmU0SK+UXzNw
DA:256,1,JMX0z+tdSUj6Ove7YRKdwQ
DA:257,1,0yOZaBbjdbFUvzWYo/CcLw
DA:258,1,WTEexpUBH9W3oEaOKXXtGw
DA:259,1,0pRM0uOgi0vClx59S4QMXA
DA:260,1,p4KjSPYx3EAhEXm72rjZdg
DA:261,1,uuHITNJ1NO73Q5iNS5QFxA
DA:262,1,GLYTJX7hR6GIkOJgoRoVQA
DA:263,1,eZ1HgTNzi1SV0M3HWEUiyg
DA:264,1,sFkqNQ3V9+RR2Sfs44qv3w
DA:265,1,tggiAWThYcorbFN8bYVCAw
DA:266,1,JHjYY4gAreSX2i2ZneYBcw
DA:267,1,C9E2rNGU+KVW/wSoocAC2g
DA:269,1,+hSEOf/S8o7y7oLlK4iGUw
DA:272,1,/kvXxXCiwIQFPk/xrnnYFg
DA:273,1,kLG5wUAJyqsBjwWMy56yYg
DA:275,1,TRuU8/2aXukV2jAnxTn2wA
DA:170,0,9Lu8/s2C1bNZJK4MvThtsw
DA:171,0,IK6FAPrSscqyjUb/3xlgYQ
DA:172,0,BK+foMhfUltpwhLaXPLX4g
DA:173,0,LCntuU3WKblFg4g0vITjRw
DA:174,0,E8X6yl0yENuCsAhIpOKu/w
DA:175,0,hwc652kqiKsAMD4n+eq4kA
DA:176,0,jYcz7ULFABtryzylxCzn4Q
DA:177,0,DD0LRDghgDqJcPV0d9yYMg
DA:178,0,C3V34nboDjsDtAGaU+Z2Gw
DA:179,0,1p7DgiNhggWK/9NysowgUQ
DA:180,0,6vldNds4zXrGKpBjoBCLPw
DA:181,0,22sP3nc/OZ+281p0V7AVSQ
DA:182,0,dysQK7dugztmwjlfuS+/wA
DA:183,0,+DRpjH13sfpj4h7c+9ahzQ
DA:184,0,p0CTAi1X+/tGIPAGB47myQ
DA:185,0,sKBkaC5Rqw0FBuUGwIUuvg
DA:253,0,cF3nN37Ti4So7BLqp10WVw
DA:254,0,pOtaBK0y/g3sE3WbNUBNUg
DA:270,0,oNQeG8mPz5MAy4wXbAn0aw
DA:277,0,qj6enXnx/POxevdXynWCLw
DA:278,0,sIxeIQCKnfqes7raC3QHGw
DA:279,0,FjgVekZDDjlEDJryCPr0sQ
LF:147
LH:125
end_of_record
TN:
SF:fedifetcher\api\lemmy\__init__.py
DA:1,1,lYBzEiINCbztRXClB5pdMg
DA:8,1,4SzxZVxSruzzC8TElFQTug
DA:10,1,78jN5daPnKdoe8jRLhuFmw
LF:2
LH:2
end_of_record
TN:
SF:fedifetcher\api\lemmy\api_lemmy.py
DA:1,1,XelB5IM1sB6lEnyMehrirQ
DA:2,1,EZEzNmL93PY96zsSuI0PfQ
DA:3,1,4KXOIu0EzlFAqlH6QJ+whA
DA:4,1,AlMU2katL9jFW5wd7Htm6A
DA:6,1,jkHhMsABSAn8fG2ZAQpm1g
DA:8,1,99e0apZC9YPwG3Tcg85obA
DA:11,1,3wPmhnLCzb4QQoJJQOFlUg
DA:39,1,bvFIcOS3awnZ6uj8Gcx+eQ
DA:63,1,7zXl17EJCUcmPV9DDpI9/g
DA:108,1,uk4/C510iTKOXOkC5cp7TA
DA:15,0,xmr1T+oIxyb1d/fm3bdJ/g
DA:16,0,WDktl+t6JS4s7w1HJ+JAAA
DA:17,0,AnUdfeLn7D2UZZrL6/QuCQ
DA:19,0,B/Fo9U4/nMeRNS1JjGZVyQ
DA:20,0,iHwnCOxXW6McaBWOag7/9Q
DA:21,0,6JJfbRX7PD2GWw514W5EBw
DA:22,0,pwezrHgcg0kF5bgs5iClDg
DA:23,0,oVabQbx5L2chNafVzqAJig
DA:24,0,8oyM/+LWffrPQgeURpL7AA
DA:25,0,gJ+P/NPADlAbc+48tFLv5Q
DA:26,0,mt2YgKdUVqrJNC7R4c6pKQ
DA:27,0,gOPiztOFJxtaOBJPEIXVBQ
DA:28,0,Gv3z+tovPARMzSwuF4DdaQ
DA:30,0,pYt9WcO0Lxnl+dLjl3Ikww
DA:31,0,Gv3z+tovPARMzSwuF4DdaQ
DA:34,0,V7uRmjj6chiNnyDqZpYJVA
DA:35,0,FsQuJQhrwdRzgEVKw0Qq7A
DA:37,0,apkQQtiiE4JOuDIBvLOUjQ
DA:42,0,pASofqrDtlcaY2MKiB1bzQ
DA:44,0,B/Fo9U4/nMeRNS1JjGZVyQ
DA:45,0,gp8diRY3SzzlBKHxtFWJzw
DA:46,0,RL0hBUezmh1h89tUPzWkNw
DA:47,0,iHwnCOxXW6McaBWOag7/9Q
DA:48,0,pwezrHgcg0kF5bgs5iClDg
DA:49,0,sfdFLofhdtSQ5JSm5W6GwQ
DA:50,0,gJ+P/NPADlAbc+48tFLv5Q
DA:51,0,l6B/2a9QXn0zejYGv4dLxw
DA:52,0,8iCAQz7fTLPuU+9tTrMZiw
DA:53,0,Gv3z+tovPARMzSwuF4DdaQ
DA:55,0,OHJxbWuDKWHm2GXCz9UBRw
DA:56,0,FsQuJQhrwdRzgEVKw0Qq7A
DA:59,0,Gv3z+tovPARMzSwuF4DdaQ
DA:61,0,UntDfNWeIJlMcYl/4Lg0pA
DA:80,0,4bK9SsnN9p1ENJEzcg/KKQ
DA:81,0,wDeGDOyeZjTFklrB0TYj1g
DA:82,0,B/Fo9U4/nMeRNS1JjGZVyQ
DA:83,0,FtH4EDg6AqkBFUvfusK2qw
DA:84,0,wzBbGUx8Tvwcg4Ej/73ZbQ
DA:85,0,Gv3z+tovPARMzSwuF4DdaQ
DA:87,0,/8OSaRsMmJp+uF82kF50RQ
DA:88,0,iLRGGEv9jIbOa/PU+48TQQ
DA:89,0,xjcDBnSwra0OiNOAYAwoHA
DA:90,0,2iu4xqlemQ954MPxuEWiYA
DA:91,0,qthBmTeIIos+nkF6QymTZg
DA:92,0,EkU1kgK/rAj3sHrpaT/T7Q
DA:93,0,3UXmifni+np795HtR5HAtQ
DA:94,0,Sl7CegX2CveFT4pHpVwD8g
DA:96,0,/8OSaRsMmJp+uF82kF50RQ
DA:97,0,GplgivSeEWElLzi9qExV9A
DA:98,0,/xS600FH4smHnhKcu53TUw
DA:100,0,TC8CkDETbZb3KN7LTgrM3Q
DA:103,0,zrdhXvsWzuTxcsdPutP1cw
DA:104,0,qFRsu1fXl1AbQE8xGpofig
DA:106,0,DF3FMI4sn/731fD0KuePwQ
DA:125,0,RMjCnYNIh45/iIvgcEBYoA
DA:126,0,SQjgIaFuA4iMts/95m1Flg
DA:127,0,mzgW3J6z6XJDyimbE7tsFw
DA:128,0,B/Fo9U4/nMeRNS1JjGZVyQ
DA:129,0,Qdv2VLum2+gVzBqOKFEA4w
DA:130,0,wzBbGUx8Tvwcg4Ej/73ZbQ
DA:131,0,gunYNp9/nYzFOoRfBedvFA
DA:132,0,/8OSaRsMmJp+uF82kF50RQ
DA:134,0,iLRGGEv9jIbOa/PU+48TQQ
DA:135,0,xjcDBnSwra0OiNOAYAwoHA
DA:136,0,2iu4xqlemQ954MPxuEWiYA
DA:137,0,nSj45br9Qj6PEr1E3tDw2Q
DA:138,0,1EzUlnkh83sQJdyFyzNf9Q
DA:139,0,zdIMQxfuaKLiTJGUqnU3dg
DA:140,0,3UXmifni+np795HtR5HAtQ
DA:141,0,KEEzoF+eYcMvvRYmoQ52zw
DA:144,0,0XaDYFtVfU16bH/a02/FqQ
DA:145,0,B/Fo9U4/nMeRNS1JjGZVyQ
DA:146,0,Qdv2VLum2+gVzBqOKFEA4w
DA:147,0,wzBbGUx8Tvwcg4Ej/73ZbQ
DA:148,0,DFkc+xxI34WpW0kOK9Wu0A
DA:150,0,/8OSaRsMmJp+uF82kF50RQ
DA:152,0,iLRGGEv9jIbOa/PU+48TQQ
DA:153,0,xjcDBnSwra0OiNOAYAwoHA
DA:154,0,2iu4xqlemQ954MPxuEWiYA
DA:155,0,Nhy5WSe0SS8mOU0tyCqoXA
DA:157,0,CqGZDEloyKiXRZIxJkULLQ
DA:158,0,lPgtXmy53zUNWQ6oJprXnQ
DA:159,0,3UXmifni+np795HtR5HAtQ
DA:160,0,Sl7CegX2CveFT4pHpVwD8g
DA:163,0,H+QFNlubjB05ZBWx70yg7Q
DA:164,0,8ORiSzmLUTU0R/jXP9pU7w
DA:165,0,/xS600FH4smHnhKcu53TUw
DA:167,0,cEDaSSi8ExFU1zfRapgNpw
DA:169,0,zrdhXvsWzuTxcsdPutP1cw
DA:170,0,PXpACFpEm2SNBExq7/Q66g
DA:172,0,bZV9X9l3Wl4dptb8HAhjqw
DA:174,0,DF3FMI4sn/731fD0KuePwQ
LF:101
LH:9
end_of_record
TN:
SF:fedifetcher\api\mastodon\__init__.py
DA:1,1,Pfc5l+t40metVMhYQLBwVw
DA:10,1,kFlkOwN1vyCEfLf5S5WGsw
DA:11,1,L/OGP8f2t/V5ntE/SXW+bQ
DA:13,1,2dGPyp1GSKcDzu4ALjjdsg
LF:3
LH:3
end_of_record
TN:
SF:fedifetcher\api\mastodon\api_mastodon.py
DA:1,1,GceG1LuTwbyZXOH4mSS9kQ
DA:2,1,6d25OmbaxCZ2NLq20+fvXQ
DA:3,1,y0EdtUA1m2c0Z1f8RoGcRQ
DA:4,1,EZEzNmL93PY96zsSuI0PfQ
DA:5,1,q2SfeQvg2Pu23hAoTkxkgQ
DA:6,1,YgPHxeUnZvGQKEq84WHuuw
DA:7,1,kuSvEyeRCiu7/TW/fqEqzw
DA:9,1,x2rU71IPijCTcnXLQBWEjw
DA:11,1,S2uSnSSe2oHuPK7f5VO4Jw
DA:12,1,1B2M2Y8AsgTpgAmY7PhCfg
DA:13,1,D+l6YWsHWuGi25qlImrd5A
DA:16,1,1B2M2Y8AsgTpgAmY7PhCfg
DA:17,1,1B2M2Y8AsgTpgAmY7PhCfg
DA:19,1,joe/9LtamZimhkLzbuPlfg
DA:20,1,1B2M2Y8AsgTpgAmY7PhCfg
DA:21,1,hTE1rgDMrPr3J1EpZDoxSA
DA:31,1,IreNhM4AZeEM/K2TzbOOBg
DA:32,1,1B2M2Y8AsgTpgAmY7PhCfg
DA:33,1,uDCzQGjY0NwDx4sWT7OTcA
DA:82,1,/epQTfp1jOvjGFsvUkRYHA
DA:83,1,1B2M2Y8AsgTpgAmY7PhCfg
DA:143,1,zl1rFSYAKDKdsRsH+EJTcQ
DA:144,1,1B2M2Y8AsgTpgAmY7PhCfg
DA:146,1,zoovQ7CICFmiZh9/12GLbA
DA:147,1,1B2M2Y8AsgTpgAmY7PhCfg
DA:148,1,ROs40pbjANDFKGws4199Jg
DA:149,1,hTE1rgDMrPr3J1EpZDoxSA
DA:176,1,JA8+cAeyHuPCGnrHBbqXUw
DA:178,1,Mee0OUWUoWQbhCw+zB7mAA
DA:203,1,apkQQtiiE4JOuDIBvLOUjQ
DA:205,1,2BiY/s2QK87iIH3qHuTGLw
DA:243,1,IZqWZOTsWvAqSe/PFraq9w
DA:245,1,+cF6UqNU8lOA4yjHHlTmLA
DA:290,1,4ITW4OYJHSXEAadkyzrbZg
DA:311,1,fKNeXQVrX6woFAieym2BwQ
DA:313,1,F2/4qaK6sx5q98dZowyB2g
DA:337,1,lJTPCSDMH24i26mCMOI+Rw
DA:342,1,f2DZT8vigRLWtdN0n2hKkA
DA:379,1,apkQQtiiE4JOuDIBvLOUjQ
DA:381,1,RcyR7blD3k+5ByLAYMTEdw
DA:411,1,10JUNym+3lqk9WVPiaqQiQ
DA:413,1,32Re8V66dXRYtXl4420mkw
DA:458,1,Xa6MJWa1goKiIlT73MxLBg
DA:460,1,NmEj+NoaWjr8GW9MO7ciMw
DA:489,1,hiA1YHf2IMvOTS6q5OGGEw
DA:491,1,4/gWcalEmzQJ2j07AxkH6g
DA:520,1,jC8fZqhggGRwbqt7CFX/Ng
DA:522,1,YsIBpVmHprt3psAn5fTOdQ
DA:551,1,oHxyUjkM5k23OXyy97bgow
DA:553,1,/APRDzagsh1SY55Vx4k7yw
DA:584,1,HFDjddiDbkIPCUW/q34kJA
DA:586,1,wG84PcQBZ5EPrdWft4nB0g
DA:617,1,DH5AL+WrJcJ5aw+DZUC9MQ
DA:619,1,tfAKjJYdo0EWF3Sxdqsw/Q
DA:669,1,kycMaH6XbPuAfUpgfG1Lbg
DA:671,1,bAsJHlcLAGvDwizXRIaHtQ
DA:732,1,xv/snrRzxrlGnA7265NxKQ
DA:734,1,SkdDdiGij68sVrHvlB0NWQ
DA:778,1,apkQQtiiE4JOuDIBvLOUjQ
DA:780,1,jEKSYfikD4FxMUO8998Srg
DA:837,1,h8v58CjcqhG/CCBFWdi4Qg
DA:839,1,QEmgDbbXOYcteN5plE4GvA
DA:855,1,AttrAvjZUi95la5E1cT/KA
DA:857,1,N68YF3DP9LmJNl+7VWmVRg
DA:866,1,l1M1TDXvvQ5yUbmtnjqn2w
DA:868,1,nOqVrRMCkXFh/NswKgK/+g
DA:876,1,cVvClAJ7fPb430fcfUDB/w
DA:878,1,sJ+kAId7e0J9Z9VYHWwspQ
DA:888,1,ZymDT9SV55t8XzPfBTwYNA
DA:890,1,v/OelOV6I/zRJUkmIpaUAg
DA:932,1,/8OSaRsMmJp+uF82kF50RQ
DA:934,1,+VPBq9vj/FooJgSDGIQpVQ
DA:941,1,/zQfDZVZn+WvFlLPSbio6A
DA:943,1,iBffJob4HxZC2KUE2+tBIw
DA:976,1,GJiiEiXIBBYlbmAc2d20cw
DA:979,1,4ih6Cba7T6MFgo5qzn7mMg
DA:999,1,WtdXhA+c4ECL45VDhBvLNQ
DA:1001,1,JM4bFqyvgS32fsAUrW00+w
DA:1021,1,Lcf3cpDRxIxgEHeCaUjOdQ
DA:1023,1,qq75Yj5maPMF3NEGoCEUwA
DA:1040,1,RetsfkMpeeaB7RRieu8d5g
DA:1042,1,yqYXQ5/tdxB4pm97QLyicw
DA:1078,1,ez2ifEfw0w1reEqj3l+HXQ
DA:1080,1,75M+HYmT7IpGsjQSCJbqQg
DA:1134,1,oiUqYk9mXmgBFyYoL965Ew
DA:1135,1,1B2M2Y8AsgTpgAmY7PhCfg
DA:1142,1,2ZYwYJ+Jl0IFMDuN/9J6hg
DA:1144,1,E9URW+kr6yM/gPe0diDy0w
DA:1164,1,GJiiEiXIBBYlbmAc2d20cw
DA:1167,1,uy/+2UQ1hurYXR3WNfVC+Q
DA:1187,1,GJiiEiXIBBYlbmAc2d20cw
DA:1190,1,5cvehKpcl8YyUB4amhtabQ
DA:1204,1,HQTMASG9arIFBAUEplTVGw
DA:1206,1,VpVF/b/JwE3a3UeLWNySmw
DA:1226,1,FdOIhKMNDTWmArY6mE+p8Q
DA:1228,1,BvqBNJ5drKAqiaIfoEeOUg
DA:1255,1,KGOcZ7tNS2cPR1ePCY+sEg
DA:1256,1,1B2M2Y8AsgTpgAmY7PhCfg
DA:1257,1,tFmTo3GN7D476fTmu2ha9g
DA:10,0,bVX6F+17njKx8eo6xUX05w
DA:14,0,XZGKsazXjlym+Csyy1dBPg
DA:15,0,25JmQhfpJE3/1TMKqa64Zg
DA:18,0,6OGgj7RRn6C8Uq1OUmjHQA
DA:28,0,p9VObvqSCRj8hcqJMkKDlA
DA:29,0,zBjO06PAbZZW4g+bTyqW5Q
DA:30,0,JS74W3nICDgQiP5wLso2mQ
DA:37,0,44kgpEfTnufzieeeqpuFBQ
DA:38,0,khr4jjSbKCmUSDSkn9542w
DA:39,0,Czt1tw8x/ym/XaWP2S5cBA
DA:40,0,xvWIcpcyNr0gyGcTkdMxXw
DA:41,0,0FtrCMosXSaurDdZdyoNSw
DA:42,0,T2GmA/KrsmextvuNF6pEdg
DA:43,0,0BH60IeV3dj2ff+ttSAwWQ
DA:50,0,Z387ldJEJTGYGvk6V05k4Q
DA:51,0,9j4l37rppgKJMhUrO5DY5g
DA:52,0,eiO+X5cOpgI5VfexPgdpHg
DA:53,0,lWWLo5RM9bWPLYNOEHaELg
DA:54,0,DS71dJSuULr9SUHgZmMJxA
DA:58,0,QRW1zu5SjVdd9YDT92ZPVQ
DA:59,0,6NheNDITGp582x23bNiDVA
DA:63,0,gKuQAzAbg+y7MTiGq97hkQ
DA:64,0,AWrg01p1wblEI5Q7AuxJqQ
DA:66,0,yZqDniMMuo5e9WTFZHAl6Q
DA:67,0,368GSSPPh9Nb/29q1R9W9Q
DA:68,0,wE/HVD7tdITXHHTVApw90Q
DA:70,0,vU3aaiuq9XvgN9mjgDtxDw
DA:71,0,wE/HVD7tdITXHHTVApw90Q
DA:73,0,pCocN4k10WZ/cYUGmTQcZw
DA:74,0,5Rn4oX7c4pPaXSvRAjy2qA
DA:76,0,VqOLNdKenpg2SNLNQd0cJQ
DA:77,0,5Rn4oX7c4pPaXSvRAjy2qA
DA:79,0,Pkwsntebe693LwjKD9saWA
DA:80,0,5Rn4oX7c4pPaXSvRAjy2qA
DA:84,0,gYKpzwT/YEbdguFox3rrlg
DA:87,0,AIksWlLsYA8w/3gOjq9G2A
DA:88,0,fGC6ofdfv46j2hQnHNhRTw
DA:89,0,e3ikH9h+EYIci4k0Eum0yQ
DA:90,0,+dRM2510Vea3I+gXfAgZfg
DA:91,0,yQLlSPElS5y7J0Sbs528Sw
DA:92,0,7NzqDP/5gDfF7/7bN4P3bw
DA:93,0,nccmmjobZElUjJt/bqipTg
DA:97,0,yA5vh+rEmGX5nDORfAl/yg
DA:98,0,S+N7Wpflt2kGGEPGhUFWpQ
DA:99,0,h/eQDeqqcMxmcB2P2LnjYQ
DA:100,0,hamCVEvj4WJ+Ii1x+Rta1A
DA:101,0,P+TyEGPIA/Gz4nQOsmZ2fg
DA:102,0,y15WjSriO4pQZ01Y3z0sJA
DA:103,0,JsixOike6WVzvbn00Ke17g
DA:104,0,WU5DdQBQCA5EBrvPidXwOQ
DA:105,0,KhZknOMCAszX+v2goAxSvw
DA:106,0,KKKgFRkZN5FfFSewVKXHHQ
DA:107,0,DUJnlxhOjzSEkxLnJp0z6A
DA:108,0,YJ29CfKL29eT2BdOJA5QcA
DA:109,0,QZp+wCSS+bRYstRsI9QojA
DA:110,0,2fpZat1R9oocou870vlKQA
DA:111,0,GDs6RfutuKr88FmeG2ax0A
DA:112,0,Pc49EbAgGAyxW8VSvinGug
DA:113,0,ZJMQKZgDAlye4jp61Yq0Pg
DA:114,0,Sl7CegX2CveFT4pHpVwD8g
DA:118,0,78Hbj6SM5UIaaJytjmYfvA
DA:119,0,Sl7CegX2CveFT4pHpVwD8g
DA:123,0,oL/4o4g/4ob2E5nXenm86w
DA:124,0,Sl7CegX2CveFT4pHpVwD8g
DA:128,0,dJFaXiSMspie5FRQRvgb/w
DA:129,0,Sl7CegX2CveFT4pHpVwD8g
DA:133,0,Kfsq9A5CdwanjkV6f4glzw
DA:134,0,VdJ5KSGdN1AmU/IO2DW8vg
DA:139,0,Sl7CegX2CveFT4pHpVwD8g
DA:145,0,Bt/Zp3S+5k4PfN6YoR5Qhw
DA:155,0,lkXgvotEVtlpg1yvFIAv0Q
DA:159,0,Env7HnARD0RqQeOVlh5dww
DA:160,0,Z4XZnYHKPrSQi1H2dgjjIw
DA:161,0,wCX8YfaarZ/3GROSUgXujQ
DA:162,0,90Q1WIj/uxwtePu7xe4r5g
DA:163,0,3A9LdVO6r2Za695tInT0lQ
DA:164,0,9hwOohZvE3EKTjYEU/bYBg
DA:170,0,aNjgHzUwQiw7DGJixOKPSQ
DA:197,0,7g8Yo0YMxES17wG7TYXndw
DA:200,0,LxytcTTJSwCJeiqWJoWs1g
DA:202,0,oF3SlTRNSZaf1ZuXg+V76A
DA:228,0,ssIF1fCEOBHLBkh3a3sXXQ
DA:229,0,ucn3gxyN3NjsKoPy8zm8EA
DA:230,0,OIAvCMSD+70detM1HMKKPQ
DA:231,0,f90UtmyNW0kxxdhBJVzAgw
DA:233,0,P8eCOjooHxDWajIkhBnl+A
DA:234,0,bT066rreWOjkYXAnw/1B9w
DA:235,0,wt/9Iwd9kPx02oaZcC/flg
DA:237,0,/k7T79k9lU6K5iFv+Ju9SQ
DA:238,0,rLZSp90UfcHkSGabEi5ClA
DA:239,0,pOJwuGdEbe7GLbMcySd1QA
DA:240,0,CkgigQ/3i3chcws6hKAbLw
DA:241,0,JPJezm3Yy+H+Kl+PZB6YYA
DA:242,0,NGmVALe18KXEQxtsOhGX2Q
DA:267,0,zoDLejlqQlRf2ucU3scAuw
DA:268,0,+vAPgpQFVaHcAvHTqcXZBg
DA:269,0,H1O15Pwpt/+0JwGoOqzrKg
DA:270,0,ydnhx2+coBT9AEjxgQItxQ
DA:271,0,mIqfZffgdeyO70uODAJtbw
DA:275,0,H/VeMVqH986O8noeK2YCNg
DA:276,0,oND+H7Qxvl9ouDTvJjFv0Q
DA:277,0,PbmX1Cd0U0qZKWTMU7B28A
DA:278,0,PoHKNNDCoyXNnpH8u7HNBg
DA:279,0,gjRspMkr/oTxsUC0FkGMvA
DA:280,0,misTxSWDsBzaqTqV8vKBPA
DA:281,0,2uHV1gZHr0Y6lWeYUQ6nKg
DA:282,0,pUD+Odh5opnxVcZra+mVcQ
DA:283,0,HAUEys9fOYKJfmObitzkpg
DA:284,0,aiUkAlUyIsQ+CSd7Y/RJzQ
DA:285,0,3hp7pN/rYHqrEc/YHc1Pag
DA:286,0,+rk5RUyo97sF/BTCgPRVGQ
DA:287,0,nuLZTkfkBrnm/oc0sr1NYg
DA:288,0,S/Pxlc+XlLxDdwEBcSNUWA
DA:289,0,t0p4xTIPmSe6ByP0gHlnng
DA:292,0,z7i0Jn7UbBUL9TBo6pAz4A
DA:336,0,qEq5fkr8P4P4MS4gSEhPxg
DA:362,0,hYX17cQO11ozXTscC7m0bw
DA:363,0,Dwjd91USmMoWKfkSCVg/jg
DA:364,0,xjcDBnSwra0OiNOAYAwoHA
DA:365,0,/q39rlzr8yvOkjYCOooFdQ
DA:366,0,w/tTPAQnqaFNbPE+sYWqLQ
DA:367,0,Y2zHg3ew+eUpe2Vsli99yg
DA:376,0,o7tvNiq40uwo8eP+lY5kyg
DA:377,0,2bX0G6/iuxFHcsTheYCilQ
DA:378,0,NvVxGrDiJsGH6QhWsv4EYA
DA:389,0,J2pxm/Ku8kYvNxyokeJ/Yw
DA:390,0,OIAvCMSD+70detM1HMKKPQ
DA:392,0,Nd911YyrSQlctqiMugvD2g
DA:394,0,Nbc84V1Eh7Rb1tz/Bxq+UQ
DA:395,0,lWBV0nNGbbwGmQTw8Riq6w
DA:396,0,ve/6DLF89DaE65hW5Ywi1Q
DA:398,0,SEkYr6QZYyPj82QRdJgfgA
DA:399,0,7PnyeIbECxsDoMUYhFwOxA
DA:400,0,K07RF0tDLqh1XZNYu+QxtA
DA:403,0,bc2Vw7machgI/cDMnpXluw
DA:404,0,gJGTG71mLgYjQPHtvN0tBw
DA:405,0,bPJZ8H04vE8zvkzKN6nSfQ
DA:406,0,BjfYGdrX2Veb+w6Y8zURvQ
DA:410,0,Xp7+rPxMQjxi39F4SB3Urw
DA:436,0,nCe307NZqsBSXVKOPL4D2g
DA:446,0,uFx6hwAyi5XzaYQGVISzBg
DA:447,0,OIAvCMSD+70detM1HMKKPQ
DA:448,0,Xo3Uzq/VjN+4Wjb0XxfW4w
DA:449,0,qjBDwAAq5yrN5AvDV82xCQ
DA:450,0,4wMl+Y9js3X2j+sg6r+MrQ
DA:453,0,vPmoYAkk5mWKy4nAMwMuQA
DA:454,0,kcEEbj1Suac5/reAxOH50A
DA:455,0,pOJwuGdEbe7GLbMcySd1QA
DA:456,0,3uDomgen0H7ssa/7H6BIdw
DA:457,0,AikhBaKlay5AOwJ9Lf+cjw
DA:476,0,Deqg8IaE1TZ/89UDz9pSnQ
DA:477,0,zwbYFqlvl6CJKTntPbrTMQ
DA:478,0,OIAvCMSD+70detM1HMKKPQ
DA:479,0,qON5Q8kMMQd+wJmUtiP6qQ
DA:480,0,87S0e2UdncmknbloW2MT5g
DA:481,0,HPmQuJkizrnLt1Tc6Zhj5A
DA:484,0,dhfgkLlQ/kviB8Tlyj19dQ
DA:485,0,o+jNRdmnJPIhqQSnxwZ/RA
DA:486,0,pOJwuGdEbe7GLbMcySd1QA
DA:487,0,tyNxfY7vT9ZlS1cHISmUxA
DA:488,0,C7xfJKwVV6LBFC/q8rqGrA
DA:507,0,K1pD10TOqr24ExaL8shO+w
DA:508,0,EI4q/g/zdrwDnLOlRtw1CQ
DA:509,0,OIAvCMSD+70detM1HMKKPQ
DA:510,0,XAjDhgxNfsbcN/x82UDxng
DA:511,0,qC5FeznKMSlxLFkHDkWx4Q
DA:512,0,3GdOG6n96KH/TbmEYBlpPg
DA:513,0,xiWrfzeC9oVEHf9G+DO1oQ
DA:515,0,KKG15zvIPtvoNSgthJ+KRA
DA:516,0,TohqhMz+qL/3q9F5PMVNkw
DA:517,0,bILj4pY/pxwJC6+WfN+YlQ
DA:518,0,wYSKU2GjSZ96y0T07xtQpw
DA:519,0,yTbqBr6HQSizZUpN0b3XzQ
DA:538,0,Z20taHYCkKzMTao9MwAt9g
DA:539,0,+jfbnZTw1GH2dzgiA7Hk4w
DA:540,0,OIAvCMSD+70detM1HMKKPQ
DA:541,0,uNesUF1Y5OHb5wIaxYx19g
DA:542,0,7A4RCTwP0TmIoZIWggxXjQ
DA:543,0,povivu613SUSYJrLDbP32w
DA:546,0,5VdSzVp86P3jHg9JkJKT4A
DA:547,0,8tYo5xfHpto3Drut5kGLBA
DA:548,0,pOJwuGdEbe7GLbMcySd1QA
DA:549,0,bmpbJC7vNPgDPJ7/xn4OCQ
DA:550,0,hNJpx4CJWkMIldgv+2bgJw
DA:571,0,DEgBEdAQlrv7F6Z8G7WISw
DA:572,0,3tAyVXwXXVPSHmRCorQZiA
DA:573,0,OIAvCMSD+70detM1HMKKPQ
DA:574,0,SMvm25QO0xdB2Dfh5GfzhA
DA:575,0,DMNgeW8dLHGC6BnsQC639w
DA:576,0,PNY9Z0y1bFXoKllyTXiPrQ
DA:579,0,DJ1oXezx9PgsV9+CaowifA
DA:580,0,/ouEgL5RTVgNUtYem7zgwg
DA:581,0,pOJwuGdEbe7GLbMcySd1QA
DA:582,0,MzIeuhBUVqbLiLoP1M7k3A
DA:583,0,F+cdGhJp0PrpkDd97tgNxg
DA:604,0,xLVEq7SDHCZARy6tDCx18g
DA:605,0,6UWj7NLuzQU4nhdER/0Oyw
DA:606,0,OIAvCMSD+70detM1HMKKPQ
DA:607,0,qmeqAzuVHRPtwls9LEBE7A
DA:608,0,tTKa9XigdgdgAt2MPEYiNQ
DA:609,0,9yc8ioRJFGmWSGrWEfaBuw
DA:612,0,hsFhmsuVZV83e3FNRjXl6A
DA:613,0,OgKM0UULCtVpgmOqLtUJxg
DA:614,0,pOJwuGdEbe7GLbMcySd1QA
DA:615,0,rcuoVkXyH9U23e/o7Qk0eg
DA:616,0,G1K9+4K+AHiDRDLbdcxQvw
DA:636,0,44kgpEfTnufzieeeqpuFBQ
DA:637,0,khr4jjSbKCmUSDSkn9542w
DA:638,0,Czt1tw8x/ym/XaWP2S5cBA
DA:639,0,Lp6NtrGYtaYTjkz5LfPrew
DA:640,0,FXY7pE2az48kTP6dTQ8+cg
DA:641,0,1gjv8u6rmDjUrxHj0DK38w
DA:642,0,7N/JFuOs+JgNw/t49ouLjw
DA:643,0,xvWIcpcyNr0gyGcTkdMxXw
DA:644,0,Ygnj/f9s5B1HsWQyg6GTwQ
DA:648,0,Pkwsntebe693LwjKD9saWA
DA:649,0,5Rn4oX7c4pPaXSvRAjy2qA
DA:651,0,7N/JFuOs+JgNw/t49ouLjw
DA:652,0,RnXkzpJZHL8yRDTeZbtPcQ
DA:653,0,EcelnZBotHBBj7PAW9y44Q
DA:654,0,rtCZlVCp/+V5nnZEnMSXyA
DA:655,0,ZNwaDuDzjOW6Gcc1JWwqag
DA:656,0,9RNlxIVQd8ELKSnJgdqqNw
DA:657,0,t/3Evj2mxo1UgS725wC5lg
DA:658,0,ZNwaDuDzjOW6Gcc1JWwqag
DA:659,0,9RNlxIVQd8ELKSnJgdqqNw
DA:660,0,R3mibLSzntE+zpPxvWyBpA
DA:661,0,GNdcY6BbfXQQAYXnuy5Wdw
DA:662,0,eCFxir4ylqOE+KJTKO3eZw
DA:666,0,7N/JFuOs+JgNw/t49ouLjw
DA:667,0,cS2c5MzvHaJZu6OhL7/BoQ
DA:689,0,wDCrZIQGT+N6FFgFAwOL8A
DA:693,0,KtAIkaSMuosGnVHsKc898w
DA:695,0,GCpRiMzVRjoDAKG4tm/VTw
DA:696,0,1EzUlnkh83sQJdyFyzNf9Q
DA:697,0,zh3jAnhfGHJc5ATHQ4YftA
DA:699,0,S1EcqDe0cseJGjz3ix0X1w
DA:700,0,lQ2mSyG7Qu4T8qZK/hrVVg
DA:701,0,76adChDOtwljsuEQG56IWQ
DA:702,0,xjcDBnSwra0OiNOAYAwoHA
DA:703,0,xS1tOnpU4NDQUQTbzLJrjw
DA:704,0,o7tvNiq40uwo8eP+lY5kyg
DA:705,0,Z1acuyd5F/twKnoLZFcZuQ
DA:707,0,OIAvCMSD+70detM1HMKKPQ
DA:708,0,T2aYcC58jo7CYUTH21xjLg
DA:710,0,9UHpPhDqBObuuMUvRF+GXw
DA:711,0,bSRrlCK5G2nrMmFrc/F2kA
DA:712,0,Bmeg5PLpflotVWFasVK+Fw
DA:713,0,HGNi7z2wXYES/avdAz/agw
DA:714,0,bjNz7Olc2GktDIPb2D7oFQ
DA:715,0,Uk1iEqLYWHwxE4nbWtF0CQ
DA:716,0,QslMkU+duRcv9wSY4Qw41Q
DA:718,0,jcUcrUlQLqPE/0vq4Sa+DA
DA:719,0,TQH2O63KzTdM3CrHcZncfQ
DA:721,0,bILj4pY/pxwJC6+WfN+YlQ
DA:722,0,lDyOAxBfKP6t7QC+pSzxwA
DA:723,0,GzICmhod4hECo/ofC8zi0g
DA:724,0,vSR0XCjjY7k2OIZ8pZg6iA
DA:725,0,gmhFTV7NRxIQDtVnbRAOlA
DA:727,0,ZOSfJGjLHdLuTqvq8SB4XA
DA:728,0,bILj4pY/pxwJC6+WfN+YlQ
DA:730,0,T2aYcC58jo7CYUTH21xjLg
DA:752,0,hYX17cQO11ozXTscC7m0bw
DA:753,0,Dwjd91USmMoWKfkSCVg/jg
DA:754,0,VbaE/G1b7B2RwWYtMLmGdw
DA:755,0,o8ApIVKCV2EV6g3DmqLIxQ
DA:756,0,xJkbl8AwnBgzMKLf2c98Jw
DA:757,0,dm0tNXAv/i+XGj1DE6xiDg
DA:758,0,SmwC0oF0xIaSX9uGYhZzjA
DA:759,0,wI45Gv8Va79VU/ulub3wIw
DA:760,0,uPEdyqPqLibq0yNtISnkzw
DA:761,0,EP8c6cPUigIwwHj4yJ2E2w
DA:762,0,0akzjwhJggRrYJ12v0N6Fw
DA:763,0,UEYI0TbwRoprT2fEecD0bA
DA:764,0,sTzYkB2nSH1BGT8bm7pXFw
DA:765,0,oq/JLywZoh8IDQFUNYMprg
DA:766,0,sFZJ3ffKJOutSiuV52Dexg
DA:767,0,gmhFTV7NRxIQDtVnbRAOlA
DA:769,0,NRaGyfL4v/s9SpDaLQFBfg
DA:770,0,Sl7CegX2CveFT4pHpVwD8g
DA:773,0,lhvKMIcycKMLD14p1/ChjA
DA:774,0,IyduQbYNoDu06bqOIcWhSQ
DA:775,0,VdJ5KSGdN1AmU/IO2DW8vg
DA:777,0,JYXzCjPcXLgXUOxJyLiy6w
DA:798,0,hYX17cQO11ozXTscC7m0bw
DA:799,0,/epQTfp1jOvjGFsvUkRYHA
DA:800,0,wxFv6rbdChkvjcZvwWdmcA
DA:801,0,zugkBFqDZ7VViDjwdvibSg
DA:803,0,pDY8RXHifrKbZN8QenZZeA
DA:804,0,gFJNHd9pjwcMDlqfzxYLEg
DA:805,0,3trbLAhrr4fiKf3MG4yXZw
DA:806,0,ceDoWrDcpqjiPl68Ds8Qkg
DA:807,0,G/9Jd/T48iEr/mQ5lDA3HA
DA:808,0,8tAHNK5mE+W2H8DjKYqwCg
DA:809,0,Pw+w0MMOerVUNo4HqNjjqQ
DA:810,0,EnBBf7CRvGy1YujPjXbBSw
DA:811,0,8b9AHviIhbD4DSgrsW9+Vg
DA:812,0,eqbXBPv2ES+sqKXPKY+Ruw
DA:813,0,OoaN4sB9H/8TY2+ncXvL+A
DA:814,0,Z4XZnYHKPrSQi1H2dgjjIw
DA:815,0,bQ9jj3BWfkB+N2YkPSB2sw
DA:817,0,2x3SuUJbls9BLzkabIULcQ
DA:818,0,OT3tUNz7g0TiLJRM2wU6YA
DA:819,0,H89SuakSSNQ4kbWVJOq4SA
DA:820,0,7T+Qx9miJrCIo4l+rUJ1IQ
DA:821,0,7yNWUJSFewmJDDlJTc8/nA
DA:822,0,khEubzkv6Nhz70Pcd+rrMQ
DA:823,0,Rk5haYhYqGzzMAb5kbSMCA
DA:824,0,LhyjzvGMWGV0Y2eWt2aN7A
DA:825,0,8b9AHviIhbD4DSgrsW9+Vg
DA:826,0,uwqq0zLcZfs/DKQQw2s1iA
DA:828,0,eqbXBPv2ES+sqKXPKY+Ruw
DA:829,0,09eElGS7zu8QJw1cszkplQ
DA:832,0,9T7SGFNm0cbt95OKrXncMA
DA:833,0,7LqqpM+c74rzrDs1HS+OTQ
DA:834,0,wE/HVD7tdITXHHTVApw90Q
DA:836,0,S3cF/pF4BON4M7K+uB3WFQ
DA:907,0,9cV8W5UeXduG1imUtCrMlw
DA:908,0,gc1YS2P2NrTmxtA+/NTutg
DA:909,0,T6svk+GmbNvwYZTWl5eFEg
DA:910,0,eSu+zxv6VSsaHPt4hzvPkg
DA:911,0,PZAVeElNc2bLBkoxjZk/hA
DA:912,0,p7hIHgfCEImiQYUddUTjSA
DA:913,0,I0eMmJUjBqFgpnTuxtxN5w
DA:914,0,CYIpm03GXRV91Ij0v1uT/A
DA:915,0,kTx8llzamiM9s7pdgEz3/w
DA:916,0,yiXSjXNBqpbJkFKbvXT6XQ
DA:917,0,5xNw45q0u0Ig/8k53gmdgQ
DA:918,0,4Gfqqqj46zkBe2xdMHIz4w
DA:919,0,Mv5fAWr4P/jAMT+2tAx7kQ
DA:920,0,48Sb3QlPXMd8uoGl/yJC1g
DA:921,0,ijAt2fh4m8/IRfDg/fY5rQ
DA:922,0,Usc5n9g49bLKznXHIwi5Vg
DA:923,0,A5HbmlLMILLjqIl2m3OYfw
DA:924,0,PCQPucxMZR6+Q+GIjc6FZg
DA:925,0,j/aLc6TsqdbmOs/I8FofcA
DA:927,0,j0smrnPK1Rz9rC3qDK6zYQ
DA:929,0,E73L9uPOBvs1t9eViiGbaQ
DA:930,0,6AQswYkJKp5kMWZXDFdURQ
DA:931,0,ILd4feGANCtjjFU7aKHY0w
DA:958,0,9cV8W5UeXduG1imUtCrMlw
DA:959,0,4Gfqqqj46zkBe2xdMHIz4w
DA:960,0,Mv5fAWr4P/jAMT+2tAx7kQ
DA:961,0,Usc5n9g49bLKznXHIwi5Vg
DA:962,0,A5HbmlLMILLjqIl2m3OYfw
DA:963,0,48Sb3QlPXMd8uoGl/yJC1g
DA:964,0,ijAt2fh4m8/IRfDg/fY5rQ
DA:965,0,PCQPucxMZR6+Q+GIjc6FZg
DA:966,0,j/aLc6TsqdbmOs/I8FofcA
DA:967,0,0OwnoE7Y5uAVENaSQYm8CQ
DA:968,0,gskjDcLVV6dG9Sge0MYtQg
DA:969,0,/n7FnY7z650/Y2+vHHEGlw
DA:970,0,EAS4VUYbsQQOG7e6TwuH2w
DA:971,0,VlykEUF/L6SJe2LdJruIyQ
DA:972,0,Y92t7Z+9+F97P6PkT5tkFQ
DA:973,0,oZJOe3ygPr+xdv7to85yjA
DA:974,0,ZeHcTsKtbH3L1QDGxo3a6A
DA:990,0,9cV8W5UeXduG1imUtCrMlw
DA:991,0,4Gfqqqj46zkBe2xdMHIz4w
DA:992,0,Mv5fAWr4P/jAMT+2tAx7kQ
DA:993,0,Usc5n9g49bLKznXHIwi5Vg
DA:994,0,A5HbmlLMILLjqIl2m3OYfw
DA:995,0,48Sb3QlPXMd8uoGl/yJC1g
DA:996,0,ijAt2fh4m8/IRfDg/fY5rQ
DA:997,0,PCQPucxMZR6+Q+GIjc6FZg
DA:998,0,j/aLc6TsqdbmOs/I8FofcA
DA:1012,0,9cV8W5UeXduG1imUtCrMlw
DA:1013,0,4Gfqqqj46zkBe2xdMHIz4w
DA:1014,0,Mv5fAWr4P/jAMT+2tAx7kQ
DA:1015,0,48Sb3QlPXMd8uoGl/yJC1g
DA:1016,0,ijAt2fh4m8/IRfDg/fY5rQ
DA:1017,0,Usc5n9g49bLKznXHIwi5Vg
DA:1018,0,A5HbmlLMILLjqIl2m3OYfw
DA:1019,0,PCQPucxMZR6+Q+GIjc6FZg
DA:1020,0,j/aLc6TsqdbmOs/I8FofcA
DA:1033,0,9cV8W5UeXduG1imUtCrMlw
DA:1034,0,4Gfqqqj46zkBe2xdMHIz4w
DA:1035,0,Mv5fAWr4P/jAMT+2tAx7kQ
DA:1036,0,Usc5n9g49bLKznXHIwi5Vg
DA:1037,0,A5HbmlLMILLjqIl2m3OYfw
DA:1038,0,PCQPucxMZR6+Q+GIjc6FZg
DA:1039,0,j/aLc6TsqdbmOs/I8FofcA
DA:1059,0,sqDcvWAMYbFVRhYJzAnKuQ
DA:1060,0,casWXR9kI2g5CUkfLEwkDg
DA:1061,0,HdMxc30KI5RwRuzP80n4mQ
DA:1062,0,ycHhLNwnNtdk14CkozGuKw
DA:1063,0,qEM4bFBwiIDS8RaYgzc5zg
DA:1064,0,dVC+HNutklYwapJbJOKpmA
DA:1065,0,+EEmt9hAIdEP9X04tBxl9w
DA:1066,0,VlykEUF/L6SJe2LdJruIyQ
DA:1067,0,Y92t7Z+9+F97P6PkT5tkFQ
DA:1068,0,G3mcvMB3lXh8w6tywZBAOA
DA:1069,0,1PXwnVeUCFnHbcZUQ9jPLA
DA:1070,0,4Gfqqqj46zkBe2xdMHIz4w
DA:1071,0,Mv5fAWr4P/jAMT+2tAx7kQ
DA:1072,0,48Sb3QlPXMd8uoGl/yJC1g
DA:1073,0,ijAt2fh4m8/IRfDg/fY5rQ
DA:1074,0,PCQPucxMZR6+Q+GIjc6FZg
DA:1075,0,wdh/QmMUagMJRmY+In4a4w
DA:1076,0,NAb+yx8cYatQPWufQ/F2gw
DA:1077,0,oheGhifbWWPJ4iFqxf4R0Q
DA:1105,0,9cV8W5UeXduG1imUtCrMlw
DA:1106,0,NXLT8fGxYkYE0As1PrCrDQ
DA:1107,0,RtcXjjjB+V2Z4UYGACE5hQ
DA:1108,0,s8mAvqmKWFBv8V8rEn+1Cg
DA:1109,0,gwhY6VIUPEpLrExbYyUiyw
DA:1110,0,6UEvCn4eLGcq3m0JECBbxw
DA:1111,0,yJH3NVPEoYSr9fwqjrcKeQ
DA:1112,0,RJyslH0hnEN5fKJzecaIGw
DA:1113,0,X6oOwJxhX6CqzKW+QsruRg
DA:1114,0,XDVWP7nnOcNpQBgmhe07jg
DA:1115,0,Vi9txnjQgnq0jNZeM0vdlQ
DA:1116,0,Ajm12kj/WRGQfH3VwLGl9Q
DA:1117,0,yFULWgPpMc+ETtS+ybp3HA
DA:1118,0,sMKYwWmdeIO5GuVO68gcsg
DA:1119,0,wRHNUVDX9gluuZvOgg5svw
DA:1120,0,ouYu0qekp6QoQcmbpwOjOQ
DA:1121,0,Nn5GMzhSw6dSJPlbYgFv+w
DA:1122,0,97OAFCKzJY3dLBrQT/f9RQ
DA:1123,0,NvaodfDPfP75F7gQbjia0A
DA:1124,0,1Yrly00DiQ+gh8DcvlSpdg
DA:1125,0,Rx9xa4OkHQrAYkRIbc8OAQ
DA:1126,0,4Gfqqqj46zkBe2xdMHIz4w
DA:1127,0,Mv5fAWr4P/jAMT+2tAx7kQ
DA:1128,0,Usc5n9g49bLKznXHIwi5Vg
DA:1129,0,A5HbmlLMILLjqIl2m3OYfw
DA:1130,0,48Sb3QlPXMd8uoGl/yJC1g
DA:1131,0,ijAt2fh4m8/IRfDg/fY5rQ
DA:1132,0,PCQPucxMZR6+Q+GIjc6FZg
DA:1133,0,j/aLc6TsqdbmOs/I8FofcA
DA:1136,0,az4Fvn7qSOE98+6xTi5RBA
DA:1157,0,9cV8W5UeXduG1imUtCrMlw
DA:1158,0,4Gfqqqj46zkBe2xdMHIz4w
DA:1159,0,Mv5fAWr4P/jAMT+2tAx7kQ
DA:1160,0,Usc5n9g49bLKznXHIwi5Vg
DA:1161,0,A5HbmlLMILLjqIl2m3OYfw
DA:1162,0,PCQPucxMZR6+Q+GIjc6FZg
DA:1163,0,j/aLc6TsqdbmOs/I8FofcA
DA:1180,0,9cV8W5UeXduG1imUtCrMlw
DA:1181,0,4Gfqqqj46zkBe2xdMHIz4w
DA:1182,0,Mv5fAWr4P/jAMT+2tAx7kQ
DA:1183,0,Usc5n9g49bLKznXHIwi5Vg
DA:1184,0,A5HbmlLMILLjqIl2m3OYfw
DA:1185,0,PCQPucxMZR6+Q+GIjc6FZg
DA:1186,0,j/aLc6TsqdbmOs/I8FofcA
DA:1199,0,9cV8W5UeXduG1imUtCrMlw
DA:1200,0,PCQPucxMZR6+Q+GIjc6FZg
DA:1201,0,j/aLc6TsqdbmOs/I8FofcA
DA:1202,0,NAb+yx8cYatQPWufQ/F2gw
DA:1203,0,l56R6qbnP2dr35c+6/9nEQ
DA:1217,0,9cV8W5UeXduG1imUtCrMlw
DA:1218,0,4Gfqqqj46zkBe2xdMHIz4w
DA:1219,0,Mv5fAWr4P/jAMT+2tAx7kQ
DA:1220,0,Usc5n9g49bLKznXHIwi5Vg
DA:1221,0,A5HbmlLMILLjqIl2m3OYfw
DA:1222,0,48Sb3QlPXMd8uoGl/yJC1g
DA:1223,0,ijAt2fh4m8/IRfDg/fY5rQ
DA:1224,0,PCQPucxMZR6+Q+GIjc6FZg
DA:1225,0,j/aLc6TsqdbmOs/I8FofcA
DA:1242,0,9cV8W5UeXduG1imUtCrMlw
DA:1243,0,UFFCtPhs0sfQjRD1mwlg0A
DA:1244,0,uaetSitAoD2KfPp3FZWY0g
DA:1245,0,gc1YS2P2NrTmxtA+/NTutg
DA:1246,0,T6svk+GmbNvwYZTWl5eFEg
DA:1247,0,4Gfqqqj46zkBe2xdMHIz4w
DA:1248,0,Mv5fAWr4P/jAMT+2tAx7kQ
DA:1249,0,Usc5n9g49bLKznXHIwi5Vg
DA:1250,0,A5HbmlLMILLjqIl2m3OYfw
DA:1251,0,48Sb3QlPXMd8uoGl/yJC1g
DA:1252,0,ijAt2fh4m8/IRfDg/fY5rQ
DA:1253,0,PCQPucxMZR6+Q+GIjc6FZg
DA:1254,0,j/aLc6TsqdbmOs/I8FofcA
DA:1260,0,UBNGC/4l7TzKcaSA+0L9uA
DA:1262,0,+QtiGVnedZ8VTL+9cC4NtQ
DA:1264,0,euf6lOR86/57UQkIb6uazQ
DA:1266,0,ScJ+iN3uJIonM2tp/9c5Kg
DA:1269,0,XwvwP+oSfJ3TUBEvkXdRyA
DA:1271,0,kIgx4Wi+djqKM3fe4ijqIA
DA:1274,0,V4+xklXWxTwAYK19NwcKeg
DA:1275,0,zPSneSsl8uDRRZeGHr0LjA
DA:1277,0,NLutwL79TYgL7XiU0N9UeQ
DA:1292,0,RpsYhfBo/59t2F406Ez31w
LF:568
LH:86
end_of_record
TN:
SF:fedifetcher\api\mastodon\api_mastodon_compat.py
DA:2,1,YfNjf/lR08q7la6j9dr6QQ
DA:4,1,HA4qtgpkNNQMrr/XhWbiqw
DA:5,1,RuZ5KcncCoRYUb0REMXZIg
DA:6,1,DUABgmm7ump6+3JvhS9mew
DA:10,1,PiZPX7qxBzV5lRHyHKcIQg
DA:11,1,IDIBVy2fPKhuEUZm09wqEQ
DA:12,1,Y04Bzs7/eTo/eOl4WouW/Q
DA:13,1,2bAcyrJJzdAILxjsHDrlXQ
DA:14,1,uEVcDe7d+uMUG7LRu3HlnA
DA:15,1,FpiacC1+so+d0IyfN5GcJQ
DA:17,1,bRarWQAJ+DlGHJyALP42Fw
DA:18,1,RuZ5KcncCoRYUb0REMXZIg
DA:19,1,FnlZ/X36sulHFAHJPj8AOg
DA:20,1,PiZPX7qxBzV5lRHyHKcIQg
DA:21,1,OdLo76sjIObqlxu4/jSkmg
DA:22,1,QpmzJ4QlgeKzDJOeYNdWqQ
DA:24,1,20ZdjPZ0k6tAsN8cPIBw7A
DA:25,1,RuZ5KcncCoRYUb0REMXZIg
DA:26,1,OKGB70dDxRvRSyI9lTI1CA
DA:31,1,rw3D8D7x/Ul7j43o9s5WHg
DA:32,1,PdeqDqr4bOft68ON3+/7kg
DA:35,1,RuZ5KcncCoRYUb0REMXZIg
DA:36,1,jcQDa6b8hDEQIIOcKkVlSA
DA:40,1,RuZ5KcncCoRYUb0REMXZIg
DA:41,1,XXdWzJxHK7hRyJKQfAjR8Q
DA:7,0,6a4/Y3THRR1rG02QSKSVHg
DA:8,0,TxYVtfwdsET9L7YRulxTmA
DA:9,0,UQFeYonH3IUNI6WYomzDPQ
DA:27,0,PiZPX7qxBzV5lRHyHKcIQg
DA:28,0,bUD5UGH36efFlp1oaTqgkg
DA:29,0,VSoIhVG+5dUCJfGJiwY7zg
DA:37,0,eCH+TKaNn426Dr4MaJa6Bw
DA:38,0,ZmFuYj/tKZw7JLaU2V7a8w
DA:42,0,PiZPX7qxBzV5lRHyHKcIQg
DA:43,0,LYz3+oHr3YvpLe5wwvSmNg
DA:44,0,wWvyVCzDRWfTVXhFZNNl1w
DA:45,0,npVlJVKebmqT6DLerbUhZA
DA:46,0,wWvyVCzDRWfTVXhFZNNl1w
LF:38
LH:25
end_of_record
TN:
SF:fedifetcher\api\mastodon\api_mastodon_errors.py
DA:6,1,roxwQ8CYEoy4nru6zWZNNw
DA:7,1,3MFREJtBkhKDKLKcCW62ag
DA:10,1,9v6qFwMTfgwdg82LocOwbA
DA:11,1,6rwvYYY8nTUo+tlhQQwEZw
DA:16,1,XNe3xCbW49eHMXIZYqttxQ
DA:17,1,Z7gs8Rbdx5P4NtEEwqOJYg
DA:21,1,dbOgMA/Dm+P/UBuN94CXhg
DA:22,1,F+jIFZpxuuEYKblsKAGG5A
DA:25,1,//sPlvz4M6Jw4ZL7PS3BvA
DA:26,1,/dWZGP+7NMWg/d/pMmf55A
DA:30,1,/E82+MPwSBOVFFVMHbBLoQ
DA:31,1,L8ggy8qPkh3Y4RGLyBog4Q
DA:35,1,BGX6ZRGAuQ1owolgvvZbWA
DA:36,1,RaeIUL8xge2oXUimsfUifw
DA:40,1,VLvw+z1B4gXXlC5pDt47CQ
DA:41,1,Kek0sl6jwx636UfN17QOJA
DA:45,1,vd+g/ZUfft1rR1MjvB6dAg
DA:46,1,b7MBzC6F2P/7IYeeyBuZZw
DA:50,1,WbLFarUs00zBQgwuviJcaQ
DA:51,1,2P3zMTMCXi4nofEkO5T/rQ
DA:55,1,J5xbBVUMV1/XsLOHtKJCvA
DA:56,1,DvhV9MjzuuJ/GlBhpKsB/g
DA:60,1,9nFjAsYs0jzU99FzXBv33w
DA:61,1,CquRPna/pewfrRXDjDj+Ug
DA:65,1,NWWxvHXeoNiJBzyVlVHVUA
DA:66,1,j3WL0uQ/Kk+gebmNf6Gz0g
DA:70,1,81tpODosstKrLrP7Zt2llQ
DA:71,1,U6kJ/yrwi4kr+MRarRS22g
DA:75,1,iOebeXrEKa7J1cxAXbs+7w
DA:76,1,1IYAxgDasBLm4P5nNJTLug
DA:85,1,YRPd7IgXmtmWp+uTT70HBg
DA:86,1,9Jti0jrQCoFxkcchjCBbCw
DA:90,1,Bp+bsR0pSSlD1a7n4kCg4Q
DA:91,1,Y3nW0VjGynMH5LiQvCZvnw
LF:17
LH:17
end_of_record
TN:
SF:fedifetcher\api\mastodon\api_mastodon_types.py
DA:1,1,a9nlyvErTshTqpSWNxs3jw
DA:2,1,DVXUV0eG2vPdwIhGDSYVoQ
DA:4,1,vQPPNJN8nkl0EVU9Nd9QGw
DA:6,1,Qh3tw1pcWW5p1Aen3mHXRw
DA:14,1,OTRi8NeH4yY8pYqAVzfdjA
DA:15,1,qdEzb6+Y0UrzRxzsBJkf8g
DA:20,1,D3V+MQYuYCjujHa8UD8uQg
DA:21,1,/ZvqiDY7XVzMiSFdpC6ZCg
DA:28,1,U4HOOFqGpMyywhZoCm8n1Q
DA:29,1,/ZvqiDY7XVzMiSFdpC6ZCg
DA:36,1,i6KIVGxu89rk1bV99MVDUw
DA:37,1,/ZvqiDY7XVzMiSFdpC6ZCg
DA:44,1,3P/EQi52yyqqto5ipVGp2Q
DA:45,1,/ZvqiDY7XVzMiSFdpC6ZCg
DA:52,1,Myk5AjbghhWz1c0XV/nhfQ
DA:53,1,/ZvqiDY7XVzMiSFdpC6ZCg
DA:60,1,8pLLIGxxS7MwnT4R05vB8w
DA:61,1,/ZvqiDY7XVzMiSFdpC6ZCg
DA:68,1,YkxoYDzWMSPoE1xSotUzWA
DA:69,1,/ZvqiDY7XVzMiSFdpC6ZCg
DA:76,1,F12OyMuuZAc3VKEL60YGjg
DA:77,1,/ZvqiDY7XVzMiSFdpC6ZCg
DA:85,1,YNK0LV4QDlgdaE4plttmLw
DA:86,1,/ZvqiDY7XVzMiSFdpC6ZCg
DA:93,1,lR5dhqV0jIS23LmqD6Qz8g
DA:94,1,/ZvqiDY7XVzMiSFdpC6ZCg
DA:101,1,4SDHDmBGduIjBTrEpHVe6Q
DA:102,1,/ZvqiDY7XVzMiSFdpC6ZCg
DA:110,1,IgCLUS6kVg+T9+8IlHHZ1w
DA:111,1,/ZvqiDY7XVzMiSFdpC6ZCg
DA:118,1,bI0Ki1Iq7vnFvKRWo16vIQ
DA:119,1,/ZvqiDY7XVzMiSFdpC6ZCg
DA:127,1,WDc/RbUZhouXVIKnO8NfmQ
DA:128,1,/ZvqiDY7XVzMiSFdpC6ZCg
DA:136,1,lkiELF9VAxRdy+Pz9G8JsA
DA:137,1,/ZvqiDY7XVzMiSFdpC6ZCg
DA:145,1,f0f1UqmKhlkWPPI0ygKnvQ
DA:146,1,/ZvqiDY7XVzMiSFdpC6ZCg
DA:154,1,zjoTXPwFpBDBOcR/B7TpqA
DA:155,1,/ZvqiDY7XVzMiSFdpC6ZCg
DA:163,1,NGPQycJFx/Op72TzwXFwmQ
DA:164,1,/ZvqiDY7XVzMiSFdpC6ZCg
DA:171,1,79465DKRJInjPqUP9oqSsw
DA:172,1,/ZvqiDY7XVzMiSFdpC6ZCg
DA:179,1,mMNq5lm//vDLbGJO9kKvzg
DA:180,1,/ZvqiDY7XVzMiSFdpC6ZCg
DA:187,1,CXw8o+MDzA7C/kI7jOPxJw
DA:188,1,/ZvqiDY7XVzMiSFdpC6ZCg
DA:195,1,/t8EI7DKlhcoo3MeCUrHLA
DA:196,1,/ZvqiDY7XVzMiSFdpC6ZCg
DA:203,1,ci8afH4P9RBDowg90qSXMQ
DA:204,1,/ZvqiDY7XVzMiSFdpC6ZCg
DA:211,1,4VEh8wdx4DlEtcHqxcSujA
DA:212,1,/ZvqiDY7XVzMiSFdpC6ZCg
DA:220,1,Za6KuovqR2/SPKrzS5mKnA
DA:221,1,/ZvqiDY7XVzMiSFdpC6ZCg
DA:228,1,y+Gq5ayMQELpJNYWIB4ibQ
DA:229,1,/ZvqiDY7XVzMiSFdpC6ZCg
DA:239,1,cgWco6T9rXiiF+Ny0hYHSg
DA:240,1,/ZvqiDY7XVzMiSFdpC6ZCg
DA:247,1,zw887VLj6VLiGTXPVIrxRg
DA:248,1,/ZvqiDY7XVzMiSFdpC6ZCg
DA:255,1,aS05UlNi2rNzLvdVRMrC0Q
DA:256,1,/ZvqiDY7XVzMiSFdpC6ZCg
DA:263,1,TiOJQBPSGNW1PH982b8llA
DA:265,1,dWUYwdyaRCU31Di1hFaHRA
DA:266,1,G/p46Tbp3JcGqiiC7OUBJg
DA:271,1,3pyqk/wIUg+chtiG1pN7WQ
DA:272,1,/ZvqiDY7XVzMiSFdpC6ZCg
DA:279,1,+oBkg/IKBmWEDbk82lXCrA
DA:280,1,/ZvqiDY7XVzMiSFdpC6ZCg
DA:287,1,vNW1evxnhzkL/TWQgWTUFA
DA:288,1,/ZvqiDY7XVzMiSFdpC6ZCg
DA:295,1,fEHWHsOts4Ikq1Hvw0f/Ag
DA:297,1,euzKrt451muMmsV+Nbhy4Q
DA:298,1,RSCbx93MUWJ35IR64AXfPQ
DA:303,1,WVXtMILYFyl/x+cN3aTx2Q
DA:304,1,/ZvqiDY7XVzMiSFdpC6ZCg
DA:311,1,3pyqk/wIUg+chtiG1pN7WQ
DA:312,1,/ZvqiDY7XVzMiSFdpC6ZCg
DA:319,1,7HmdThJVK3lBQIGS8ynNiw
DA:320,1,/ZvqiDY7XVzMiSFdpC6ZCg
DA:327,1,CupdOA2k3eEMi05xjuBd6A
DA:328,1,/ZvqiDY7XVzMiSFdpC6ZCg
DA:335,1,F4Owe3Tt0ZVE2zxODM6hLA
DA:336,1,/ZvqiDY7XVzMiSFdpC6ZCg
DA:343,1,TiOJQBPSGNW1PH982b8llA
DA:345,1,BmEIdyXYKQuPyVchDGiamA
DA:346,1,rqvwMY8NRa8OsSbjPUfcZQ
DA:351,1,cIVtpHQUR1mTocGB44WWuw
DA:352,1,/ZvqiDY7XVzMiSFdpC6ZCg
DA:359,1,06lQMhtGM1JgF2BBaFNYvQ
DA:360,1,/ZvqiDY7XVzMiSFdpC6ZCg
DA:367,1,IgCLUS6kVg+T9+8IlHHZ1w
DA:368,1,/ZvqiDY7XVzMiSFdpC6ZCg
DA:375,1,WWaZ5VYeFCtHhq6tsHGMhw
DA:376,1,/ZvqiDY7XVzMiSFdpC6ZCg
DA:384,1,/t8EI7DKlhcoo3MeCUrHLA
DA:385,1,/ZvqiDY7XVzMiSFdpC6ZCg
DA:392,1,Xzb2BmVznIGN0av7cemryQ
DA:393,1,/ZvqiDY7XVzMiSFdpC6ZCg
DA:400,1,HIxlJ1vbUP38JH3EUBPetQ
DA:402,1,11t7ewS7teMZkK1pfGl7BA
DA:403,1,7JDv0rzyD9qGIIBfqZMY2Q
DA:408,1,D3V+MQYuYCjujHa8UD8uQg
DA:409,1,/ZvqiDY7XVzMiSFdpC6ZCg
DA:416,1,VeAVlDuEQEPndiOo+ymXnw
DA:417,1,/ZvqiDY7XVzMiSFdpC6ZCg
DA:424,1,+weFkJIL5XKKaiRZfgvZVg
DA:425,1,/ZvqiDY7XVzMiSFdpC6ZCg
DA:433,1,najyFow5sUP5ZMd9dn9FSg
DA:434,1,/ZvqiDY7XVzMiSFdpC6ZCg
DA:441,1,GRELEhIyx4GqKyYoQzrnaA
DA:442,1,/ZvqiDY7XVzMiSFdpC6ZCg
DA:449,1,iLHQhKIyxYsxzgpJzSlDiQ
DA:450,1,/ZvqiDY7XVzMiSFdpC6ZCg
DA:457,1,EPwUJmW02AeKHgbgaeYAcg
DA:458,1,/ZvqiDY7XVzMiSFdpC6ZCg
DA:465,1,O9yA8VvMIhoaQZOOcfubnw
DA:466,1,/ZvqiDY7XVzMiSFdpC6ZCg
DA:474,1,F12OyMuuZAc3VKEL60YGjg
DA:475,1,/ZvqiDY7XVzMiSFdpC6ZCg
DA:482,1,oY3x022mo0zJUlSIh3rovg
DA:483,1,/ZvqiDY7XVzMiSFdpC6ZCg
DA:490,1,yK58qz6DZAZIXgbT8DWkJQ
DA:491,1,/ZvqiDY7XVzMiSFdpC6ZCg
DA:498,1,A+CUplXg3IAm34lNcdFeLg
DA:499,1,/ZvqiDY7XVzMiSFdpC6ZCg
DA:506,1,hts0jIGje7Mf2Lyr8qM3Pw
DA:507,1,/ZvqiDY7XVzMiSFdpC6ZCg
DA:514,1,06lQMhtGM1JgF2BBaFNYvQ
DA:515,1,/ZvqiDY7XVzMiSFdpC6ZCg
DA:522,1,eRbOl52NuvAXFMh4j+zB2Q
DA:523,1,/ZvqiDY7XVzMiSFdpC6ZCg
DA:530,1,/STZsNX6blh4Q4KqOoEyAQ
DA:531,1,/ZvqiDY7XVzMiSFdpC6ZCg
DA:539,1,sBGIu/ieB/qF/6oEeFHJ1g
DA:540,1,/ZvqiDY7XVzMiSFdpC6ZCg
DA:547,1,OXDz4l5iqozw3nZszaMC+g
DA:548,1,/ZvqiDY7XVzMiSFdpC6ZCg
DA:555,1,ci8afH4P9RBDowg90qSXMQ
DA:556,1,/ZvqiDY7XVzMiSFdpC6ZCg
DA:563,1,0OOzKsGfoFvNk4lEdfQoMw
DA:564,1,/ZvqiDY7XVzMiSFdpC6ZCg
DA:571,1,P97g4Fk6pdt+Avt49SUIYQ
DA:572,1,/ZvqiDY7XVzMiSFdpC6ZCg
DA:579,1,JWP0i5bX7PPnMD17QiSUmw
DA:580,1,/ZvqiDY7XVzMiSFdpC6ZCg
DA:587,1,hpYpIHGz1LFXpXCk6LBBQw
DA:588,1,/ZvqiDY7XVzMiSFdpC6ZCg
DA:596,1,5VPhzyCf1ejRKcpCIjg53A
DA:597,1,/ZvqiDY7XVzMiSFdpC6ZCg
DA:604,1,BHsZBZxdmbTRA/amunNzDg
DA:605,1,/ZvqiDY7XVzMiSFdpC6ZCg
DA:612,1,HwcI4tSZ12sRdChJffcFzg
DA:613,1,/ZvqiDY7XVzMiSFdpC6ZCg
DA:620,1,QalYJg8c+EQ2ZZt8Ndd9eg
DA:621,1,/ZvqiDY7XVzMiSFdpC6ZCg
DA:628,1,L2cbJQuQyzh4UdayZ5h/yg
DA:629,1,/ZvqiDY7XVzMiSFdpC6ZCg
DA:636,1,f4zqvbz40tnJX5y9OfV1bA
DA:637,1,/ZvqiDY7XVzMiSFdpC6ZCg
DA:644,1,qV9Lu9Vw4k6E6IOWoZQwNg
DA:645,1,/ZvqiDY7XVzMiSFdpC6ZCg
DA:652,1,TiOJQBPSGNW1PH982b8llA
DA:654,1,Bl3o+oOamPG33KZPBpmq9A
DA:655,1,M4raaWMXgrwGI8V08PHZ+g
DA:660,1,O9yA8VvMIhoaQZOOcfubnw
DA:661,1,/ZvqiDY7XVzMiSFdpC6ZCg
DA:668,1,eRbOl52NuvAXFMh4j+zB2Q
DA:669,1,/ZvqiDY7XVzMiSFdpC6ZCg
DA:676,1,06lQMhtGM1JgF2BBaFNYvQ
DA:677,1,/ZvqiDY7XVzMiSFdpC6ZCg
DA:684,1,F12OyMuuZAc3VKEL60YGjg
DA:685,1,/ZvqiDY7XVzMiSFdpC6ZCg
DA:692,1,najyFow5sUP5ZMd9dn9FSg
DA:693,1,/ZvqiDY7XVzMiSFdpC6ZCg
DA:700,1,OXDz4l5iqozw3nZszaMC+g
DA:701,1,/ZvqiDY7XVzMiSFdpC6ZCg
DA:708,1,ci8afH4P9RBDowg90qSXMQ
DA:709,1,/ZvqiDY7XVzMiSFdpC6ZCg
DA:716,1,ueeE9nmmSqGmWM/NDsA/KA
DA:717,1,/ZvqiDY7XVzMiSFdpC6ZCg
DA:724,1,+HdWo1nbcsBGP0zKQPdk0w
DA:726,1,vK0I99HwRgrMmQigZh116w
DA:727,1,ozn6frkg9lX3g5ldN4H7Bg
DA:732,1,thE1aDMqZT7g0Kf/Wc6VAg
DA:733,1,/ZvqiDY7XVzMiSFdpC6ZCg
DA:740,1,HsvjbBBqu4CMQMcdluSOzQ
DA:741,1,/ZvqiDY7XVzMiSFdpC6ZCg
DA:748,1,GjfvyfnHshLOpzlNIHNucw
DA:749,1,/ZvqiDY7XVzMiSFdpC6ZCg
DA:756,1,TiOJQBPSGNW1PH982b8llA
DA:758,1,AeIQAp42fGsr2jogKeYZTw
DA:759,1,fYdxjJePqqPRt7GH7NP/Og
DA:764,1,bI0Ki1Iq7vnFvKRWo16vIQ
DA:765,1,/ZvqiDY7XVzMiSFdpC6ZCg
DA:773,1,U4HOOFqGpMyywhZoCm8n1Q
DA:774,1,/ZvqiDY7XVzMiSFdpC6ZCg
DA:781,1,i6KIVGxu89rk1bV99MVDUw
DA:782,1,/ZvqiDY7XVzMiSFdpC6ZCg
DA:789,1,WVXtMILYFyl/x+cN3aTx2Q
DA:790,1,/ZvqiDY7XVzMiSFdpC6ZCg
DA:797,1,SxebrB4D3X7Mq0jsovCfpg
DA:799,1,AXb9u5TDLPiP4G04Jc4pGw
DA:800,1,fNgfCt6ko7Jl+aaSCGgeuQ
DA:805,1,WVXtMILYFyl/x+cN3aTx2Q
DA:806,1,/ZvqiDY7XVzMiSFdpC6ZCg
DA:813,1,9CyQQ6dIRq1j9q6PR83taQ
DA:814,1,/ZvqiDY7XVzMiSFdpC6ZCg
DA:821,1,DPPhPaKh9FK5iWJNxS59RQ
DA:822,1,/ZvqiDY7XVzMiSFdpC6ZCg
DA:829,1,jqmdt4o6WOh+PWZlA3pohQ
DA:830,1,/ZvqiDY7XVzMiSFdpC6ZCg
DA:837,1,6PVciY/PkziCwEVPOS7Hbw
DA:839,1,/CPSOCG77odSVWagU0RKAA
DA:840,1,sByVqohZw+A1B4/sZQmVYg
DA:845,1,P7016prPTn0H+8r3mhIyiw
DA:846,1,/ZvqiDY7XVzMiSFdpC6ZCg
DA:853,1,GRELEhIyx4GqKyYoQzrnaA
DA:854,1,/ZvqiDY7XVzMiSFdpC6ZCg
DA:861,1,MjBKqCFPLC0AKsKTYxoK/Q
DA:862,1,/ZvqiDY7XVzMiSFdpC6ZCg
DA:869,1,mHMf6g0PoIj8WXBCJkUcOA
DA:870,1,/ZvqiDY7XVzMiSFdpC6ZCg
DA:877,1,/STZsNX6blh4Q4KqOoEyAQ
DA:878,1,/ZvqiDY7XVzMiSFdpC6ZCg
DA:885,1,PPd/dZQCDFgQa688hWKfvQ
DA:886,1,/ZvqiDY7XVzMiSFdpC6ZCg
DA:893,1,P7vVHRKulji44EQCEr20Tg
DA:894,1,/ZvqiDY7XVzMiSFdpC6ZCg
DA:901,1,CrXT4fmkeGWrSoe9UhgNEA
DA:902,1,/ZvqiDY7XVzMiSFdpC6ZCg
DA:909,1,38iNlaPdcOhxeqzc7Gyoug
DA:910,1,/ZvqiDY7XVzMiSFdpC6ZCg
DA:917,1,L2cbJQuQyzh4UdayZ5h/yg
DA:918,1,/ZvqiDY7XVzMiSFdpC6ZCg
DA:925,1,hpYpIHGz1LFXpXCk6LBBQw
DA:926,1,/ZvqiDY7XVzMiSFdpC6ZCg
DA:934,1,1fNsTVGqF8aLvMkOT6NG+g
DA:935,1,/ZvqiDY7XVzMiSFdpC6ZCg
DA:942,1,fAesH7sXXOPHnFS31Cc6fw
DA:943,1,/ZvqiDY7XVzMiSFdpC6ZCg
DA:950,1,MF5lMwAIGyd2XpNhh7lZVA
DA:952,1,/8+Mci7rZcMlDKhp3QhVig
DA:953,1,OHIMUOt31ozAY6Bdg8F+Wg
DA:958,1,WVXtMILYFyl/x+cN3aTx2Q
DA:959,1,/ZvqiDY7XVzMiSFdpC6ZCg
DA:966,1,sw9w7v+YQlGOU6/ODBzTQw
DA:967,1,/ZvqiDY7XVzMiSFdpC6ZCg
DA:974,1,DCzFapbKfRIPv0u9ZxD9Kg
DA:975,1,/ZvqiDY7XVzMiSFdpC6ZCg
DA:982,1,T1WnZvhGJpYlRgzv+FLRMg
DA:983,1,/ZvqiDY7XVzMiSFdpC6ZCg
DA:990,1,CopzFzg5SwdLQKDKbXg0zw
DA:991,1,/ZvqiDY7XVzMiSFdpC6ZCg
DA:998,1,RAICaXh1mUuY+3YEJI8H4g
DA:999,1,/ZvqiDY7XVzMiSFdpC6ZCg
DA:1006,1,EpL03rZ/pt381YLZD7/Acg
DA:1007,1,/ZvqiDY7XVzMiSFdpC6ZCg
DA:1014,1,ci8afH4P9RBDowg90qSXMQ
DA:1015,1,/ZvqiDY7XVzMiSFdpC6ZCg
DA:1022,1,cavjsfmA7jd4mtYAenDlxw
DA:1023,1,/ZvqiDY7XVzMiSFdpC6ZCg
DA:1030,1,gfegrHigrFaIinYOByuDUg
DA:1031,1,/ZvqiDY7XVzMiSFdpC6ZCg
DA:1038,1,MF5lMwAIGyd2XpNhh7lZVA
DA:1040,1,F0aQQlq3rPE5SN5d66NtnQ
DA:1041,1,G/5lhXbzCLYVJ020lLe5gw
DA:1046,1,tAVjLIcAwllKPuWE1n+RSw
DA:1047,1,/ZvqiDY7XVzMiSFdpC6ZCg
DA:1054,1,yj/joEO+HGIyRAynxI7fBw
DA:1055,1,/ZvqiDY7XVzMiSFdpC6ZCg
DA:1062,1,MF5lMwAIGyd2XpNhh7lZVA
DA:1064,1,0LNlLeClJZzMFUH72KfmwQ
DA:1065,1,ayQaKinHzLkmGggUmS+Aqg
DA:1070,1,WVXtMILYFyl/x+cN3aTx2Q
DA:1071,1,/ZvqiDY7XVzMiSFdpC6ZCg
DA:1078,1,QUm9RUKUs+qvg8cfx8gQQg
DA:1079,1,/ZvqiDY7XVzMiSFdpC6ZCg
DA:1086,1,Ju5iB9yr9YkzWC2TePG+AA
DA:1087,1,/ZvqiDY7XVzMiSFdpC6ZCg
DA:1094,1,JGulmG1h0EzyxSN+bHn6gw
DA:1095,1,/ZvqiDY7XVzMiSFdpC6ZCg
DA:1102,1,fEHWHsOts4Ikq1Hvw0f/Ag
DA:1104,1,5F5wIilh5ls8vi4QNEZgbQ
DA:1105,1,XajQrL2wFjJqo8gi/XQ2Yg
DA:1110,1,3pyqk/wIUg+chtiG1pN7WQ
DA:1111,1,/ZvqiDY7XVzMiSFdpC6ZCg
DA:1118,1,bI0Ki1Iq7vnFvKRWo16vIQ
DA:1119,1,/ZvqiDY7XVzMiSFdpC6ZCg
DA:1127,1,zWSFFBoy+zF+aGazRIslQA
DA:1128,1,/ZvqiDY7XVzMiSFdpC6ZCg
DA:1135,1,+DFvk4q9Ooy7B6QaZzSoAw
DA:1136,1,/ZvqiDY7XVzMiSFdpC6ZCg
DA:1143,1,TiOJQBPSGNW1PH982b8llA
DA:1145,1,PWWwcNYAOIlsmwigVEPJ4g
DA:1146,1,aE9FSz1Qio2tPNyh0X2p/g
DA:1151,1,00ZVMJfYVbX00NC4CnR65Q
DA:1152,1,/ZvqiDY7XVzMiSFdpC6ZCg
DA:1160,1,kQIMbLGGu0CrkZ0U/UM3Lw
DA:1161,1,/ZvqiDY7XVzMiSFdpC6ZCg
DA:1168,1,Iqj4AbXTOgeWBLkRHjqKJw
DA:1169,1,/ZvqiDY7XVzMiSFdpC6ZCg
DA:1176,1,FTKc2hNQk63JDdHHbRAOlg
DA:1178,1,7uhEZsze62BZuiOM3ECsEg
DA:1179,1,snyxxg74qzKXUX75wPpR+g
DA:1184,1,ycMhgHZzcoAFhGqCZjhFJQ
DA:1185,1,/ZvqiDY7XVzMiSFdpC6ZCg
DA:1192,1,bI0Ki1Iq7vnFvKRWo16vIQ
DA:1193,1,/ZvqiDY7XVzMiSFdpC6ZCg
DA:1201,1,xkHcVBihUjtD91o+Dkk2Cg
DA:1202,1,/ZvqiDY7XVzMiSFdpC6ZCg
DA:1210,1,y4VZ/eqZ9q54PVZhC85teA
DA:1211,1,/ZvqiDY7XVzMiSFdpC6ZCg
DA:1218,1,x87FP5Pr3c9vLF2Wvk6arA
DA:1219,1,/ZvqiDY7XVzMiSFdpC6ZCg
DA:1226,1,HIxlJ1vbUP38JH3EUBPetQ
DA:1228,1,JVVrzR+jUUGSXNLOj9s2ig
DA:1229,1,sQbt9BqC+DC+NIMI06bAIQ
DA:1234,1,3pyqk/wIUg+chtiG1pN7WQ
DA:1235,1,/ZvqiDY7XVzMiSFdpC6ZCg
DA:1242,1,Q7zoH8olR6MQF0l/SzCXsw
DA:1243,1,/ZvqiDY7XVzMiSFdpC6ZCg
DA:1251,1,apPBQQ27/vjp5Z1rKJ6l4A
DA:1252,1,/ZvqiDY7XVzMiSFdpC6ZCg
DA:1259,1,BDL84c97Cd1u0mzFg5o0ag
DA:1261,1,dVN53Xxw98eFkNXLKiRLSw
DA:1262,1,+0UQAtsReas0A5DkghlmLQ
DA:1267,1,WVXtMILYFyl/x+cN3aTx2Q
DA:1268,1,/ZvqiDY7XVzMiSFdpC6ZCg
DA:1275,1,3OffeBPEdarEmEYlcXg2aA
DA:1276,1,/ZvqiDY7XVzMiSFdpC6ZCg
DA:1283,1,TwnBCORTuswIP1y92DC6HA
DA:1284,1,/ZvqiDY7XVzMiSFdpC6ZCg
DA:1291,1,YlwKVBjUZm5r1qyofaD0gw
DA:1292,1,/ZvqiDY7XVzMiSFdpC6ZCg
DA:1299,1,291hZ8/C0vv89N/6H+bfcQ
DA:1300,1,/ZvqiDY7XVzMiSFdpC6ZCg
DA:1307,1,NGOc5TkwcQ3CPu3CSwSkTQ
DA:1308,1,/ZvqiDY7XVzMiSFdpC6ZCg
DA:1315,1,FomO6QmCMe2JLeFPMvncvg
DA:1316,1,/ZvqiDY7XVzMiSFdpC6ZCg
DA:1323,1,k1WfMQmr4R0rvAjzArZbPg
DA:1324,1,/ZvqiDY7XVzMiSFdpC6ZCg
DA:1331,1,f7zuQwwi64+0/cIyRE4Xog
DA:1332,1,/ZvqiDY7XVzMiSFdpC6ZCg
DA:1339,1,V1bQUpaP02IdsvhZg2H1jA
DA:1340,1,/ZvqiDY7XVzMiSFdpC6ZCg
DA:1347,1,jtE7BHZWS6VzB2G7E6zHOw
DA:1348,1,/ZvqiDY7XVzMiSFdpC6ZCg
DA:1355,1,IgCLUS6kVg+T9+8IlHHZ1w
DA:1356,1,/ZvqiDY7XVzMiSFdpC6ZCg
DA:1363,1,A2nwYkEsAvkm70rDgn/ZDg
DA:1364,1,/ZvqiDY7XVzMiSFdpC6ZCg
DA:1371,1,+8Wf2QTyoDc5RQSfyHlhdg
DA:1372,1,/ZvqiDY7XVzMiSFdpC6ZCg
DA:1380,1,6pwBPpWPfBj4pZWvQiaYHw
DA:1381,1,/ZvqiDY7XVzMiSFdpC6ZCg
DA:1388,1,TiOJQBPSGNW1PH982b8llA
DA:1390,1,i15g08q68v4ODhHFJIbAjQ
DA:1391,1,ErqmS8iUgUi3rslxtvMm5g
DA:1396,1,WVXtMILYFyl/x+cN3aTx2Q
DA:1397,1,/ZvqiDY7XVzMiSFdpC6ZCg
DA:1404,1,anOVaiP8xpnVK0242N/yzA
DA:1405,1,/ZvqiDY7XVzMiSFdpC6ZCg
DA:1412,1,0bUACnt31tbDbOuCmMmJgw
DA:1413,1,/ZvqiDY7XVzMiSFdpC6ZCg
DA:1422,1,sw9w7v+YQlGOU6/ODBzTQw
DA:1423,1,/ZvqiDY7XVzMiSFdpC6ZCg
DA:1430,1,qWKX/iArmBtuJjr+2L88UQ
DA:1431,1,/ZvqiDY7XVzMiSFdpC6ZCg
DA:1438,1,GBgzkkzgf1o0umnOQW/qWw
DA:1439,1,/ZvqiDY7XVzMiSFdpC6ZCg
DA:1446,1,Ruyv5zbI0JLZdOVAOoclXg
DA:1448,1,tBYYKoskru3Dw2FITnDUOw
DA:1449,1,ErqmS8iUgUi3rslxtvMm5g
DA:1454,1,WVXtMILYFyl/x+cN3aTx2Q
DA:1455,1,/ZvqiDY7XVzMiSFdpC6ZCg
DA:1462,1,0bUACnt31tbDbOuCmMmJgw
DA:1463,1,/ZvqiDY7XVzMiSFdpC6ZCg
DA:1471,1,sw9w7v+YQlGOU6/ODBzTQw
DA:1472,1,/ZvqiDY7XVzMiSFdpC6ZCg
DA:1479,1,tAVjLIcAwllKPuWE1n+RSw
DA:1480,1,/ZvqiDY7XVzMiSFdpC6ZCg
DA:1487,1,TOFPOdHh1ymFzIadR2QoAw
DA:1488,1,/ZvqiDY7XVzMiSFdpC6ZCg
DA:1496,1,7we5TcOcMb063XoD8+VOjg
DA:1497,1,/ZvqiDY7XVzMiSFdpC6ZCg
DA:1504,1,RM6AoE9irMvzIJmexWnvSA
DA:1505,1,/ZvqiDY7XVzMiSFdpC6ZCg
DA:1512,1,TiOJQBPSGNW1PH982b8llA
DA:1514,1,CCapbF78yhWPv7D0ObmNtw
DA:1515,1,2dKvau9vuR08DLaN+DN1pg
DA:1520,1,WVXtMILYFyl/x+cN3aTx2Q
DA:1521,1,/ZvqiDY7XVzMiSFdpC6ZCg
DA:1528,1,yNN31EBjy4oJkym9oSW61w
DA:1529,1,/ZvqiDY7XVzMiSFdpC6ZCg
DA:1542,1,F12OyMuuZAc3VKEL60YGjg
DA:1543,1,/ZvqiDY7XVzMiSFdpC6ZCg
DA:1550,1,najyFow5sUP5ZMd9dn9FSg
DA:1551,1,/ZvqiDY7XVzMiSFdpC6ZCg
DA:1558,1,8p0IkvbO2YWLKnVWyRm/qQ
DA:1559,1,/ZvqiDY7XVzMiSFdpC6ZCg
DA:1566,1,TiOJQBPSGNW1PH982b8llA
DA:1568,1,08u5uBlkkCcDYzc9ZnKrMA
DA:1569,1,z26O95Hu3P/YKerGEqpyhw
DA:1574,1,gTz5rrLvgLxuoP4LtZ0BPg
DA:1575,1,/ZvqiDY7XVzMiSFdpC6ZCg
DA:1582,1,qraMjDco1/MV/fvo6PLjYQ
DA:1583,1,/ZvqiDY7XVzMiSFdpC6ZCg
DA:1590,1,SxebrB4D3X7Mq0jsovCfpg
DA:1592,1,wC9t9SVePdwnVoR+blNbTA
DA:1593,1,aUVWcVq0XZyO5FFm38Oqng
DA:1598,1,WVXtMILYFyl/x+cN3aTx2Q
DA:1599,1,/ZvqiDY7XVzMiSFdpC6ZCg
DA:1606,1,tAVjLIcAwllKPuWE1n+RSw
DA:1607,1,/ZvqiDY7XVzMiSFdpC6ZCg
DA:1614,1,BOR5CddNrVQbEjd8M3iU9w
DA:1615,1,/ZvqiDY7XVzMiSFdpC6ZCg
DA:1623,1,YPY44ZReFq9+k/wWRAnQHQ
DA:1625,1,1YN7hoazgv9wlsm9rj9Ubw
DA:1626,1,HZIKWk1+6e+kWLARwHeB/g
DA:1631,1,D3V+MQYuYCjujHa8UD8uQg
DA:1632,1,/ZvqiDY7XVzMiSFdpC6ZCg
DA:1639,1,yNN31EBjy4oJkym9oSW61w
DA:1640,1,/ZvqiDY7XVzMiSFdpC6ZCg
DA:1648,1,bI0Ki1Iq7vnFvKRWo16vIQ
DA:1649,1,/ZvqiDY7XVzMiSFdpC6ZCg
DA:1657,1,4Gk1I/IMwZHbt0z9oqJTig
DA:1658,1,/ZvqiDY7XVzMiSFdpC6ZCg
DA:1666,1,1uLe2V4OMu8awu7aDfkgGw
DA:1667,1,/ZvqiDY7XVzMiSFdpC6ZCg
DA:1675,1,nmrd1o3czF/1kySgooARKg
DA:1676,1,/ZvqiDY7XVzMiSFdpC6ZCg
DA:1687,1,v7oirQvLnpGGK3lBpSZj2g
DA:1688,1,/ZvqiDY7XVzMiSFdpC6ZCg
DA:1697,1,wwWAqbku85n4ZHk1reA/Zg
DA:1698,1,/ZvqiDY7XVzMiSFdpC6ZCg
DA:1706,1,1VEFG466nNtZF1QOe4kBnQ
DA:1707,1,/ZvqiDY7XVzMiSFdpC6ZCg
DA:1714,1,GURkdSOecqpQOPt0uVOGug
DA:1715,1,/ZvqiDY7XVzMiSFdpC6ZCg
DA:1723,1,TiOJQBPSGNW1PH982b8llA
DA:1725,1,4ta6SE8yRMfJ1lFusRgElA
DA:1726,1,EcbvieDz38JaqC7jKfxMlw
DA:1731,1,wI+htR3arecl3JiZP+lmwQ
DA:1732,1,/ZvqiDY7XVzMiSFdpC6ZCg
DA:1739,1,B39S8tCWGnAa2rQaulO3TQ
DA:1740,1,/ZvqiDY7XVzMiSFdpC6ZCg
DA:1747,1,5GvDGzVH+7Ri2JKIDtsmeA
DA:1748,1,/ZvqiDY7XVzMiSFdpC6ZCg
DA:1755,1,jpu0kx4a7LVp2FAo1sEPCQ
DA:1756,1,/ZvqiDY7XVzMiSFdpC6ZCg
DA:1763,1,TiOJQBPSGNW1PH982b8llA
DA:1765,1,yZ4gjai6OAu9dIXgEzvH7g
DA:1766,1,WGnW8o2bRbQff9RQlBsQ9A
DA:1771,1,66dUus4GFVaPlqpMBoJV0w
DA:1772,1,/ZvqiDY7XVzMiSFdpC6ZCg
DA:1779,1,5AnFRkwo+D/bqCLOGKYHOA
DA:1780,1,/ZvqiDY7XVzMiSFdpC6ZCg
DA:1787,1,Mv1Zp+50HCDSoRJgB9YwHw
DA:1788,1,/ZvqiDY7XVzMiSFdpC6ZCg
DA:1795,1,yDpSVefLYDFBfVaQv1Gs/A
DA:1796,1,/ZvqiDY7XVzMiSFdpC6ZCg
DA:1803,1,SxebrB4D3X7Mq0jsovCfpg
DA:1805,1,vVINE6f2z0/qdxKqoyl5Kg
DA:1806,1,erWVuSwtJ5Ou5eVZy+Jozw
DA:1811,1,66dUus4GFVaPlqpMBoJV0w
DA:1812,1,/ZvqiDY7XVzMiSFdpC6ZCg
DA:1819,1,5AnFRkwo+D/bqCLOGKYHOA
DA:1820,1,/ZvqiDY7XVzMiSFdpC6ZCg
DA:1827,1,EWiwbY2K+9Gew3zYtIl1EQ
DA:1828,1,/ZvqiDY7XVzMiSFdpC6ZCg
DA:1835,1,07zKsxCusgke7ym+hNz3Aw
DA:1836,1,/ZvqiDY7XVzMiSFdpC6ZCg
DA:1843,1,zlg3XRjdIztNXsjL30hoxg
DA:1844,1,/ZvqiDY7XVzMiSFdpC6ZCg
DA:1851,1,SxebrB4D3X7Mq0jsovCfpg
DA:1853,1,+7d6mi3Z+vc19kKsFV5adg
DA:1854,1,VMWuW6nnUNpWZidOzEkKRQ
DA:1859,1,07zKsxCusgke7ym+hNz3Aw
DA:1860,1,/ZvqiDY7XVzMiSFdpC6ZCg
DA:1867,1,zlg3XRjdIztNXsjL30hoxg
DA:1868,1,/ZvqiDY7XVzMiSFdpC6ZCg
DA:1875,1,SxebrB4D3X7Mq0jsovCfpg
DA:1877,1,A7ofxhZPgyr0ltGQlXxG7Q
DA:1878,1,bCR24wT6RCqvAxMF9/BE1g
DA:1883,1,2LClGOSXPI78d6Js5whu2A
DA:1884,1,/ZvqiDY7XVzMiSFdpC6ZCg
DA:1891,1,xhHuP8B5XIgHDD5BWoLlBA
DA:1892,1,/ZvqiDY7XVzMiSFdpC6ZCg
DA:1899,1,6AQl7HOzSohStxKwfORYiA
DA:1901,1,6nc3pbZ3+ilgRNmLgJC02w
DA:1902,1,qqlugRousoGyuy+8eQPmNQ
DA:1907,1,Xz7ZdpFZaZ4WVOIvdr5neA
DA:1908,1,/ZvqiDY7XVzMiSFdpC6ZCg
DA:1915,1,UMg7LIyS3NrmM+g583Zj8g
DA:1916,1,/ZvqiDY7XVzMiSFdpC6ZCg
DA:1923,1,qSSZ3IX1iMpAhRIgLx8iDA
DA:1924,1,/ZvqiDY7XVzMiSFdpC6ZCg
DA:1931,1,TiOJQBPSGNW1PH982b8llA
DA:1933,1,1VAGFXTKLkH6ibaL3AqBtQ
DA:1934,1,D++qeMaY1E4DYt1wG9NCCw
DA:1939,1,bI0Ki1Iq7vnFvKRWo16vIQ
DA:1940,1,/ZvqiDY7XVzMiSFdpC6ZCg
DA:1948,1,tAVjLIcAwllKPuWE1n+RSw
DA:1949,1,/ZvqiDY7XVzMiSFdpC6ZCg
DA:1956,1,q7RKCNBC7mwzoL62BvMDZQ
DA:1957,1,/ZvqiDY7XVzMiSFdpC6ZCg
DA:1964,1,yNN31EBjy4oJkym9oSW61w
DA:1965,1,/ZvqiDY7XVzMiSFdpC6ZCg
DA:1972,1,Pzht55P4wnPbbDhh9emtrg
DA:1973,1,/ZvqiDY7XVzMiSFdpC6ZCg
DA:1981,1,kiZ0ZfHLJVZpE+uVALFSLg
DA:1982,1,/ZvqiDY7XVzMiSFdpC6ZCg
DA:1989,1,1fsJKp6o/w2hKz0YSrfBOQ
DA:1990,1,/ZvqiDY7XVzMiSFdpC6ZCg
DA:1998,1,66dUus4GFVaPlqpMBoJV0w
DA:1999,1,/ZvqiDY7XVzMiSFdpC6ZCg
DA:2006,1,5AnFRkwo+D/bqCLOGKYHOA
DA:2007,1,/ZvqiDY7XVzMiSFdpC6ZCg
DA:2014,1,DJ6tNzNSPX0DEc/b44TL+w
DA:2015,1,/ZvqiDY7XVzMiSFdpC6ZCg
DA:2023,1,bOsNL8pN6OjJP4kM/p52Tw
DA:2024,1,/ZvqiDY7XVzMiSFdpC6ZCg
DA:2031,1,tqnyBljbqwaDBpouvJynxA
DA:2032,1,/ZvqiDY7XVzMiSFdpC6ZCg
DA:2040,1,9zN604ZBppTOds32r3mgrA
DA:2041,1,/ZvqiDY7XVzMiSFdpC6ZCg
DA:2049,1,hpYpIHGz1LFXpXCk6LBBQw
DA:2050,1,/ZvqiDY7XVzMiSFdpC6ZCg
DA:2058,1,cvQcR8USNak5AS02lAH59w
DA:2059,1,/ZvqiDY7XVzMiSFdpC6ZCg
DA:2067,1,W3s+kQZwyVqeUy5hVzM9jA
DA:2069,1,DyuU4Nhmukt2ToTOVyi2+g
DA:2070,1,c7cyFOSSfX4PklmSg4NK4g
DA:2075,1,Ju5iB9yr9YkzWC2TePG+AA
DA:2076,1,/ZvqiDY7XVzMiSFdpC6ZCg
DA:2083,1,dwM8MUtjN7vnoDltngD9qQ
DA:2084,1,/ZvqiDY7XVzMiSFdpC6ZCg
DA:2095,1,Ez7iVaW7uM66Y6yTU+b5Ng
DA:2096,1,/ZvqiDY7XVzMiSFdpC6ZCg
DA:2103,1,HIxlJ1vbUP38JH3EUBPetQ
DA:2105,1,uWAemPBIzXktCBzcDNxuGw
DA:2106,1,c7cyFOSSfX4PklmSg4NK4g
DA:2111,1,Ju5iB9yr9YkzWC2TePG+AA
DA:2112,1,/ZvqiDY7XVzMiSFdpC6ZCg
DA:2119,1,8SML0/ygQPRo+n2Jksu4qw
DA:2120,1,/ZvqiDY7XVzMiSFdpC6ZCg
DA:2127,1,Ez7iVaW7uM66Y6yTU+b5Ng
DA:2128,1,/ZvqiDY7XVzMiSFdpC6ZCg
DA:2135,1,FTKc2hNQk63JDdHHbRAOlg
DA:2137,1,vSRghSxQ+edZmlcoPYQZxQ
DA:2138,1,eR4O8CwcT1/icUp9nCG26g
DA:2143,1,VeAVlDuEQEPndiOo+ymXnw
DA:2144,1,/ZvqiDY7XVzMiSFdpC6ZCg
DA:2152,1,tAVjLIcAwllKPuWE1n+RSw
DA:2153,1,/ZvqiDY7XVzMiSFdpC6ZCg
DA:2160,1,gM82/M0hp+edNilIPfZUWg
DA:2161,1,/ZvqiDY7XVzMiSFdpC6ZCg
DA:2168,1,q7RKCNBC7mwzoL62BvMDZQ
DA:2169,1,/ZvqiDY7XVzMiSFdpC6ZCg
DA:2180,1,NF9tBxNsAjmRdaE/oEHrTg
DA:2181,1,/ZvqiDY7XVzMiSFdpC6ZCg
DA:2189,1,T9Rz/asaSRE4JJ9BR1fxDw
DA:2190,1,/ZvqiDY7XVzMiSFdpC6ZCg
DA:2197,1,FSNllSiy1E/+lk6YLShe4Q
DA:2198,1,/ZvqiDY7XVzMiSFdpC6ZCg
DA:2205,1,iHJKUcUsEDETnPuE22G+ZQ
DA:2206,1,/ZvqiDY7XVzMiSFdpC6ZCg
DA:2213,1,4giKXlobH3V8HUucXJT94w
DA:2214,1,/ZvqiDY7XVzMiSFdpC6ZCg
DA:2222,1,zDoUw0nVxBM67vcaniY9eA
DA:2223,1,/ZvqiDY7XVzMiSFdpC6ZCg
DA:2231,1,f1XOHVetuRuZEYjghJ6r8Q
DA:2232,1,/ZvqiDY7XVzMiSFdpC6ZCg
DA:2239,1,tV/BTWfWG23ESSH4XXKyXw
DA:2240,1,/ZvqiDY7XVzMiSFdpC6ZCg
DA:2247,1,a+m4/J3eojbCSSPsE5pfgA
DA:2248,1,/ZvqiDY7XVzMiSFdpC6ZCg
DA:2258,1,1TXZpmSnjfNb3lfRbMObrg
DA:2259,1,/ZvqiDY7XVzMiSFdpC6ZCg
DA:2266,1,Qv6V/AhcueuJlGR04jp0Jw
DA:2267,1,/ZvqiDY7XVzMiSFdpC6ZCg
DA:2274,1,xqcpTOSoSbPG7I084eWFgA
DA:2275,1,/ZvqiDY7XVzMiSFdpC6ZCg
DA:2282,1,TiOJQBPSGNW1PH982b8llA
DA:2283,1,NS+nONT+qHpjEFvzoOl9cg
DA:2291,1,qXCyPMPbesYEGL1NsKucuA
DA:2292,1,gtY4cNF46TcqLd1OYwt1RQ
DA:2297,1,pRVK090m2W77c7stolPTkg
DA:2298,1,/ZvqiDY7XVzMiSFdpC6ZCg
DA:2305,1,QZ0J0g80tBitutmHSTY7bQ
DA:2306,1,/ZvqiDY7XVzMiSFdpC6ZCg
DA:2313,1,usTtPebG4pyGRO4wDZo+gA
DA:2314,1,/ZvqiDY7XVzMiSFdpC6ZCg
DA:2321,1,WH1ng6gIfOvwI1t6WkZi5g
DA:2322,1,/ZvqiDY7XVzMiSFdpC6ZCg
DA:2329,1,TJ6jktK6wvLjNBFMm0bz2A
DA:2331,1,Z+s/RFXt5grh3zQicNKTyA
DA:2332,1,i+sH9AswzQl4nYGWMR02ZQ
DA:2337,1,Wq6GoHNnzJOHeS0iadi/jw
DA:2338,1,/ZvqiDY7XVzMiSFdpC6ZCg
DA:2346,1,TJ6jktK6wvLjNBFMm0bz2A
DA:2347,1,NS+nONT+qHpjEFvzoOl9cg
DA:2351,1,PWv56mwWM/IZc/agbsU3Vw
DA:2352,1,srXkmPQDp0ojeXIVh/OOQQ
DA:2357,1,ScuK5ogeYUabFJOVtdTVAg
DA:2358,1,/ZvqiDY7XVzMiSFdpC6ZCg
DA:2366,1,tAVjLIcAwllKPuWE1n+RSw
DA:2367,1,/ZvqiDY7XVzMiSFdpC6ZCg
DA:2374,1,T9Rz/asaSRE4JJ9BR1fxDw
DA:2375,1,/ZvqiDY7XVzMiSFdpC6ZCg
DA:2382,1,sFx4Q10nkg5cFB8+tuj31w
DA:2383,1,/ZvqiDY7XVzMiSFdpC6ZCg
DA:2391,1,q7RKCNBC7mwzoL62BvMDZQ
DA:2392,1,/ZvqiDY7XVzMiSFdpC6ZCg
DA:2400,1,Rgn7damqkcQjfX9QwPo8mg
DA:2401,1,/ZvqiDY7XVzMiSFdpC6ZCg
DA:2408,1,3FpNbuQSu7lWyLQq+a6aBw
DA:2409,1,/ZvqiDY7XVzMiSFdpC6ZCg
DA:2416,1,zDoUw0nVxBM67vcaniY9eA
DA:2417,1,/ZvqiDY7XVzMiSFdpC6ZCg
DA:2425,1,1TXZpmSnjfNb3lfRbMObrg
DA:2426,1,/ZvqiDY7XVzMiSFdpC6ZCg
DA:2433,1,dGLeB34Q0kiBvZfKLcUEVg
DA:2434,1,/ZvqiDY7XVzMiSFdpC6ZCg
DA:2441,1,+AP6LMHQpmxw4SZAaZ5OYA
DA:2442,1,/ZvqiDY7XVzMiSFdpC6ZCg
DA:2449,1,xqcpTOSoSbPG7I084eWFgA
DA:2450,1,/ZvqiDY7XVzMiSFdpC6ZCg
DA:2457,1,TiOJQBPSGNW1PH982b8llA
DA:2459,1,pwzdtYChHpgyfu2GBFZ7xQ
DA:2460,1,gtY4cNF46TcqLd1OYwt1RQ
DA:2465,1,pRVK090m2W77c7stolPTkg
DA:2466,1,/ZvqiDY7XVzMiSFdpC6ZCg
DA:2473,1,QZ0J0g80tBitutmHSTY7bQ
DA:2474,1,/ZvqiDY7XVzMiSFdpC6ZCg
DA:2481,1,usTtPebG4pyGRO4wDZo+gA
DA:2482,1,/ZvqiDY7XVzMiSFdpC6ZCg
DA:2489,1,WH1ng6gIfOvwI1t6WkZi5g
DA:2490,1,/ZvqiDY7XVzMiSFdpC6ZCg
DA:2497,1,Oqh0IoUAg9AeDmVQ397Wqg
DA:2498,1,/ZvqiDY7XVzMiSFdpC6ZCg
DA:2505,1,hugJRznT51Aiio+ultRiPw
DA:2506,1,/ZvqiDY7XVzMiSFdpC6ZCg
DA:2513,1,TiOJQBPSGNW1PH982b8llA
DA:2515,1,fpFwqx1ahbFUAJhBhINOwA
DA:2516,1,i+sH9AswzQl4nYGWMR02ZQ
DA:2521,1,v+6kt1XtGanV9kJmws/eSg
DA:2522,1,/ZvqiDY7XVzMiSFdpC6ZCg
DA:2530,1,8L3wTWjVunBvC1FzqqLo+A
DA:2531,1,/ZvqiDY7XVzMiSFdpC6ZCg
DA:2539,1,TiOJQBPSGNW1PH982b8llA
DA:2541,1,gaJyxD4FNC4QG5hiIr9ZrQ
DA:2542,1,mCNpRjRZ5r2E7nXt1BVT6w
DA:2547,1,bI0Ki1Iq7vnFvKRWo16vIQ
DA:2548,1,/ZvqiDY7XVzMiSFdpC6ZCg
DA:2556,1,9zN604ZBppTOds32r3mgrA
DA:2557,1,/ZvqiDY7XVzMiSFdpC6ZCg
DA:2565,1,pToQk6DNluQjQPoYuSUs6w
DA:2566,1,/ZvqiDY7XVzMiSFdpC6ZCg
DA:2573,1,TiOJQBPSGNW1PH982b8llA
DA:2575,1,7To0+X3iZ5SKDT0Dt2URmQ
DA:2576,1,wRVAIkibeaRcBJ3x10jyhA
DA:2581,1,UcohZgdYCCE/an3lEWjH7Q
DA:2582,1,/ZvqiDY7XVzMiSFdpC6ZCg
DA:2590,1,lLgnrdHZelCURR5VleL9sg
DA:2591,1,/ZvqiDY7XVzMiSFdpC6ZCg
DA:2599,1,TiOJQBPSGNW1PH982b8llA
DA:2600,1,oJX0u2N7U/15l2BY2jhRKA
DA:2605,1,nuBTM23oA8MDnYaBqr/0zg
DA:2606,1,/uBwszAw73Uv82KrW+U70A
DA:2611,1,a/LpCtqXNBXid8n1S1GzZg
DA:2612,1,/ZvqiDY7XVzMiSFdpC6ZCg
DA:2619,1,WSL+efxxRpuY61M770AFeA
DA:2620,1,/ZvqiDY7XVzMiSFdpC6ZCg
DA:2627,1,ScLFnpygV9mzf1bYY86VFg
DA:2628,1,/ZvqiDY7XVzMiSFdpC6ZCg
DA:2635,1,3JVJbDDG6fMeIEEk18fUHA
DA:2637,1,NpI1WObFNnOYQIUO+M6Xow
DA:2638,1,g8uGkyH3PROlu/FfoOTANQ
DA:2643,1,bo2aCbbMd7+FX9TzDzUWNg
DA:2644,1,/ZvqiDY7XVzMiSFdpC6ZCg
DA:2651,1,HIxlJ1vbUP38JH3EUBPetQ
DA:2653,1,cRc25uAwbFRdlplSVaXneA
DA:2654,1,2rAZC/hyFBUXqJfu+3kCZQ
DA:2659,1,nlgFQmAs3Wa0euCXmObCZw
DA:2660,1,/ZvqiDY7XVzMiSFdpC6ZCg
DA:2667,1,HIxlJ1vbUP38JH3EUBPetQ
DA:2669,1,f2uQDGI/9bQYg0MnkxHr5A
DA:2670,1,2GI13t/76RKLGFIxSSNyPA
DA:2675,1,WVXtMILYFyl/x+cN3aTx2Q
DA:2676,1,/ZvqiDY7XVzMiSFdpC6ZCg
DA:2683,1,P7016prPTn0H+8r3mhIyiw
DA:2684,1,/ZvqiDY7XVzMiSFdpC6ZCg
DA:2691,1,LOkzElDpa3+U3uWGjDRbeg
DA:2693,1,GWZYJAjXD2jMS75WzPqvZw
DA:2694,1,Z7w8Mz8q+6Ks2JOKHGi+Ug
DA:2699,1,tV/BTWfWG23ESSH4XXKyXw
DA:2700,1,/ZvqiDY7XVzMiSFdpC6ZCg
DA:2707,1,e7F7OwGNcSI21c1nnYIpNg
DA:2708,1,/ZvqiDY7XVzMiSFdpC6ZCg
DA:2715,1,/9hXh0mtkmnOMfP0qUwAXQ
DA:2716,1,/ZvqiDY7XVzMiSFdpC6ZCg
DA:2724,1,+weFkJIL5XKKaiRZfgvZVg
DA:2725,1,/ZvqiDY7XVzMiSFdpC6ZCg
DA:2733,1,TiOJQBPSGNW1PH982b8llA
DA:2735,1,lc+omcrhJddAgXfK3pDr0w
DA:2736,1,Tl2bqN+MNIwZuaWcxjfTbw
DA:2741,1,najyFow5sUP5ZMd9dn9FSg
DA:2742,1,/ZvqiDY7XVzMiSFdpC6ZCg
DA:2749,1,NF9tBxNsAjmRdaE/oEHrTg
DA:2750,1,/ZvqiDY7XVzMiSFdpC6ZCg
DA:2758,1,TiOJQBPSGNW1PH982b8llA
DA:2760,1,0z6n/roxfCJKc+VlYdqwrQ
DA:2761,1,Y+VzI3iu+6vtjVS5TjM2iA
DA:2766,1,7NkRAofe5FQ+eOePzjMXgA
DA:2767,1,/ZvqiDY7XVzMiSFdpC6ZCg
DA:2774,1,TiOJQBPSGNW1PH982b8llA
DA:2776,1,Xm8hPTjolugL2zMUmzk7lw
DA:2777,1,NufQUJtJVrfIN03GuBkKuw
DA:2782,1,Ke3BHzlkaFkAhxy3zN0qKQ
DA:2783,1,/ZvqiDY7XVzMiSFdpC6ZCg
DA:2790,1,IdYDhQDGq7JgcpHYdl7i0g
DA:2791,1,/ZvqiDY7XVzMiSFdpC6ZCg
DA:2798,1,5A0LT3BiwOMWQcUyUaoi8g
DA:2799,1,/ZvqiDY7XVzMiSFdpC6ZCg
DA:2806,1,TJ6jktK6wvLjNBFMm0bz2A
DA:2808,1,UJmWNrugpoiF0NjijWXc3A
DA:2809,1,h5COrAu9ucDiyuydPR6SAQ
DA:2814,1,e7F7OwGNcSI21c1nnYIpNg
DA:2815,1,/ZvqiDY7XVzMiSFdpC6ZCg
DA:2822,1,TiOJQBPSGNW1PH982b8llA
DA:2824,1,Jmr0kISFZVqTbW+pmzvt7Q
DA:2825,1,K1vKIh5Ath8Ge0ZtiAy6fQ
DA:2830,1,VEDzwYMqVmUgKGJW/cEPxA
DA:2831,1,/ZvqiDY7XVzMiSFdpC6ZCg
DA:2838,1,B1GUHXKEydjO+ysrmIpIhA
DA:2839,1,/ZvqiDY7XVzMiSFdpC6ZCg
DA:2846,1,vgwplrnvYc6YNOA3gp3dJg
DA:2847,1,/ZvqiDY7XVzMiSFdpC6ZCg
DA:2854,1,Pv2JA565DgePdXdFM2pMsw
DA:2855,1,/ZvqiDY7XVzMiSFdpC6ZCg
DA:2862,1,kTNF5gC4feOF4P1dLnjRtA
DA:2863,1,/ZvqiDY7XVzMiSFdpC6ZCg
DA:2870,1,s5Ch0uTmk1mVSPGtlTdEWw
DA:2871,1,/ZvqiDY7XVzMiSFdpC6ZCg
DA:2878,1,TJ6jktK6wvLjNBFMm0bz2A
DA:2880,1,/61VdFgH8Hpw5C+WvGuaQA
DA:2881,1,uI8hpkSAtPUtt31I1rlsLg
DA:2886,1,y4zQ4Hg+ztgB0axrtpeYFQ
DA:2887,1,/ZvqiDY7XVzMiSFdpC6ZCg
DA:2894,1,3kg18rV6mrPHWHyIDmlv7w
DA:2895,1,/ZvqiDY7XVzMiSFdpC6ZCg
DA:2902,1,3rxzZ2YQIUrktPpJDjNyZQ
DA:2903,1,/ZvqiDY7XVzMiSFdpC6ZCg
DA:2910,1,oRFk8FTZAb2HxJJJIL4GpA
DA:2911,1,/ZvqiDY7XVzMiSFdpC6ZCg
DA:2918,1,TJ6jktK6wvLjNBFMm0bz2A
DA:2920,1,ipsrXKkgP1AyJ3jDSmbZZg
DA:2921,1,EuWObhXWyToQNqvRfWG0yQ
DA:2926,1,T9Rz/asaSRE4JJ9BR1fxDw
DA:2927,1,/ZvqiDY7XVzMiSFdpC6ZCg
DA:2934,1,EY7PIG6N+HSma9FJqHfsxQ
DA:2935,1,/ZvqiDY7XVzMiSFdpC6ZCg
DA:2942,1,TndY0X1c293l8EXCb8QbbA
DA:2943,1,/ZvqiDY7XVzMiSFdpC6ZCg
DA:2950,1,TVsAZGM+ck9pxWqnhos56A
DA:2951,1,/ZvqiDY7XVzMiSFdpC6ZCg
DA:2958,1,+LYH1kyh9BV51RcHYNhLIA
DA:2959,1,/ZvqiDY7XVzMiSFdpC6ZCg
DA:2966,1,1MXEcYizywetbbQP59NP/A
DA:2967,1,/ZvqiDY7XVzMiSFdpC6ZCg
DA:2974,1,bj7B0iNbhZsVlYrlUaopkg
DA:2975,1,/ZvqiDY7XVzMiSFdpC6ZCg
DA:2982,1,HIxlJ1vbUP38JH3EUBPetQ
DA:2984,1,HadQ4uIeifoK1YkFFLwfLg
DA:2985,1,oRXmAhZfu/Js2Ybe62PBTg
DA:2990,1,3pyqk/wIUg+chtiG1pN7WQ
DA:2991,1,/ZvqiDY7XVzMiSFdpC6ZCg
DA:2998,1,T9Rz/asaSRE4JJ9BR1fxDw
DA:2999,1,/ZvqiDY7XVzMiSFdpC6ZCg
DA:3006,1,HIxlJ1vbUP38JH3EUBPetQ
DA:3008,1,zDzE4G3L7R6p6UdLQylrvg
DA:3009,1,G1YT+3f2LiIOel1D8WgXgQ
DA:3014,1,w7ZkHJgF6wo/n2nYcO5bKQ
DA:3015,1,/ZvqiDY7XVzMiSFdpC6ZCg
DA:3022,1,C3nbA1m0vJtC3nxwnQMVpQ
DA:3023,1,/ZvqiDY7XVzMiSFdpC6ZCg
DA:3030,1,HIxlJ1vbUP38JH3EUBPetQ
DA:3032,1,19AzYIE+f/WpJoUeSM1aGg
DA:3033,1,wyhmBfQptfzhe0qvMBkHWA
DA:3038,1,WjUMgrJODAGNptZ8RuKulA
DA:3039,1,/ZvqiDY7XVzMiSFdpC6ZCg
DA:3046,1,bHqKmlm9XkiMlk7J7Xkh3A
DA:3047,1,/ZvqiDY7XVzMiSFdpC6ZCg
DA:3054,1,HIxlJ1vbUP38JH3EUBPetQ
DA:3056,1,1RIbho/Iafu+H5WYHL3sgA
DA:3057,1,Ey/acdTp1TZtVaG2az+Y7w
DA:3062,1,B3hA02zdjnJaIaS1J8DZWw
DA:3063,1,/ZvqiDY7XVzMiSFdpC6ZCg
DA:3070,1,J6y4vNi/e1DYPFWUOmF/6w
DA:3071,1,/ZvqiDY7XVzMiSFdpC6ZCg
DA:3078,1,WG1aNhWO73U/DLURGtLzPA
DA:3079,1,/ZvqiDY7XVzMiSFdpC6ZCg
DA:3086,1,HIxlJ1vbUP38JH3EUBPetQ
DA:3088,1,8ElGYzQvmnmpJO1cPsKAaA
DA:3089,1,naX21uUPcT9xWdr79NfxTw
DA:3094,1,HMBiZVgxvmq2Djat+YThmg
DA:3096,1,MfmbI8g0aRgXmYp2wBsIxA
DA:3097,1,LbwhZOoCJdwLk2RG5iSghg
DA:3102,1,G42RHAXVV+qXb+LclMJPOA
DA:3103,1,/ZvqiDY7XVzMiSFdpC6ZCg
DA:3110,1,ucbfT6ZoOFm7dHj51059sw
DA:3111,1,/ZvqiDY7XVzMiSFdpC6ZCg
DA:3118,1,O+q2m+Gxj7qF/41mA+1cAQ
DA:3119,1,/ZvqiDY7XVzMiSFdpC6ZCg
DA:3126,1,aL/s/0uwJYqSNaJlz7VUeQ
DA:3127,1,/ZvqiDY7XVzMiSFdpC6ZCg
DA:3134,1,45J/FOKAv2eXG5hUNZMsoQ
DA:3136,1,GrWXJxY0R3uBLQQdKtlHcg
DA:3137,1,8FmXQC4Jj98R+mnXaZi+SQ
DA:3142,1,WVXtMILYFyl/x+cN3aTx2Q
DA:3143,1,/ZvqiDY7XVzMiSFdpC6ZCg
DA:3150,1,wLJE+kWk7P3y9naHl9WWKw
DA:3151,1,/ZvqiDY7XVzMiSFdpC6ZCg
DA:3158,1,0jGlcAJiYOidl1gP5DzduQ
DA:3159,1,/ZvqiDY7XVzMiSFdpC6ZCg
DA:3166,1,F12OyMuuZAc3VKEL60YGjg
DA:3167,1,/ZvqiDY7XVzMiSFdpC6ZCg
DA:3174,1,7bWR8pn30GKQf8Yncl2VtA
DA:3175,1,/ZvqiDY7XVzMiSFdpC6ZCg
DA:3182,1,PWrdrLmNUyhaPtn0zg5w3g
DA:3183,1,/ZvqiDY7XVzMiSFdpC6ZCg
DA:3190,1,x+M9qk2GvlicmNbwy9k2Gw
DA:3191,1,/ZvqiDY7XVzMiSFdpC6ZCg
DA:3198,1,x87FP5Pr3c9vLF2Wvk6arA
DA:3199,1,/ZvqiDY7XVzMiSFdpC6ZCg
DA:3207,1,clITcdzREwmXhrMhze3SWQ
DA:3208,1,/ZvqiDY7XVzMiSFdpC6ZCg
DA:3215,1,S4WLMq3K39mf3S/ojx5qAg
DA:3216,1,/ZvqiDY7XVzMiSFdpC6ZCg
DA:3223,1,TiOJQBPSGNW1PH982b8llA
DA:3225,1,lTGF346TlUiQZj6cuh86NQ
DA:3226,1,GIYirT1kKe3N8ezM5ByMlg
DA:3231,1,WVXtMILYFyl/x+cN3aTx2Q
DA:3232,1,/ZvqiDY7XVzMiSFdpC6ZCg
DA:3239,1,wLJE+kWk7P3y9naHl9WWKw
DA:3240,1,/ZvqiDY7XVzMiSFdpC6ZCg
DA:3247,1,0jGlcAJiYOidl1gP5DzduQ
DA:3248,1,/ZvqiDY7XVzMiSFdpC6ZCg
DA:3255,1,F12OyMuuZAc3VKEL60YGjg
DA:3256,1,/ZvqiDY7XVzMiSFdpC6ZCg
DA:3263,1,otz8hGNwIDsM1LOp67BrFw
DA:3264,1,/ZvqiDY7XVzMiSFdpC6ZCg
DA:3271,1,najyFow5sUP5ZMd9dn9FSg
DA:3272,1,/ZvqiDY7XVzMiSFdpC6ZCg
DA:3279,1,7bWR8pn30GKQf8Yncl2VtA
DA:3280,1,/ZvqiDY7XVzMiSFdpC6ZCg
DA:3287,1,ViSQ8QQb1IMXHAsHJF7v7A
DA:3288,1,/ZvqiDY7XVzMiSFdpC6ZCg
DA:3295,1,ej8XN/mJMvP6IRx2jGnYAA
DA:3296,1,/ZvqiDY7XVzMiSFdpC6ZCg
DA:3303,1,Ez7iVaW7uM66Y6yTU+b5Ng
DA:3304,1,/ZvqiDY7XVzMiSFdpC6ZCg
DA:3311,1,x+M9qk2GvlicmNbwy9k2Gw
DA:3312,1,/ZvqiDY7XVzMiSFdpC6ZCg
DA:3319,1,x87FP5Pr3c9vLF2Wvk6arA
DA:3320,1,/ZvqiDY7XVzMiSFdpC6ZCg
DA:3328,1,clITcdzREwmXhrMhze3SWQ
DA:3329,1,/ZvqiDY7XVzMiSFdpC6ZCg
DA:3336,1,xqcpTOSoSbPG7I084eWFgA
DA:3337,1,/ZvqiDY7XVzMiSFdpC6ZCg
DA:3344,1,TiOJQBPSGNW1PH982b8llA
DA:3346,1,PItBfxyy/gtyKhJinkzZUQ
DA:3347,1,J6znR7oqYkoasZps5ZjpQA
DA:3352,1,WVXtMILYFyl/x+cN3aTx2Q
DA:3353,1,/ZvqiDY7XVzMiSFdpC6ZCg
DA:3360,1,YuwcqdzYMJrBTnrWHFi0Ew
DA:3361,1,/ZvqiDY7XVzMiSFdpC6ZCg
DA:3369,1,wzAbqAzx5TDnFylcvs3mKg
DA:3370,1,/ZvqiDY7XVzMiSFdpC6ZCg
DA:3377,1,hqtPCubwdfHpOfVNeUlTgQ
DA:3378,1,/ZvqiDY7XVzMiSFdpC6ZCg
DA:3390,1,XGtTMeIyk+Ch65rFAoBOHQ
DA:3391,1,/ZvqiDY7XVzMiSFdpC6ZCg
DA:3398,1,TiOJQBPSGNW1PH982b8llA
DA:3400,1,eGsCV4CVLacdbD2J/OHf+g
DA:3401,1,uEGInT11aHh9yZrPgGbzCA
DA:3406,1,0mHFDSXSmUH3D2ScZaHgXg
DA:3407,1,/ZvqiDY7XVzMiSFdpC6ZCg
DA:3414,1,3NHJJsynmQG+DMM4tRHiLQ
DA:3415,1,/ZvqiDY7XVzMiSFdpC6ZCg
DA:3422,1,F7pBJF4erElQo6WuoIUELw
DA:3423,1,/ZvqiDY7XVzMiSFdpC6ZCg
DA:3430,1,J7SgcGpKtj/lqbOHF6HjHg
DA:3431,1,/ZvqiDY7XVzMiSFdpC6ZCg
DA:3438,1,5kXj2Bt3DIIKhcaYkZurlg
DA:3439,1,/ZvqiDY7XVzMiSFdpC6ZCg
DA:3446,1,FarVFCc9QDgGjWIjUPdl+Q
DA:3447,1,/ZvqiDY7XVzMiSFdpC6ZCg
DA:3454,1,5BubQd/juM5v8Lo2pygliw
DA:3455,1,/ZvqiDY7XVzMiSFdpC6ZCg
DA:3462,1,7FUPUY/a5VAT09toAdEzcA
DA:3463,1,/ZvqiDY7XVzMiSFdpC6ZCg
DA:3470,1,krcgjvSRWbQVVZOQge/UfQ
DA:3471,1,/ZvqiDY7XVzMiSFdpC6ZCg
DA:3478,1,/X/3eGrL3fPwTNdv8Ho1KA
DA:3479,1,/ZvqiDY7XVzMiSFdpC6ZCg
DA:3486,1,TiOJQBPSGNW1PH982b8llA
DA:3488,1,MFncOuJnBFvG40PtwKLxtg
DA:3489,1,bVqsZQlDlvJxaLLdVZYJEg
DA:3494,1,2xi/ohaPyo/PMnQgr+i71w
DA:3495,1,/ZvqiDY7XVzMiSFdpC6ZCg
DA:3502,1,xSLZiPVntFMycfny4731ZQ
DA:3503,1,/ZvqiDY7XVzMiSFdpC6ZCg
DA:3510,1,AZ946ltSTz64XihYaOM72w
DA:3511,1,/ZvqiDY7XVzMiSFdpC6ZCg
DA:3519,1,fDkYV0IYkB+q6g6RVra3JQ
DA:3520,1,/ZvqiDY7XVzMiSFdpC6ZCg
DA:3527,1,aXRfY9s4xNQ/lr2eZpHbHg
DA:3528,1,/ZvqiDY7XVzMiSFdpC6ZCg
DA:3535,1,x6UqESdpIPtpp4yjC6Gz3A
DA:3536,1,/ZvqiDY7XVzMiSFdpC6ZCg
DA:3544,1,tAVjLIcAwllKPuWE1n+RSw
DA:3545,1,/ZvqiDY7XVzMiSFdpC6ZCg
DA:3552,1,Wr695fuygomOnOA2IDY2Lg
DA:3554,1,/nqsYhZN7dq+PCi/GVHh3g
DA:3555,1,sW6/JYgii1RXFbIbNphBKQ
DA:3560,1,axc/RMeBF12jRYC/8YvMvQ
DA:3561,1,/ZvqiDY7XVzMiSFdpC6ZCg
DA:3568,1,oZbALbnYuEgnqTmJyH2/JA
DA:3569,1,/ZvqiDY7XVzMiSFdpC6ZCg
DA:3576,1,1qF27cqJA8W7Sdmff/ClOg
DA:3577,1,/ZvqiDY7XVzMiSFdpC6ZCg
DA:3585,1,fBeUpsmCzda85ZxT1Yvqrw
DA:3586,1,/ZvqiDY7XVzMiSFdpC6ZCg
DA:3593,1,0WarTfFXvgo2j44bPIEEcg
DA:3594,1,/ZvqiDY7XVzMiSFdpC6ZCg
DA:3601,1,tFY78f1Ieh4uPDMRQ8s4PQ
DA:3602,1,/ZvqiDY7XVzMiSFdpC6ZCg
DA:3609,1,MF5lMwAIGyd2XpNhh7lZVA
DA:3610,1,oJX0u2N7U/15l2BY2jhRKA
DA:3619,1,A2ydgynZ2isMW3dZ4X3FiQ
DA:3620,1,VFAhSZ9JscK7BmjkqE1pdQ
DA:3625,1,WVXtMILYFyl/x+cN3aTx2Q
DA:3626,1,/ZvqiDY7XVzMiSFdpC6ZCg
DA:3633,1,3pyqk/wIUg+chtiG1pN7WQ
DA:3634,1,/ZvqiDY7XVzMiSFdpC6ZCg
DA:3641,1,+poveJtoz4H8cNk2Iy1K3Q
DA:3642,1,/ZvqiDY7XVzMiSFdpC6ZCg
DA:3649,1,JqcT6QWvzbQcyhJGFMV8Ag
DA:3650,1,/ZvqiDY7XVzMiSFdpC6ZCg
DA:3657,1,bI0Ki1Iq7vnFvKRWo16vIQ
DA:3658,1,/ZvqiDY7XVzMiSFdpC6ZCg
DA:3666,1,YPY44ZReFq9+k/wWRAnQHQ
DA:3668,1,tB+nvjcszqLjHztiGApM/Q
DA:3669,1,0imi1CMX2XpQi+2vcyE24A
DA:3674,1,A+7ypvKibHfgKqy4576Y1w
DA:3675,1,/ZvqiDY7XVzMiSFdpC6ZCg
DA:3682,1,Fn+UoVOTvw5ScxjbZ0YdqA
DA:3683,1,/ZvqiDY7XVzMiSFdpC6ZCg
DA:3690,1,otz8hGNwIDsM1LOp67BrFw
DA:3691,1,/ZvqiDY7XVzMiSFdpC6ZCg
DA:3698,1,HIxlJ1vbUP38JH3EUBPetQ
DA:3700,1,j9N/R2Xe13ODJ84gIuCcgA
DA:3701,1,Kd7CWzwzgnMHSShCDvg60g
DA:3706,1,WVXtMILYFyl/x+cN3aTx2Q
DA:3707,1,/ZvqiDY7XVzMiSFdpC6ZCg
DA:3714,1,O9yA8VvMIhoaQZOOcfubnw
DA:3715,1,/ZvqiDY7XVzMiSFdpC6ZCg
DA:3723,1,GDUP4PyrvmBlOjo39hqtOw
DA:3724,1,/ZvqiDY7XVzMiSFdpC6ZCg
DA:3731,1,KL7VIXzSifRkRvlnjKWG6Q
DA:3732,1,/ZvqiDY7XVzMiSFdpC6ZCg
DA:3739,1,IyKviqxuHn2isgd2sxzLcQ
DA:3740,1,/ZvqiDY7XVzMiSFdpC6ZCg
DA:3747,1,E/Oeh6tyNeCAUnbA+x65rg
DA:3748,1,/ZvqiDY7XVzMiSFdpC6ZCg
DA:3755,1,otz8hGNwIDsM1LOp67BrFw
DA:3756,1,/ZvqiDY7XVzMiSFdpC6ZCg
DA:3763,1,pTIg1kqHyMw0g5VrxNN8Og
DA:3764,1,/ZvqiDY7XVzMiSFdpC6ZCg
DA:3771,1,unn9yqjJsLaqV6O1lcp01w
DA:3772,1,/ZvqiDY7XVzMiSFdpC6ZCg
DA:3779,1,ij38T79dqBzxRxe5BRh6fA
DA:3780,1,/ZvqiDY7XVzMiSFdpC6ZCg
DA:3787,1,85HUYrBi4Is2QtXRaHUP/g
DA:3788,1,/ZvqiDY7XVzMiSFdpC6ZCg
DA:3795,1,keqBs0t9u2QpPhExCri9Fw
DA:3796,1,/ZvqiDY7XVzMiSFdpC6ZCg
DA:3803,1,sYfahzsNQlxbj9yVrsuVLA
DA:3804,1,/ZvqiDY7XVzMiSFdpC6ZCg
DA:3811,1,Ruyv5zbI0JLZdOVAOoclXg
DA:3813,1,0m0/C/m/pBPmPxDfN5lX2Q
DA:3814,1,uW3wWJSuhlBnC14BF4iMMw
DA:3819,1,3pyqk/wIUg+chtiG1pN7WQ
DA:3820,1,/ZvqiDY7XVzMiSFdpC6ZCg
DA:3827,1,+Cymsg+YWOwqumIxxApmPg
DA:3828,1,/ZvqiDY7XVzMiSFdpC6ZCg
DA:3835,1,wqiJOCoHCxIw2ePzBlEyrg
DA:3836,1,/ZvqiDY7XVzMiSFdpC6ZCg
DA:3843,1,bI0Ki1Iq7vnFvKRWo16vIQ
DA:3844,1,/ZvqiDY7XVzMiSFdpC6ZCg
DA:3852,1,xkHcVBihUjtD91o+Dkk2Cg
DA:3853,1,/ZvqiDY7XVzMiSFdpC6ZCg
DA:3861,1,Ruyv5zbI0JLZdOVAOoclXg
DA:3863,1,/KBt+QETzUnEcQi4DuHmpA
DA:3864,1,uW3wWJSuhlBnC14BF4iMMw
DA:3869,1,3pyqk/wIUg+chtiG1pN7WQ
DA:3870,1,/ZvqiDY7XVzMiSFdpC6ZCg
DA:3877,1,+Cymsg+YWOwqumIxxApmPg
DA:3878,1,/ZvqiDY7XVzMiSFdpC6ZCg
DA:3885,1,8Sbu3otPl6n1HJCvyP2Wqg
DA:3886,1,/ZvqiDY7XVzMiSFdpC6ZCg
DA:3893,1,Ruyv5zbI0JLZdOVAOoclXg
DA:3895,1,EOLSev1Rvrgat5BB8TLO8A
DA:3896,1,rD7o97QHw9NEwlxSc4JEuw
DA:3901,1,WVXtMILYFyl/x+cN3aTx2Q
DA:3902,1,/ZvqiDY7XVzMiSFdpC6ZCg
DA:3909,1,Ju5iB9yr9YkzWC2TePG+AA
DA:3910,1,/ZvqiDY7XVzMiSFdpC6ZCg
DA:3917,1,+HdWo1nbcsBGP0zKQPdk0w
DA:3919,1,4mnD0QiIUHUJQG3v3Vd7Ow
DA:3920,1,kBTSwPc7FtMePO8WzQQTJg
DA:3925,1,WVXtMILYFyl/x+cN3aTx2Q
DA:3926,1,/ZvqiDY7XVzMiSFdpC6ZCg
DA:3933,1,U4HOOFqGpMyywhZoCm8n1Q
DA:3934,1,/ZvqiDY7XVzMiSFdpC6ZCg
DA:3941,1,on06LynLWmgW2G/x1l67+w
DA:3942,1,/ZvqiDY7XVzMiSFdpC6ZCg
DA:3949,1,F12OyMuuZAc3VKEL60YGjg
DA:3950,1,/ZvqiDY7XVzMiSFdpC6ZCg
DA:3957,1,NF9tBxNsAjmRdaE/oEHrTg
DA:3958,1,/ZvqiDY7XVzMiSFdpC6ZCg
DA:3966,1,WA2z6OWYoA5VbkIsuSsWig
DA:3967,1,/ZvqiDY7XVzMiSFdpC6ZCg
DA:3976,1,FMlobHxuS/pWYtblLnierA
DA:3977,1,/ZvqiDY7XVzMiSFdpC6ZCg
DA:3985,1,3T+MqZS3wlK9PvfZrgPrzw
DA:3986,1,/ZvqiDY7XVzMiSFdpC6ZCg
DA:3993,1,czZ0n8yVR9cRW1trZYjvUg
DA:3994,1,/ZvqiDY7XVzMiSFdpC6ZCg
DA:4001,1,Kqb1tdflckASoBxNQ1+13Q
DA:4002,1,/ZvqiDY7XVzMiSFdpC6ZCg
DA:4009,1,IvpJ1dMUbjBsRhvcCLN7bg
DA:4010,1,/ZvqiDY7XVzMiSFdpC6ZCg
DA:4017,1,Y5ekoj6lDGYdZ5xUucaQOw
DA:4018,1,/ZvqiDY7XVzMiSFdpC6ZCg
DA:4025,1,PFEx/36RRTl5EyCvwAqQSg
DA:4026,1,/ZvqiDY7XVzMiSFdpC6ZCg
DA:4034,1,/UpxZZbSAk7CCZkXMlualw
DA:4035,1,/ZvqiDY7XVzMiSFdpC6ZCg
DA:4042,1,najyFow5sUP5ZMd9dn9FSg
DA:4043,1,/ZvqiDY7XVzMiSFdpC6ZCg
DA:4050,1,ZvYbKhpFvU7HIYjRu7jQyQ
DA:4051,1,/ZvqiDY7XVzMiSFdpC6ZCg
DA:4058,1,irjTZCbGfWw1aDr/Q4SxIg
DA:4059,1,/ZvqiDY7XVzMiSFdpC6ZCg
DA:4066,1,vhgKk1Og0HddYbv8N36zfQ
DA:4067,1,/ZvqiDY7XVzMiSFdpC6ZCg
DA:4074,1,hQttC4+g+H24ncA83+3Cnw
DA:4075,1,/ZvqiDY7XVzMiSFdpC6ZCg
DA:4082,1,TiOJQBPSGNW1PH982b8llA
DA:4084,1,N5oDJAMT4mNEY+JfqsXsgA
DA:4085,1,hZIg+5+krvF0bWnvYag2Qw
DA:4090,1,TWK1pOJSZm45+3H8aluqoQ
DA:4091,1,/ZvqiDY7XVzMiSFdpC6ZCg
DA:4098,1,CZECEJePuS3E3n4kigVOzw
DA:4099,1,/ZvqiDY7XVzMiSFdpC6ZCg
DA:4106,1,+HdWo1nbcsBGP0zKQPdk0w
DA:4108,1,2ry99ORlTpgqHBCsaZ3jfg
DA:4109,1,lQ1Ql1fD4IkntcbRShtImA
DA:4114,1,lVFp9Rlz6DxdxhfxtQoDNQ
DA:4115,1,/ZvqiDY7XVzMiSFdpC6ZCg
DA:4123,1,U/IDDismVhgLJ2yeyozV9g
DA:4124,1,/ZvqiDY7XVzMiSFdpC6ZCg
DA:4131,1,NDDqVaxKSvhjZjAGST+FZw
DA:4132,1,/ZvqiDY7XVzMiSFdpC6ZCg
DA:4139,1,T1d78gEqktdYaJCs24D82Q
DA:4140,1,/ZvqiDY7XVzMiSFdpC6ZCg
DA:4147,1,KXXaitHdKwklQrOFvo4Jsw
DA:4148,1,/ZvqiDY7XVzMiSFdpC6ZCg
DA:4155,1,VAklbmLTvY5SRMc0xp9mQw
DA:4156,1,/ZvqiDY7XVzMiSFdpC6ZCg
DA:4163,1,+HdWo1nbcsBGP0zKQPdk0w
DA:4165,1,IN4zpS/C3klwKpNqwaAFKw
DA:4166,1,EqZIJJuKybUeKB5SdttbQg
DA:4171,1,DyneLX5PVJv1cbzeXNQ/RQ
DA:4172,1,/ZvqiDY7XVzMiSFdpC6ZCg
DA:4179,1,VD5/uqF7yTW8sGeFA+vfeg
DA:4180,1,/ZvqiDY7XVzMiSFdpC6ZCg
DA:4187,1,+HdWo1nbcsBGP0zKQPdk0w
DA:4189,1,4WJKwEBFxgPgRAlSyep+3Q
DA:4190,1,tnbDZs7IhxYjLJ/U3pWzEg
DA:4195,1,lVFp9Rlz6DxdxhfxtQoDNQ
DA:4196,1,/ZvqiDY7XVzMiSFdpC6ZCg
DA:4203,1,zjDuGwDjL1YSRVtxujPAlA
DA:4204,1,/ZvqiDY7XVzMiSFdpC6ZCg
DA:4211,1,+HdWo1nbcsBGP0zKQPdk0w
DA:4213,1,HoX06LoCJ35OcfLCJPJ9xw
DA:4214,1,TOwdnvMcBxFqZRKpot4iLw
DA:4219,1,lVFp9Rlz6DxdxhfxtQoDNQ
DA:4220,1,/ZvqiDY7XVzMiSFdpC6ZCg
DA:4227,1,bK6X0grKScnrIBi3ABAnbg
DA:4228,1,/ZvqiDY7XVzMiSFdpC6ZCg
DA:4235,1,VD5/uqF7yTW8sGeFA+vfeg
DA:4236,1,/ZvqiDY7XVzMiSFdpC6ZCg
DA:4243,1,+HdWo1nbcsBGP0zKQPdk0w
DA:4245,1,wLoPBqVOkwSagomnpJ8KAg
DA:4246,1,o2TTTEZ6AVLwmEPmpPFsBQ
DA:4251,1,Ho/CZOmjFW5qOBM7rDulqw
DA:4252,1,/ZvqiDY7XVzMiSFdpC6ZCg
DA:4259,1,kWItlPFedjyAfrLSFLag6g
DA:4260,1,/ZvqiDY7XVzMiSFdpC6ZCg
DA:4267,1,IAQufH2EG5+IoyOfZNF9hg
DA:4268,1,/ZvqiDY7XVzMiSFdpC6ZCg
DA:4275,1,+HdWo1nbcsBGP0zKQPdk0w
DA:4277,1,u3snF4+YeqhHRZf12NibRQ
DA:4278,1,doWSfr5w/mSnwi63KFxBog
DA:4283,1,DyneLX5PVJv1cbzeXNQ/RQ
DA:4284,1,/ZvqiDY7XVzMiSFdpC6ZCg
DA:4291,1,AlmTQY6sEFsn/pmGbURx6w
DA:4292,1,/ZvqiDY7XVzMiSFdpC6ZCg
DA:4299,1,VD5/uqF7yTW8sGeFA+vfeg
DA:4300,1,/ZvqiDY7XVzMiSFdpC6ZCg
DA:4307,1,+HdWo1nbcsBGP0zKQPdk0w
DA:4309,1,d1RyCG/5T8x5fUu8UN+0eg
DA:4310,1,XnC7R7kz9HhVkW5JgAMEXQ
DA:4315,1,WVXtMILYFyl/x+cN3aTx2Q
DA:4316,1,/ZvqiDY7XVzMiSFdpC6ZCg
DA:4323,1,ScuK5ogeYUabFJOVtdTVAg
DA:4324,1,/ZvqiDY7XVzMiSFdpC6ZCg
DA:4331,1,F12OyMuuZAc3VKEL60YGjg
DA:4332,1,/ZvqiDY7XVzMiSFdpC6ZCg
DA:4339,1,U/Y545/uTfey0HeJDdo89g
DA:4340,1,/ZvqiDY7XVzMiSFdpC6ZCg
DA:4348,1,ThoIIWJDbWPb8QdgI7bJoA
DA:4349,1,/ZvqiDY7XVzMiSFdpC6ZCg
DA:4356,1,x6LeNKwsDDEqr5XJ4MMvXQ
DA:4357,1,/ZvqiDY7XVzMiSFdpC6ZCg
DA:4364,1,EYKzij7B0Y+08VzWPXkNkQ
DA:4365,1,/ZvqiDY7XVzMiSFdpC6ZCg
DA:4372,1,MIJQMigKCdf6RSBDJjkgVw
DA:4373,1,/ZvqiDY7XVzMiSFdpC6ZCg
DA:4380,1,5/4QRtstXavwBJkDxkF5DQ
DA:4381,1,/ZvqiDY7XVzMiSFdpC6ZCg
DA:4388,1,TiOJQBPSGNW1PH982b8llA
DA:4390,1,MnsN8/eqV0ciwjg/LkPOuw
DA:4391,1,PVgWq7kvJphXX9FhIRZ5Dg
DA:4396,1,WVXtMILYFyl/x+cN3aTx2Q
DA:4397,1,/ZvqiDY7XVzMiSFdpC6ZCg
DA:4404,1,3kNPBpFc83/kVbPUUIkXUg
DA:4405,1,/ZvqiDY7XVzMiSFdpC6ZCg
DA:4412,1,TiOJQBPSGNW1PH982b8llA
DA:4414,1,JpRnRPZw+y/HlZJP5OGIqA
DA:4415,1,DC+1Uzn5x6ayBYB2NUkhvQ
DA:4420,1,WVXtMILYFyl/x+cN3aTx2Q
DA:4421,1,/ZvqiDY7XVzMiSFdpC6ZCg
DA:4428,1,ScuK5ogeYUabFJOVtdTVAg
DA:4429,1,/ZvqiDY7XVzMiSFdpC6ZCg
DA:4436,1,F12OyMuuZAc3VKEL60YGjg
DA:4437,1,/ZvqiDY7XVzMiSFdpC6ZCg
DA:4444,1,TiOJQBPSGNW1PH982b8llA
DA:4446,1,RlRGnc89j2w2qz93iiUt4Q
DA:4447,1,0td9gk74IFbE/LtbrD2VrA
DA:4452,1,WVXtMILYFyl/x+cN3aTx2Q
DA:4453,1,/ZvqiDY7XVzMiSFdpC6ZCg
DA:4460,1,ScuK5ogeYUabFJOVtdTVAg
DA:4461,1,/ZvqiDY7XVzMiSFdpC6ZCg
DA:4468,1,F12OyMuuZAc3VKEL60YGjg
DA:4469,1,/ZvqiDY7XVzMiSFdpC6ZCg
DA:4476,1,SH8DAe/ORdw/0qIK5MdTZg
DA:4477,1,/ZvqiDY7XVzMiSFdpC6ZCg
DA:4484,1,TiOJQBPSGNW1PH982b8llA
DA:4486,1,OUsHMeUHeJyyLveCDeaB+A
DA:4487,1,FelfYT+eQLAVJTYYx6AIaA
DA:4492,1,00ZVMJfYVbX00NC4CnR65Q
DA:4493,1,/ZvqiDY7XVzMiSFdpC6ZCg
DA:4500,1,nN6bPAAeShqRtU5UHU564g
DA:4501,1,/ZvqiDY7XVzMiSFdpC6ZCg
DA:4508,1,S5TBL0eMlDxy/Tc5l+ezhA
DA:4509,1,/ZvqiDY7XVzMiSFdpC6ZCg
DA:4516,1,TiOJQBPSGNW1PH982b8llA
DA:4518,1,v0GvWaAfiQ8Cbb0/ScT9DA
DA:4519,1,ZWm/tlje+xcW888TABtHsQ
DA:4524,1,WVXtMILYFyl/x+cN3aTx2Q
DA:4525,1,/ZvqiDY7XVzMiSFdpC6ZCg
DA:4532,1,TWK1pOJSZm45+3H8aluqoQ
DA:4533,1,/ZvqiDY7XVzMiSFdpC6ZCg
DA:4540,1,U/Y545/uTfey0HeJDdo89g
DA:4541,1,/ZvqiDY7XVzMiSFdpC6ZCg
DA:4548,1,0jGlcAJiYOidl1gP5DzduQ
DA:4549,1,/ZvqiDY7XVzMiSFdpC6ZCg
DA:4556,1,F12OyMuuZAc3VKEL60YGjg
DA:4557,1,/ZvqiDY7XVzMiSFdpC6ZCg
DA:4564,1,sw9w7v+YQlGOU6/ODBzTQw
DA:4565,1,/ZvqiDY7XVzMiSFdpC6ZCg
DA:4572,1,TiOJQBPSGNW1PH982b8llA
DA:4574,1,lofklEPG+8uh53bQFY3WUQ
DA:4575,1,Wk1N115CBI7WI9m0loABPw
DA:4580,1,ScuK5ogeYUabFJOVtdTVAg
DA:4581,1,/ZvqiDY7XVzMiSFdpC6ZCg
DA:4588,1,l4j/T5BOqW3xPFbUWcVLsg
DA:4589,1,/ZvqiDY7XVzMiSFdpC6ZCg
DA:4596,1,U/Y545/uTfey0HeJDdo89g
DA:4597,1,/ZvqiDY7XVzMiSFdpC6ZCg
DA:4605,1,0jGlcAJiYOidl1gP5DzduQ
DA:4606,1,/ZvqiDY7XVzMiSFdpC6ZCg
DA:4613,1,TiOJQBPSGNW1PH982b8llA
DA:4615,1,LVWRXW7utky+ol9okBnwog
DA:4616,1,96QnN+P/kRYwFa6Ti7iKJA
DA:4621,1,otz8hGNwIDsM1LOp67BrFw
DA:4622,1,/ZvqiDY7XVzMiSFdpC6ZCg
DA:4629,1,O9yA8VvMIhoaQZOOcfubnw
DA:4630,1,/ZvqiDY7XVzMiSFdpC6ZCg
DA:4638,1,TiOJQBPSGNW1PH982b8llA
DA:4640,1,Ssp8TcVnOf5uabC8t4hMqg
DA:4641,1,x8+YUIUuFFofKXUufvROYQ
DA:4646,1,WVXtMILYFyl/x+cN3aTx2Q
DA:4647,1,/ZvqiDY7XVzMiSFdpC6ZCg
DA:4654,1,wu7PqHDTmB8NKZcyF82inA
DA:4655,1,/ZvqiDY7XVzMiSFdpC6ZCg
DA:4662,1,GBgzkkzgf1o0umnOQW/qWw
DA:4663,1,/ZvqiDY7XVzMiSFdpC6ZCg
DA:4670,1,TiOJQBPSGNW1PH982b8llA
DA:4672,1,FA6UH0J1Gn+MfLEnuS8roQ
DA:4673,1,GCq/n4wksgVhAbE7NCaxEQ
DA:4678,1,WVXtMILYFyl/x+cN3aTx2Q
DA:4679,1,/ZvqiDY7XVzMiSFdpC6ZCg
DA:4686,1,LU8131R1iSaXBYF9rjJAkw
DA:4687,1,/ZvqiDY7XVzMiSFdpC6ZCg
DA:4694,1,TiOJQBPSGNW1PH982b8llA
DA:4696,1,dEWGR6QempcmRna4Cigz/Q
DA:4697,1,tnoGtGoltsO1wuyPuuKVIg
DA:4702,1,gFxXli35054jqEC9j3ECvA
DA:4703,1,/ZvqiDY7XVzMiSFdpC6ZCg
DA:4710,1,h4zgNtO7dvU6YTKJRsaddg
DA:4711,1,/ZvqiDY7XVzMiSFdpC6ZCg
DA:4718,1,otz8hGNwIDsM1LOp67BrFw
DA:4719,1,/ZvqiDY7XVzMiSFdpC6ZCg
DA:4726,1,2jegDRxe1BLWkc/uNYK/cw
DA:4727,1,/ZvqiDY7XVzMiSFdpC6ZCg
DA:4734,1,p47VCWE6sp4GI4LTGAAAlQ
DA:4735,1,/ZvqiDY7XVzMiSFdpC6ZCg
DA:4742,1,MF5lMwAIGyd2XpNhh7lZVA
DA:4744,1,8C8cj+GV91jj/fYq87grDQ
DA:4745,1,JP5S5uw/aSf1P5crP3GTDw
DA:4750,1,WVXtMILYFyl/x+cN3aTx2Q
DA:4751,1,/ZvqiDY7XVzMiSFdpC6ZCg
DA:4758,1,P7016prPTn0H+8r3mhIyiw
DA:4759,1,/ZvqiDY7XVzMiSFdpC6ZCg
DA:4766,1,eRbOl52NuvAXFMh4j+zB2Q
DA:4767,1,/ZvqiDY7XVzMiSFdpC6ZCg
DA:4774,1,+HdWo1nbcsBGP0zKQPdk0w
DA:4776,1,gPT2bPoJxGNujsp9roCLSw
DA:4777,1,hvurBSvBBmFpgcuurw7ayw
DA:4782,1,jjTE0APwC+h1jGe+COC3vw
DA:4783,1,/ZvqiDY7XVzMiSFdpC6ZCg
DA:4790,1,najyFow5sUP5ZMd9dn9FSg
DA:4791,1,/ZvqiDY7XVzMiSFdpC6ZCg
DA:4798,1,LOkzElDpa3+U3uWGjDRbeg
DA:4800,1,xeWTx6EpANXIFHD3RCQqGg
DA:4801,1,iDY3Ixdv/+Ahad26XcB9nw
DA:4806,1,O9yA8VvMIhoaQZOOcfubnw
DA:4807,1,/ZvqiDY7XVzMiSFdpC6ZCg
DA:4814,1,zCHFJlHPYOBhYQx4OaoFZQ
DA:4815,1,/ZvqiDY7XVzMiSFdpC6ZCg
DA:4822,1,gFxXli35054jqEC9j3ECvA
DA:4823,1,/ZvqiDY7XVzMiSFdpC6ZCg
DA:4830,1,TiOJQBPSGNW1PH982b8llA
DA:4832,1,aq/admF6/BwsepEAmCVQYQ
DA:4833,1,9P92G9GNFsLHLdf/aj4cpA
DA:4838,1,+SGCpVWY58FgRVOVeHAUaQ
DA:4839,1,/ZvqiDY7XVzMiSFdpC6ZCg
DA:4846,1,hhg/KPFzPrEt4x1e98epcA
DA:4847,1,/ZvqiDY7XVzMiSFdpC6ZCg
DA:4854,1,LOkzElDpa3+U3uWGjDRbeg
DA:4856,1,p55pEQKHGx/XfWhVoIX/0Q
DA:4857,1,CrICTCkic/LXfxgLxTJVWA
DA:4862,1,hOdZAPCyI6A6CQEiAhEb1g
DA:4863,1,/ZvqiDY7XVzMiSFdpC6ZCg
DA:4870,1,EUem6uJKKhiWBJ+bkmactw
DA:4871,1,/ZvqiDY7XVzMiSFdpC6ZCg
DA:4878,1,HyXtjmYR8dtakT3snlKM5Q
DA:4879,1,/ZvqiDY7XVzMiSFdpC6ZCg
DA:4886,1,eX+5EdRFpVZyzvQqLXv10A
DA:4887,1,/ZvqiDY7XVzMiSFdpC6ZCg
DA:4894,1,en6iXt3LgRiiEtsHID8X1Q
DA:4895,1,/ZvqiDY7XVzMiSFdpC6ZCg
DA:4902,1,CH1fndwRNKI4qxXTM0Qkzw
[...]
TN:
SF:fedifetcher\helpers\ordered_set.py
DA:1,1,wyxIcBouKEV1Kl0tW56RBg
DA:2,1,OaTlemF3bXMi5MP7Db8vkQ
DA:3,1,DCHuBlVTPGFow8pDjwOsfQ
DA:4,1,AlMU2katL9jFW5wd7Htm6A
DA:5,1,6vWAvNsegNqafFN4IKLrhg
DA:8,1,Kbp2YpNIFDdAKagm/KRH/w
DA:9,1,CJUlaEPYCrs48SyP9k9xsw
DA:16,1,lzpxtVrSIE7BW+PcE2POhQ
DA:38,1,yV6bWLeAqXtm6nvA2GhNGw
DA:50,1,rwyYoBC6KW4C32hUp8z5Iw
DA:63,1,P8+4egWvRr5ICqAjUpfylw
DA:80,1,S/ZXNKr2PS7WRBzd106fqw
DA:91,1,F6yZazOiGbNNTFilhb8UQA
DA:104,1,sFFnbwZOnrC5fXgrPeenJQ
DA:113,1,B1wN/DTs0JB6cyPB1s6Kzw
DA:122,1,+o8hNyg/YiiMzwjRcFeLRg
DA:26,0,BgG6LuyOxBipRfBtgjLI8A
DA:27,0,BZtHGIoy6Y4J1G5qXIkrlg
DA:28,0,eLkEXTObt224XcbUzribrQ
DA:29,0,mGfnMOJKOYVl/ICCP+ILdQ
DA:30,0,tawlvEk8t7CvhuGTMKQ0IA
DA:31,0,Icd2vEyPiJs3juv+DeyFNg
DA:32,0,Z05CmNxER1wjYewhQyZUTA
DA:33,0,DyhgXwkFZMczDqeZew9ZUQ
DA:35,0,ANZmj8t4p8tt5zwKxz+/Kw
DA:36,0,7hSMyP7AUMvHezrFsxnQoA
DA:47,0,jO8PVsLimMjVixkcz2DILQ
DA:48,0,ZUgSRDTMB9jnKurRf81smQ
DA:61,0,EIaxCdd2SXX0b7akhS2mkg
DA:78,0,ryEik2R+b+v9AWkJbzBBtQ
DA:88,0,+SOCjFqI1oIi3OOFkWpCcA
DA:89,0,zoe2NHaFfOhgyc0Oj4vPTg
DA:102,0,KdR6+hTW3fSY32IszPL1Sw
DA:111,0,QqwNsM43FPwHvLrgZyi93A
DA:120,0,LF4NKToKFSnpkWqA43QXiA
DA:129,0,oDmkOJJseJk9yEhmDk0C1w
DA:130,0,oKwUchzcqrK+9BZS+FTA8g
LF:35
LH:14
end_of_record
TN:
SF:fedifetcher\main.py
DA:1,1,FvUO9UCOcFNXBLRtWuSlYg
DA:3,1,wE9tv44+QfQ6wvpPUjuEAw
DA:4,1,GbiqkRYOFKj1gK1yovsNzw
DA:5,1,OaTlemF3bXMi5MP7Db8vkQ
DA:6,1,EZEzNmL93PY96zsSuI0PfQ
DA:7,1,p7hNY1S5rX9QtYADf+cK4g
DA:8,1,mUDsnWRiqW9R9nTILGKIZg
DA:9,1,DxtaAXdRc2C7Jp33EWZ6lg
DA:10,1,AlMU2katL9jFW5wd7Htm6A
DA:11,1,6vWAvNsegNqafFN4IKLrhg
DA:13,1,KA9tLtxJCmXGWOalg5c/zA
DA:14,1,/zAFE49z6NUiW2UCdf+dDg
DA:16,1,XZGKsazXjlym+Csyy1dBPg
DA:17,1,8Kq+L8ddh9N2B7sdM+FqEw
DA:18,1,v6/Q1s1owy0MidR1AW2YLQ
DA:19,1,ejbcY9R2HAFTDZYUp/12+g
DA:22,1,JWnzVtWYFhuFJPJW8ybPMQ
DA:24,0,b2f9eMA4G6dOQ8KBF7uzAQ
DA:26,0,snpo4P3RLZYdx8RP7x9LIw
DA:27,0,u2nPYTmt84CpN3TIr/QTjQ
DA:28,0,IKbf/XmD8A7iAaFU5bh4yA
DA:29,0,XW2DlrL+Nf7D7xVmVNywLQ
DA:31,0,FD4ekx6rN0V05c9mWrOS4w
DA:32,0,WsE7k08ZdEhY2hoEg2Wy+A
DA:35,0,Jfd9VEf3N4AOIBSqrq9oHw
DA:36,0,+NbyJg4R9xKmosWm7yocKg
DA:38,0,EDkJq96pMmEKyofEF32A7A
DA:39,0,dUQ8Q3YoaWaOioOM9GhKjQ
DA:40,0,RQrgAAR2C0G3r5D66iY6Cg
DA:43,0,nW8ql9tFy40sR5n+lzed2w
DA:46,0,gXt5n0PSVZuy8V6APIiAhw
DA:48,0,/GrUehtzNh1LBgH30evXkw
DA:50,0,TBTySyifaCW4wjwzp7H77A
DA:52,0,ndjaTYJcaV8o70mQXwWXow
DA:53,0,xjcDBnSwra0OiNOAYAwoHA
DA:54,0,DVpqFHABcmBPwtdxPtRi/A
DA:55,0,3UXmifni+np795HtR5HAtQ
DA:56,0,R1kl1ADc5UUxmnLQ4GZq7g
DA:58,0,EojKUmVa4jxwFD8yjfQ7cw
DA:59,0,YR++1sf7FFUSWF16XpqX6A
DA:60,0,vkUY2HQ1bxAO0S7tShM68Q
DA:62,0,xF1NEYAQ3O5HD+0hIBLZhg
DA:63,0,3x4Ur8RKDJ/HmqdVRWOxnQ
DA:65,0,xjcDBnSwra0OiNOAYAwoHA
DA:66,0,m6st0hpDvs6EYsV9NuQ82w
DA:67,0,uW1c2nQez/TTdGKAveWtpQ
DA:69,0,nqeCtmFaRDX7dDG5+o/qdA
DA:71,0,gx+3jvIHDJF9qQgv21XIeA
DA:72,0,JOp2m+nENSIpR1Zi0x/kKw
DA:74,0,pfrFG0QftStxjElO0RrlVA
DA:76,0,C0HZaqFDwJ6hPOiBR0A/Eg
DA:77,0,kW6O3Gk9sA0RhQD7Eho0jg
DA:78,0,EPSQQLhgTKbGa4lWVJR0MQ
DA:79,0,0ygDQzOldqP6OKOnNWgSgw
DA:80,0,57RlKn0tn57GNvcJJC6q3w
DA:81,0,xa92huXPcZC2NjXStgnmwg
DA:83,0,o7tvNiq40uwo8eP+lY5kyg
DA:84,0,2hBjh8xFElINnYIn5q2+Pg
DA:85,0,kkdjG8ZnFiNiUnKXT69Ucw
DA:86,0,Uk1iEqLYWHwxE4nbWtF0CQ
DA:87,0,82oubPKTmmUZPYcQQelCFQ
DA:88,0,meHNkFuYyfGuBgXR5ow30Q
DA:89,0,J7DkWeOFPRve7fSs9NeQJQ
DA:90,0,+NbyJg4R9xKmosWm7yocKg
DA:92,0,iC+R7pQpv37vfk5hZWqnjQ
DA:93,0,1u+Xa71BQMx1JP5Ol4IbhQ
DA:95,0,gzLoMaR3Sq6mYVLXMlBUzA
DA:96,0,YEYczXuBgrx/a6l20IiPtg
DA:97,0,HH5zFcgqTB1Z0tHNp898Aw
DA:98,0,B/Fo9U4/nMeRNS1JjGZVyQ
DA:99,0,hXEQamLtR/iMKSroqTma4g
DA:100,0,ifDLLhTbHREQV++pYSW2pQ
DA:101,0,Iew1bv4O2S/dTtJIWgC56Q
DA:105,0,tPjlw7Dfqb1KS2ZjQObmqQ
DA:106,0,wsEEwCvbGQoWtpeStFex/Q
DA:107,0,euLeCFEYGmYgv61Dx6Ioiw
DA:108,0,5d/FqfyNJDQaWJb/uduc8Q
DA:109,0,voStjTnHXCur2gxMFslHFA
DA:111,0,q0b2XCcxZY9RGkVTsGZJag
DA:112,0,BjmZKsDwXXNbdXyvqW+YzA
DA:114,0,EerV2GLBNBggsGJjCMUIyw
DA:116,0,QWtYrsu3+Wvlf+SrmiZEuQ
DA:119,0,4dBA5PB6Ti6DgXrfoEcN3w
DA:120,0,e2M8qJ4NpboFCwlemMsqHg
DA:122,0,VsPGnHwKzVJPqf/3wEj7Wg
DA:123,0,6kJ7nycgZbTamP2Jc8+qAQ
DA:125,0,SiH0LxBsQ3OWyCDzTAUcFQ
DA:126,0,8Hqx+mcdrFOQflqJ0QF8Zg
DA:127,0,PplYLbyE3Lskxih16SlRVw
DA:129,0,A2PK389dQulwhXaBLEI0ng
DA:130,0,UGQyZfEz4ZdMXDKl3sOWug
DA:141,0,xlu6E62F4oyKAFSyMeknYw
DA:142,0,hlRT0H3BtIXQX/xAFCpOVA
DA:143,0,xjcDBnSwra0OiNOAYAwoHA
DA:144,0,BRnIW4BfZFbiulRTCAucGQ
DA:145,0,7LmfDo5M/09WXwr01jSvnA
DA:147,0,o7tvNiq40uwo8eP+lY5kyg
DA:148,0,NDNLu36a2Hbzlkgz1yVMSg
DA:152,0,i1WbSstA2B5gUVt1YKdJJw
DA:153,0,jB+m2eL7pInhJKdcQW6urw
DA:154,0,IAiA26aTyelwFOhntfo8KQ
DA:156,0,GnYz+aWYq6KW29w2L4+uDg
DA:168,0,1kbrxYp0ATer45p7pdzOaQ
DA:171,0,ZUTyxwyoBn8faQZBt5NirA
DA:174,0,zHENjeGagAnCHSBn0bX8vQ
DA:175,0,LeQnXWIgXf5ZeIGnEv5dDg
DA:181,0,WSpe1aRoJNI5IMgQSHdMNw
DA:183,0,Hl/0zfy/PVwmDc4NsTaFWg
DA:184,0,xvWIcpcyNr0gyGcTkdMxXw
DA:185,0,9B1PC/bG4BSVRTt280rTYQ
DA:186,0,ikTCHYFurZrX+Y2TIYuALg
DA:187,0,cZlzPwScozMzukRTqfg/ag
DA:189,0,T2aYcC58jo7CYUTH21xjLg
DA:193,0,V7uRmjj6chiNnyDqZpYJVA
DA:194,0,bfDVoBoxtB8CyzxDSHZoJw
DA:195,0,NV8ky4fraBDnn21cxqD3JQ
DA:196,0,Opx+ZW1IIPDeWjS0eXrqRQ
DA:198,0,b5Gw+XWAfOuZJfkhlVhMYg
DA:203,0,BT6XyNdG/GTgPJ8EVx73+A
DA:204,0,3UXmifni+np795HtR5HAtQ
DA:205,0,aXhh7dMwP/4H1HvynPeBVQ
DA:206,0,WSpe1aRoJNI5IMgQSHdMNw
DA:207,0,UuumfIeWisZctjlTkCCPYA
DA:208,0,2BqemQ0ji5Yi1URetL3uRA
DA:209,0,xvWIcpcyNr0gyGcTkdMxXw
DA:210,0,cfPugfHyyqt4kF95nFyhWg
DA:211,0,ikTCHYFurZrX+Y2TIYuALg
DA:212,0,cZlzPwScozMzukRTqfg/ag
DA:213,0,RQrgAAR2C0G3r5D66iY6Cg
LF:128
LH:16
end_of_record
TN:
SF:fedifetcher\mode\__init__.py
DA:1,1,OI6wP9fXnGLFCSoM9svuJQ
DA:3,1,ChYi3ufFtZPCS5mQTTt7gw
DA:4,1,t4HBRR1VQQo2yXJSaTgpkw
DA:5,1,ueDvEZSU1hS7jOSkjj1fKw
DA:7,1,V7OA4kwm249oMmgMQCzyWg
LF:4
LH:4
end_of_record
TN:
SF:fedifetcher\mode\active_users.py
DA:1,1,EC3h1DhyWwaj+03qbUZJGQ
DA:2,1,EZEzNmL93PY96zsSuI0PfQ
DA:4,1,seMomjdHvDeRNndREGiHvg
DA:5,1,6qkNUAd2bmz8bqr3kChIdA
DA:8,1,D1Aas4v2Fzyi71T4CEKmwQ
DA:12,0,viZ9IvB5XhFf9+Vm+qswCA
DA:15,0,aUgj6u4zGlbBdVzjj+Z2Xw
DA:16,0,rpKbMJqQHX4Yz2TF9j7w9Q
DA:18,0,BZ3LQv0EPN6AmExjJRo/yA
DA:19,0,LTv5OpTarAEII9kHFtTRbQ
DA:20,0,7FwsxvTdleWpecLfXt5ttw
DA:27,0,dMGqGySBBbTV+pSi/OGM9g
DA:28,0,4uxq3X1/wo28YrFE64NJIA
DA:36,0,LiwUJa7556Jpdll4gTrDpg
DA:37,0,wcben8AVU/6TM4kufnt07A
DA:43,0,JZm4X2Vz5pLjfd+oS1p1TQ
DA:44,0,SBUXqOlUhT4dTVZDN8m4bQ
DA:52,0,MV7YFDSKcgpEp8NATKOQYA
DA:53,0,K4CNH2Dr48HKm+r2lbVb+A
DA:59,0,jokiNGfV8kHHooI6Lz7RQQ
LF:19
LH:4
end_of_record
TN:
SF:fedifetcher\mode\token_posts.py
DA:1,1,ZTxSKtlmH9HUGau6+uqQMQ
DA:3,1,wE9tv44+QfQ6wvpPUjuEAw
DA:4,1,EZEzNmL93PY96zsSuI0PfQ
DA:5,1,YgPHxeUnZvGQKEq84WHuuw
DA:6,1,AbDp9qLDlwKafjK8G7EaiA
DA:8,1,eNu8M6bcV3b/wjAEOnVbjQ
DA:9,1,0kje/gYCHfvS/Y7iEfKs0w
DA:10,1,XZGKsazXjlym+Csyy1dBPg
DA:11,1,X7IU5+Uwz3QbrjJ3kx+V4g
DA:12,1,99e0apZC9YPwG3Tcg85obA
DA:13,1,v6/Q1s1owy0MidR1AW2YLQ
DA:16,1,xRzAQHgu5/VeqrCGbWYSyQ
DA:28,0,3Kr8J3I+bOUyOO58BrAqaA
DA:29,0,JKrTaShItkCOYMncv5fVhQ
DA:31,0,c/mVxPeNc5Ffw9i8n3/2/A
DA:32,0,K91wllKIao9wjXpkgEAyhA
DA:34,0,3GQEYquagzS7/yoUpsX1Hg
DA:35,0,4X2OoSK7tx/yjsnGVWHEpg
DA:43,0,V4GnhDPcJ29BdH9U5Z3ojg
DA:44,0,aQLx/kf7qlFq/1SQYYoWYQ
DA:50,0,We2Z4MujZMhb/jIQP9ttxQ
DA:52,0,56n33ZI7ak2evvbE2WK5aA
DA:53,0,0Of0ojEvcrl/qOobtgue2Q
DA:56,0,uCDyRJmIYjbKhZCUoji+7g
DA:57,0,fVQlePrnONtg52+R25AFDg
DA:59,0,HH9IoNu8ux3hPWSAe9kUOQ
DA:60,0,mtHTYeSn8Il5rIPCdpzewQ
DA:61,0,61oQav0awmFjmzEFk+cSww
DA:62,0,wJpPy8ltoTFZa6Z94wCk+A
DA:63,0,XS1cckK2zlLmd8KclWbWuA
DA:66,0,PxhUE12gnTCwWOdoeH+buQ
DA:70,0,DhhGJ+AdIja09NWXQ+hEug
DA:73,0,NAMVwJhwXM8Z4Q4IxdnjQQ
DA:74,0,VU4nvjaEp7n7ELj/xMhwNw
DA:75,0,eohes0YQpHYSBB/vb+K/Bg
DA:76,0,pQ0R1FXU+c+G/MP3NgDL8Q
DA:77,0,xRIuXToJvWfn68onVQKgSA
DA:78,0,ENFYkcZfuR3CvMQ4f2Lm0A
DA:79,0,rY2lv7q3PtybpWx0I2CIwg
DA:80,0,RJsShW2cHla7bM5Cy9I54Q
DA:81,0,jZ8gnMDFB5UrA2iePFdwEA
DA:82,0,37hoDB8KObv7vUM/TzvUtQ
DA:83,0,2PV52i3zyUu1WtIWcVlbCA
DA:84,0,dg86fV/Jle41MhPYDHmwhQ
DA:85,0,E1cg0NjimsEnW/lrHgGw6w
DA:86,0,FstxutSE/RrFQxePmsbDLg
DA:87,0,/Bi0my58LUOMXRblyhlUgQ
DA:88,0,TlG3W9MdR4aLCFSg+FYKUQ
DA:90,0,L3mUsnczEors+0I8tf1JbQ
DA:91,0,cVcBKO0zLnpDP0AtpesVmw
DA:92,0,a6rBGvD8IAseZxP2G2P3xA
DA:93,0,03ys96xU1gr2Ju6liwOKKw
DA:106,0,S3DdcvsITQzji7jcH+oXMg
DA:108,0,0KR3avg40J/el3iQ08LEVw
DA:109,0,+lawjzEVMpkCNyzZU0viTQ
DA:111,0,BW9mw1L85h8oqv+DRT4ibQ
DA:112,0,gJgdW4AM1XWCr8AtHkAK3A
DA:115,0,Hd1NstpXsqCIZEwR2voveg
DA:116,0,fJLWvZbdLv/sog3EaLQoXg
DA:123,0,69X0WLKz/a1qEnu40AbXBA
DA:124,0,eWhi9N/U/GViQr/0SzR8cQ
DA:132,0,Gff2/YX79RjTezLZFT8EIQ
DA:133,0,YrPKeE3IXsPWFXYtyOu4Cg
DA:139,0,zpfTNhh28HcXBB3SfmRkwg
DA:140,0,uKlnp5KEKfjQ6yONohE3lg
DA:148,0,odgmgF7IZ0FWCbWtCtLBAA
DA:149,0,DlAiMUsCYG0oeFCHhq3tGA
DA:155,0,TluqH449xBeJd319pFf5FQ
DA:156,0,iVPUNH1/ZNgvBj2Zw9xf+w
DA:157,0,0Of0ojEvcrl/qOobtgue2Q
DA:159,0,KeM39N7dYTvO4k0yfU0Lng
DA:166,0,1pVkwfYODP9cY10jFgRHPQ
DA:167,0,03ys96xU1gr2Ju6liwOKKw
DA:176,0,TluqH449xBeJd319pFf5FQ
DA:177,0,kPQXboEURb2e3pwFoo4lCg
DA:178,0,0Of0ojEvcrl/qOobtgue2Q
DA:180,0,Ckjv4xaoHbkMoaW+2ak2PQ
DA:187,0,3i9QmAIv9EEC0y+PhONmjw
DA:188,0,03ys96xU1gr2Ju6liwOKKw
DA:198,0,TluqH449xBeJd319pFf5FQ
DA:199,0,jjxEdb0V67Gn5oP9bTH58g
DA:200,0,T2aYcC58jo7CYUTH21xjLg
DA:202,0,Jjjl5r8VBflLP01tGTYNnQ
DA:208,0,ymZodUXDtKAN8ePhQuOp0g
DA:209,0,IUxZZoWytS9XLydlC1oaLQ
DA:219,0,We2Z4MujZMhb/jIQP9ttxQ
DA:220,0,eFd4h4O2gu4P1cUa1j6Luw
DA:221,0,T2aYcC58jo7CYUTH21xjLg
DA:223,0,EmMfF8JcZYpZD2DFKB9deA
DA:229,0,nFhtvu+hl/adYUaJdaMOsw
DA:230,0,IUxZZoWytS9XLydlC1oaLQ
DA:240,0,We2Z4MujZMhb/jIQP9ttxQ
DA:241,0,VwU8Lay7tTy9KYHkbedtbg
DA:242,0,T2aYcC58jo7CYUTH21xjLg
DA:244,0,a6PIDo42+/ds2cNbBk3vuA
DA:247,0,kLTAcBcy4ayPQnL/q1NwSg
DA:248,0,4X2OoSK7tx/yjsnGVWHEpg
DA:256,0,ESwuOlxGE2x4Qbdra/IEOw
DA:257,0,aQLx/kf7qlFq/1SQYYoWYQ
DA:263,0,We2Z4MujZMhb/jIQP9ttxQ
DA:264,0,uulaQXEaKso7GPOKvdjn2w
DA:265,0,T2aYcC58jo7CYUTH21xjLg
DA:267,0,DpCksyLseXSABE5VgN56qw
DA:271,0,4nrT5w8+z8R7OdgDemVRvg
DA:272,0,4X2OoSK7tx/yjsnGVWHEpg
DA:280,0,ESwuOlxGE2x4Qbdra/IEOw
DA:281,0,aQLx/kf7qlFq/1SQYYoWYQ
DA:287,0,We2Z4MujZMhb/jIQP9ttxQ
LF:107
LH:11
end_of_record
TN:
SF:fedifetcher\mode\trending_posts.py
DA:1,1,XfxQxuJ7BFw4Q7nRDfVzDQ
DA:2,1,EZEzNmL93PY96zsSuI0PfQ
DA:4,1,seMomjdHvDeRNndREGiHvg
DA:5,1,D+l6YWsHWuGi25qlImrd5A
DA:6,1,3tRXGucMZogsbrLVXyojDw
DA:9,1,Anaa0B5h4dbOlit+SvDBVQ
DA:11,0,2F88GUm8ssVPckKC/8X7tg
DA:12,0,iCnRHXRTlfMc3IFnsQMfIg
DA:13,0,xEL0fAjfJT3JW+RGN/QJ3Q
DA:20,0,pASofqrDtlcaY2MKiB1bzQ
DA:22,0,Vb19fj5fWL3aVHfHB+fhaw
DA:26,0,0+wjX4bQrsc7diq7CTQJjw
DA:27,0,60gMTIQ/UqFqSakIokF+9g
DA:28,0,FF4B9yAtS0n2R+uUYZnjWQ
DA:31,0,p9OLTCusfDG78wqm1GFSTw
DA:32,0,Q8PS0j/Hz4NodBBCL32A2w
DA:33,0,ya1RJ0HLgyPKWVF52AY+AA
DA:34,0,vOK8aDAK3JLvZNqDXGEzJw
DA:35,0,ui0ILG304vmvxq/3SFvDpw
DA:36,0,UVtliV2R1xgn435+dbyKEA
DA:38,0,Z+o3GsG4WSjfNVOldPWzDA
DA:39,0,LOOsFoFGAcnSSwesqEYfrQ
DA:40,0,Bpovu6v0Ag4YYT83/TEZKQ
DA:41,0,UIV1yeG8QMNgiTqvCNr2qg
DA:42,0,OgIahKIuqjAGo6BQuVH6kg
DA:46,0,5g0a1eeZFDbi2FFpzqLY1w
DA:47,0,4IMj+EZ0x/P70UmTUbgZsA
DA:51,0,N6HwadEmuO4AoulzYqljTA
DA:52,0,kH06a/a/syc3pKBy24UUoQ
DA:54,0,98LtOCxOY+kFf6O9OFVaTw
DA:87,0,uYsOYxXSikgbhDAYkOVHmg
DA:88,0,pASofqrDtlcaY2MKiB1bzQ
DA:91,0,UeQOgHJ/yTVGZMTxudU5ag
DA:99,0,Hm1FwNnHTkxKRxUciN6spQ
DA:100,0,og5LKrTP2Z41+489Rb3jFg
DA:102,0,K4CNH2Dr48HKm+r2lbVb+A
DA:108,0,jokiNGfV8kHHooI6Lz7RQQ
LF:36
LH:5
end_of_record
TN:
SF:fedifetcher\parsers.py
DA:1,1,ojrHJPspVZ6HdjS0PDBNgQ
DA:8,1,EZEzNmL93PY96zsSuI0PfQ
DA:9,1,p7hNY1S5rX9QtYADf+cK4g
DA:12,1,f60sKvbbIMOnDCPTTFfB+Q
DA:25,1,giCtmmfn16DGIKccwpOCbg
DA:38,1,jiOgymo36Fv0vV7fZSeMpg
DA:39,1,lMVKdhRgi8f70+v5pFhlbQ
DA:40,1,cwzem8LCx706frGEVkemCA
DA:41,1,apkQQtiiE4JOuDIBvLOUjQ
DA:43,1,o2vgLza1pOxY6HxweR6gkA
DA:50,1,mzx4Fy67e9yHW7Yd3LB2Ow
DA:51,1,zDgnqEnzFjLP0g6yh2Yxcg
DA:52,1,lMVKdhRgi8f70+v5pFhlbQ
DA:53,1,2sBNdM7fy7biR/HTtySjwg
DA:55,1,iA+RDWxsWV9v7eMG6a68jQ
DA:56,1,UntDfNWeIJlMcYl/4Lg0pA
DA:58,1,09A5xlMnBPF6lfBjdn7PFA
DA:75,1,Xv70BoG+T7JnQDj6UH6NIg
DA:88,1,jiOgymo36Fv0vV7fZSeMpg
DA:89,1,lMVKdhRgi8f70+v5pFhlbQ
DA:90,1,g4xYrUqSe52c1l8++lIMZw
DA:91,1,apkQQtiiE4JOuDIBvLOUjQ
DA:93,1,n4TUMj6gqMylqbXDMifOXg
DA:94,1,ExkmexpNbJ8AjoOc0Slyfg
DA:96,1,vgG7PHHBVQaj62uSP0llhQ
DA:105,1,jb+qJCugWbAAaJ9PuIV0Mg
DA:106,1,+G6m3+IrizLYkXqHyUY0NQ
DA:107,1,Jr448hw01C/TGzSUC9IU5A
DA:108,1,NOy7lTS8YMBitD5vyjqQ6w
DA:109,1,m4acHPx3IFMLTy9/DLUpIQ
DA:111,1,/Dq42pqQEGMonc+8TX98sQ
DA:112,1,ehTbElby4bZN/zxEgTi9EA
DA:113,1,OiHnSyqYqBZvpfOTBTwovQ
DA:115,1,4BZs8mCrWX2VLOHXdX3x9w
LF:33
LH:33
end_of_record
TN:
SF:tests\__init__.py
DA:1,1,29qLoDmfrGFPz4hQmh7uaw
DA:3,1,3bK+twEqq6M0bSEMj0qLng
DA:5,1,wtxjrmBNVp/dyLfWQ3ixWw
LF:2
LH:2
end_of_record
TN:
SF:tests\test_api_firefish.py
DA:1,1,wckc8tqgin8tpWQqiHWG5g
DA:2,1,wWrfwU1ZEbCo3lNm0msPUQ
DA:3,1,D6agPFhuBKUQPQZg24bCMA
DA:5,1,6EqVyswJtxIE+9LVqyxOlA
DA:7,1,1Ga+tNITAmWRZqn58hUf+w
DA:8,1,HcgoPhUeDl7jnxMQd399Ug
DA:14,1,ZJhBcWt5cyC/jA+XerNhWw
DA:16,1,+xtTgS+AY+kumG6oSNPDKQ
DA:17,1,qFr/2Naq9LYiVFYy750cYA
DA:19,1,uuTTDbgZsdktdZokClaEGg
DA:25,1,2UyOtsMgpB7Y0w/F7vx0hQ
DA:26,1,ef84cTN5dUuNSV+MdeuzUA
DA:28,1,A9zCOwHSd2awnkDcxd/pSg
DA:29,1,o0p/mSLU7hanBAlrRVHE1A
DA:31,1,iqPVMZU0abxS7PVbm959pA
DA:33,1,Vzkz6khBHfwT04/VrnJLMw
DA:34,1,nnoPdelwI55RXUA4DFz40g
DA:39,1,S9/fFijF9jCXm1OeDhQTOQ
DA:40,1,LVmSm8rPFC9aOzyoNnq7Rg
DA:41,1,3E7Xskv52NAuTsV99wk4jg
DA:43,1,KZGjiIg4uDDsNRKB2WXSfg
DA:45,1,nnoPdelwI55RXUA4DFz40g
DA:50,1,Jptxaxt5UXjluNWr0Ha9IQ
DA:51,1,LVmSm8rPFC9aOzyoNnq7Rg
DA:52,1,3E7Xskv52NAuTsV99wk4jg
DA:55,1,RrYbGkZ4PcY977RFsGEPDQ
DA:56,1,KMmPN3KOFkw2LGJhoW6ozQ
DA:58,1,TH3s+595DarC+GNDY/mClA
DA:60,1,2eyXFt0rJymc286oW4P8hQ
DA:64,1,7WfUO3WXDIdBVf/nBA120g
DA:65,1,m99WvYTDuYoNc7eccuOkHA
DA:66,1,3E7Xskv52NAuTsV99wk4jg
DA:68,1,vQ+5hhKGk+34/uNywB8zcw
DA:70,1,2eyXFt0rJymc286oW4P8hQ
DA:74,1,5o9IwvAOWd0zsP64SGzfRA
DA:75,1,m99WvYTDuYoNc7eccuOkHA
DA:76,1,3E7Xskv52NAuTsV99wk4jg
DA:78,1,un/WBICvEVK7BkhdfgjGWQ
DA:80,1,2eyXFt0rJymc286oW4P8hQ
DA:84,1,Jptxaxt5UXjluNWr0Ha9IQ
DA:85,1,m99WvYTDuYoNc7eccuOkHA
DA:86,1,3E7Xskv52NAuTsV99wk4jg
DA:88,1,9JOGE5hM6Gz5hdkBXrJndA
DA:90,1,2eyXFt0rJymc286oW4P8hQ
DA:94,1,Jptxaxt5UXjluNWr0Ha9IQ
DA:95,1,m99WvYTDuYoNc7eccuOkHA
DA:96,1,3E7Xskv52NAuTsV99wk4jg
DA:98,1,PvPjhbvC/5inO4Kd92Ad3w
DA:100,1,2eyXFt0rJymc286oW4P8hQ
DA:104,1,Jptxaxt5UXjluNWr0Ha9IQ
DA:105,1,m99WvYTDuYoNc7eccuOkHA
DA:106,1,3E7Xskv52NAuTsV99wk4jg
DA:108,1,+eZlG3KzasWf1EXwVBdftg
DA:110,1,2eyXFt0rJymc286oW4P8hQ
DA:114,1,Jptxaxt5UXjluNWr0Ha9IQ
DA:115,1,m99WvYTDuYoNc7eccuOkHA
DA:116,1,3E7Xskv52NAuTsV99wk4jg
DA:118,1,8GMVW9OgUjt0GjCxYFaDRQ
DA:120,1,2eyXFt0rJymc286oW4P8hQ
DA:124,1,Jptxaxt5UXjluNWr0Ha9IQ
DA:125,1,m99WvYTDuYoNc7eccuOkHA
DA:126,1,3E7Xskv52NAuTsV99wk4jg
DA:128,1,M9b3PRJ4pcWpqNziZGAyyg
DA:130,1,2eyXFt0rJymc286oW4P8hQ
DA:134,1,Jptxaxt5UXjluNWr0Ha9IQ
DA:135,1,m99WvYTDuYoNc7eccuOkHA
DA:136,1,3E7Xskv52NAuTsV99wk4jg
DA:138,1,vNsjAXx4+0Jrjbh5JbO8zw
DA:140,1,2eyXFt0rJymc286oW4P8hQ
DA:143,1,Jptxaxt5UXjluNWr0Ha9IQ
DA:144,1,m99WvYTDuYoNc7eccuOkHA
DA:145,1,3E7Xskv52NAuTsV99wk4jg
DA:147,1,A5T6daD7Sq1FkmtgWgrRhw
DA:148,1,imye9ipqDSxatWQj6jfeRA
DA:150,1,+OFDHNsIvDbRVKTcIIBNmA
DA:155,1,0Y4z3noRdF6uEi+Xr10Mtw
DA:157,1,1HedqvTDzRpaepY7a/eEhA
DA:159,1,SgpvwuAay6iaD0ZD+wjWmA
DA:160,1,5o9IwvAOWd0zsP64SGzfRA
DA:161,1,7qJzahcA6/wM1vYpnSnxag
DA:162,1,3E7Xskv52NAuTsV99wk4jg
DA:164,1,gEjyZpbPp6cUub0ZVz51sw
DA:166,1,ty4CBFRO2F93Z+VZxgdnhA
DA:167,1,Jptxaxt5UXjluNWr0Ha9IQ
DA:168,1,7qJzahcA6/wM1vYpnSnxag
DA:169,1,3E7Xskv52NAuTsV99wk4jg
DA:171,1,wY22gVgvNFN6C3DIHVBHEQ
DA:172,1,lyFfBGsPTbitRC4QZGZADg
DA:174,1,nIR2v6xH4AnJk0tmIR8Vow
DA:176,1,1dhoPb35FfA8peIStATizA
DA:181,1,h3TqakzLghVKfYqMjru7iA
DA:192,1,FgJ8RlxBT1wPBItY3ONplg
DA:205,1,/MYR0Kp7cC+2Xf0a/TBX5A
DA:223,1,vY3mpbfAG7EN2+iEXBKSkw
DA:224,1,e+G0bQiW1E43GgXpMltlMQ
DA:226,1,CRpBRI9p4Qpf01NKNxSiJg
DA:227,1,kuWtXrJsnaCGYFBZBLlKVA
DA:228,1,XIvCB5DJnYp5xmoJtKv93w
DA:229,1,T5abtw/LfHVC6xvdP3dxNw
DA:230,1,/DaD+n6Ysr+ws8LGH9/+Hw
DA:233,1,hRIQQBVyiauYFZSAC4Uzew
DA:235,1,Zm/CVLb+N/L+031nQxZUkA
DA:289,1,M7OSLjNFBJh3Q/N3qfgnjQ
DA:295,1,vY3mpbfAG7EN2+iEXBKSkw
DA:296,1,zLbtNHhVCmUQCHz8G6ILBw
DA:297,1,Erl8HLDwWkVLYMMZZ1mDFA
DA:298,1,3Bl0GBofNI16AW7iN0OmTQ
DA:299,1,aXRvMp3mHoGIl3jKeRDrqg
DA:300,1,0IIOA5leXSSNSRjNayC40Q
DA:304,1,A4ZhsJxBUcQHmRYfSQvFVw
DA:305,1,vkLzPXbVTy7BSK1rlOQXCw
DA:307,1,6HFLkg7KK8yNI0beqkDMiw
DA:309,1,O9LB4PPmDkRW5wavZSP09g
DA:318,1,SwrehXVF6sb2BfPCUU+TXg
DA:331,1,Q31bVSc2CNqeDWUT1dW7kA
DA:355,1,fgkTDP1D5gns2dKl148xZw
DA:356,1,90m0oijLzX2PpTqQGrpGqA
DA:357,1,aVYzTIpe33lZJcRQJhlgJg
DA:358,1,bkh6tLbgNM5avvDpAHsYdw
DA:359,1,N9/S/W0aNx6Uxsjo7gluCg
DA:362,1,MT6HHrB5gF3CvGXL16S8JA
DA:364,1,mX9VnkoZkq7glYvGzDZl5g
DA:365,1,fgkTDP1D5gns2dKl148xZw
DA:366,1,Jptxaxt5UXjluNWr0Ha9IQ
DA:367,1,aVYzTIpe33lZJcRQJhlgJg
DA:368,1,3E7Xskv52NAuTsV99wk4jg
DA:371,1,R465XXPlSxbmuYxdCTyqkQ
DA:372,1,FLuAixs5jFUq7PLw4tjY3Q
DA:374,1,9bywEJWAaeZUPL8dnE/pYA
DA:375,1,8mZgWrxF4aGiK9T7gkbdOA
DA:377,1,BSoAbqCKhErEC1ZQMTi7yA
DA:386,1,mvvFYmaIvSMFQBHwwuUHIw
DA:400,1,UKetns6xVnKKhJyuD6SF4w
DA:403,1,UA/Jojn4tamnVlxt2bZo3Q
DA:405,1,pNNahv2otjf0qkuMuPGtxA
DA:408,1,rlzRD0Xh9M/0grhBqNMfCw
DA:409,1,QGchODUBtfQpig4jRi8Fpg
DA:410,1,OMc0nFnoftD2AUglG8x7Qg
DA:412,1,kPVmQkxuHM3Q2fgfo+nk4Q
DA:414,1,bv19E5jXjsgDSDjlEGUeoQ
DA:415,1,QGchODUBtfQpig4jRi8Fpg
DA:416,1,9SVCTjC7ec5mU9WlEll1qg
DA:418,1,5FC35H31kOd3x/y39Djgzw
DA:420,1,mpXpKMc9yNPJzPcShSVaDw
DA:421,1,KOzyiPyOTZqDd6XeC3TD4g
DA:423,1,n1HGLhBZDqqSPw/4+aFsUw
DA:424,1,xcKG9E7KQ1b38npFOfrlHA
DA:425,1,NDeZNhAo+B8NHIlDA+18FA
DA:426,1,v6Q1SViyKn3AXGXPiHxfig
DA:428,1,jtkQ+sjUQrSy3HEQYgNLTQ
DA:430,1,mpXpKMc9yNPJzPcShSVaDw
DA:431,1,/dHi0bx0W/KBJf4+FmZytg
DA:432,1,3VMiOIBE96gGoO1tdSExgA
DA:433,1,Dc3We0RX7HNRX7mT01hJlA
DA:434,1,NDeZNhAo+B8NHIlDA+18FA
DA:435,1,v6Q1SViyKn3AXGXPiHxfig
DA:437,1,cxvKpNS2lsF4iF+FtLpxGQ
DA:439,1,mpXpKMc9yNPJzPcShSVaDw
DA:440,1,iSxhZ6i6jijmxagWztTQgw
DA:442,1,n1HGLhBZDqqSPw/4+aFsUw
DA:443,1,W4fFSbaebUGrb+K/mTwZ7w
DA:444,1,yImQUXzrEisNYbTBg4Z2Mw
DA:445,1,v6Q1SViyKn3AXGXPiHxfig
DA:447,1,gRCyEOy/gIJIrV0TcMOc4w
DA:449,1,mpXpKMc9yNPJzPcShSVaDw
DA:450,1,My5rum4uLFFCC7nAG5ippg
DA:451,1,K6A0hjfyj1wlPi47s33/mA
DA:452,1,rQvvrOXvh9slC8B+2D8efA
DA:454,1,QfB8T26rLYgLa1E2Y2+OhA
DA:455,1,NfqSo+PeuvcBJLRWBD+aCg
DA:458,1,NRgv04rgSyY9e4G4zhMm4w
DA:459,1,ge1YNw/S4g58/G7fu9RZRg
DA:462,1,v6Q1SViyKn3AXGXPiHxfig
DA:465,1,xQVNdxAJxuGw1z9RcZmDQw
DA:466,0,eeZTr02NGAz3zvX2DcF6CA
LF:167
LH:166
end_of_record
TN:
SF:tests\test_parsers.py
DA:1,1,pPuiUaDgGB9o75dz+dtBCQ
DA:2,1,6EqVyswJtxIE+9LVqyxOlA
DA:4,1,uInPnW4GULGJxa/Y/GgacA
DA:7,1,ZSKSq+DjT50NRGnTMFfPlg
DA:8,1,jBuATAjVI+Xgqt70c+GmSw
DA:10,1,X97c0b5tbQB2gf29kpi50w
DA:11,1,+eo1Gx4AQHmd2yQ6UOmd1g
DA:13,1,ljGLV+FAOY8BXjWDyIiuhQ
DA:15,1,6jjiR3I0MyDq0J6cXNMkZA
DA:16,1,EUqcGCSFPelsMX+wwqtIaw
DA:17,1,MNWW8KeXlzbgUchpJ+LoMA
DA:18,1,3E7Xskv52NAuTsV99wk4jg
DA:20,1,hGpbGkGlt5BXvtkhZTnUJg
DA:22,1,IfkMkDSPVmaVLcS0YMs1ug
DA:23,1,UPgSCvufUtkugM6eIQ9cFg
DA:24,1,MNWW8KeXlzbgUchpJ+LoMA
DA:25,1,3E7Xskv52NAuTsV99wk4jg
DA:27,1,KrgptfAusrNf8yDMBARqyw
DA:29,1,7jGF3DSMt6C5VychAJVvdQ
DA:30,1,75TmZejx8EvViCOV+LGPdw
DA:31,1,MNWW8KeXlzbgUchpJ+LoMA
DA:32,1,3E7Xskv52NAuTsV99wk4jg
DA:34,1,LeJG5IM2iMXD6RgMZ8Uczw
DA:36,1,ll2gOrobQwkBxBavTd2fBg
DA:37,1,Nf2zs+mvLy6Q8UaS6nP4Fw
DA:38,1,MNWW8KeXlzbgUchpJ+LoMA
DA:39,1,3E7Xskv52NAuTsV99wk4jg
DA:41,1,Ue75iYB4xAm4i6SUzgGZqQ
DA:43,1,LJL2D2ajFBk8eW09fWJtfw
DA:44,1,ycgdMD205/6EYG3h0hHvGA
DA:45,1,MNWW8KeXlzbgUchpJ+LoMA
DA:46,1,3E7Xskv52NAuTsV99wk4jg
DA:48,1,2UyOtsMgpB7Y0w/F7vx0hQ
DA:49,1,h+wOVjzHC4BEe0G0Mp7IMw
DA:51,1,ljGLV+FAOY8BXjWDyIiuhQ
DA:53,1,qakBGDhaV8wJtGhBOy9Z/Q
DA:54,1,wiwsa/Kd8kY/8FhZWZcSZg
DA:55,1,B7qXNY+uit/sfSdDGv+REQ
DA:56,1,3E7Xskv52NAuTsV99wk4jg
DA:58,1,GtWttHB536YO0qC8dbVsKg
DA:60,1,Xzoks23bJHFd43+QSjFVUA
DA:61,1,wiwsa/Kd8kY/8FhZWZcSZg
DA:62,1,B7qXNY+uit/sfSdDGv+REQ
DA:63,1,3E7Xskv52NAuTsV99wk4jg
DA:65,1,hGpbGkGlt5BXvtkhZTnUJg
DA:67,1,tdAq21s35Z2IlBLZT9us9g
DA:68,1,njZkK7KK5sMTkDirXFWL6A
DA:69,1,B7qXNY+uit/sfSdDGv+REQ
DA:70,1,3E7Xskv52NAuTsV99wk4jg
DA:72,1,LeJG5IM2iMXD6RgMZ8Uczw
DA:74,1,v4SEksaQrXuFk+/h+mAzvQ
DA:75,1,2cPCQgkUIEgp9KW6IxO6TQ
DA:76,1,B7qXNY+uit/sfSdDGv+REQ
DA:77,1,3E7Xskv52NAuTsV99wk4jg
DA:79,1,jPIFUORttq5Wg7Au7hF8cg
DA:81,1,OPPvrkh+Ah7m0nMLW2rCCA
DA:82,1,aue5BlJfnwriL8V+2NBs8g
DA:83,1,B7qXNY+uit/sfSdDGv+REQ
DA:84,1,3E7Xskv52NAuTsV99wk4jg
DA:86,1,KrgptfAusrNf8yDMBARqyw
DA:88,1,BcQJQL5SeEqdAR4fgHkMXA
DA:89,1,jv8MZkjm/zVJi7SqCg3Z3A
DA:90,1,B7qXNY+uit/sfSdDGv+REQ
DA:91,1,3E7Xskv52NAuTsV99wk4jg
DA:93,1,Ue75iYB4xAm4i6SUzgGZqQ
DA:95,1,LJL2D2ajFBk8eW09fWJtfw
DA:96,1,wJUDZLnA6ygyU+8iU9hQKA
DA:97,1,B7qXNY+uit/sfSdDGv+REQ
DA:98,1,3E7Xskv52NAuTsV99wk4jg
DA:101,1,xQVNdxAJxuGw1z9RcZmDQw
DA:102,0,eeZTr02NGAz3zvX2DcF6CA
LF:67
LH:66
end_of_record
